L 11/20/2021 - 00:23:19: Start of error session.
L 11/20/2021 - 00:23:19: Info (map "de_dust2_cz") (file "addons/amxmodx/logs/error_20211120.log")
L 11/20/2021 - 00:23:19: [ZP ROTD] Invalid Player (0)
L 11/20/2021 - 00:23:19: [AMXX] Displaying debug trace (plugin "zp50_class_human_raptor.amxx", version "1.0.0")
L 11/20/2021 - 00:23:19: [AMXX] Run time error 10: native error (native "zp_class_human_get_current")
L 11/20/2021 - 00:23:19: [AMXX]    [0] zp50_class_human_raptor.sma::fw_TouchWeapon (line 93)
L 11/20/2021 - 00:23:19: [ZP ROTD] Invalid Player (0)
L 11/20/2021 - 00:23:19: [AMXX] Displaying debug trace (plugin "zp50_class_human_raptor.amxx", version "1.0.0")
L 11/20/2021 - 00:23:19: [AMXX] Run time error 10: native error (native "zp_class_human_get_current")
L 11/20/2021 - 00:23:19: [AMXX]    [0] zp50_class_human_raptor.sma::fw_TouchWeapon (line 93)
L 11/20/2021 - 00:23:19: [ZP ROTD] Invalid Player (0)
L 11/20/2021 - 00:23:19: [AMXX] Displaying debug trace (plugin "zp50_class_human_raptor.amxx", version "1.0.0")
L 11/20/2021 - 00:23:19: [AMXX] Run time error 10: native error (native "zp_class_human_get_current")
L 11/20/2021 - 00:23:19: [AMXX]    [0] zp50_class_human_raptor.sma::fw_TouchWeapon (line 93)
L 11/20/2021 - 00:23:19: [ZP ROTD] Invalid Player (0)
L 11/20/2021 - 00:23:19: [AMXX] Displaying debug trace (plugin "zp50_class_human_raptor.amxx", version "1.0.0")
L 11/20/2021 - 00:23:19: [AMXX] Run time error 10: native error (native "zp_class_human_get_current")
L 11/20/2021 - 00:23:19: [AMXX]    [0] zp50_class_human_raptor.sma::fw_TouchWeapon (line 93)
L 11/20/2021 - 00:23:20: [ZP ROTD] Invalid Player (0)
L 11/20/2021 - 00:23:20: [AMXX] Displaying debug trace (plugin "zp50_class_human_raptor.amxx", version "1.0.0")
L 11/20/2021 - 00:23:20: [AMXX] Run time error 10: native error (native "zp_class_human_get_current")
L 11/20/2021 - 00:23:20: [AMXX]    [0] zp50_class_human_raptor.sma::fw_TouchWeapon (line 93)
L 11/20/2021 - 00:23:20: [ZP ROTD] Invalid Player (0)
L 11/20/2021 - 00:23:20: [AMXX] Displaying debug trace (plugin "zp50_class_human_raptor.amxx", version "1.0.0")
L 11/20/2021 - 00:23:20: [AMXX] Run time error 10: native error (native "zp_class_human_get_current")
L 11/20/2021 - 00:23:20: [AMXX]    [0] zp50_class_human_raptor.sma::fw_TouchWeapon (line 93)
L 11/20/2021 - 00:23:20: [ZP ROTD] Invalid Player (0)
L 11/20/2021 - 00:23:20: [AMXX] Displaying debug trace (plugin "zp50_class_human_raptor.amxx", version "1.0.0")
L 11/20/2021 - 00:23:20: [AMXX] Run time error 10: native error (native "zp_class_human_get_current")
L 11/20/2021 - 00:23:20: [AMXX]    [0] zp50_class_human_raptor.sma::fw_TouchWeapon (line 93)
L 11/20/2021 - 00:23:20: [ZP ROTD] Invalid Player (0)
L 11/20/2021 - 00:23:20: [AMXX] Displaying debug trace (plugin "zp50_class_human_raptor.amxx", version "1.0.0")
L 11/20/2021 - 00:23:20: [AMXX] Run time error 10: native error (native "zp_class_human_get_current")
L 11/20/2021 - 00:23:20: [AMXX]    [0] zp50_class_human_raptor.sma::fw_TouchWeapon (line 93)
L 11/20/2021 - 00:23:21: [ZP ROTD] Invalid Player (0)
L 11/20/2021 - 00:23:21: [AMXX] Displaying debug trace (plugin "zp50_class_human_raptor.amxx", version "1.0.0")
L 11/20/2021 - 00:23:21: [AMXX] Run time error 10: native error (native "zp_class_human_get_current")
L 11/20/2021 - 00:23:21: [AMXX]    [0] zp50_class_human_raptor.sma::fw_TouchWeapon (line 93)
L 11/20/2021 - 00:23:21: [ZP ROTD] Invalid Player (0)
L 11/20/2021 - 00:23:21: [AMXX] Displaying debug trace (plugin "zp50_class_human_raptor.amxx", version "1.0.0")
L 11/20/2021 - 00:23:21: [AMXX] Run time error 10: native error (native "zp_class_human_get_current")
L 11/20/2021 - 00:23:21: [AMXX]    [0] zp50_class_human_raptor.sma::fw_TouchWeapon (line 93)
L 11/20/2021 - 00:23:21: [ZP ROTD] Invalid Player (0)
L 11/20/2021 - 00:23:21: [AMXX] Displaying debug trace (plugin "zp50_class_human_raptor.amxx", version "1.0.0")
L 11/20/2021 - 00:23:21: [AMXX] Run time error 10: native error (native "zp_class_human_get_current")
L 11/20/2021 - 00:23:21: [AMXX]    [0] zp50_class_human_raptor.sma::fw_TouchWeapon (line 93)
L 11/20/2021 - 00:23:22: [ZP ROTD] Invalid Player (0)
L 11/20/2021 - 00:23:22: [AMXX] Displaying debug trace (plugin "zp50_class_human_raptor.amxx", version "1.0.0")
L 11/20/2021 - 00:23:22: [AMXX] Run time error 10: native error (native "zp_class_human_get_current")
L 11/20/2021 - 00:23:22: [AMXX]    [0] zp50_class_human_raptor.sma::fw_TouchWeapon (line 93)
L 11/20/2021 - 00:23:22: [ZP ROTD] Invalid Player (40)
L 11/20/2021 - 00:23:22: [AMXX] Displaying debug trace (plugin "zp50_class_human_raptor.amxx", version "1.0.0")
L 11/20/2021 - 00:23:22: [AMXX] Run time error 10: native error (native "zp_class_human_get_current")
L 11/20/2021 - 00:23:22: [AMXX]    [0] zp50_class_human_raptor.sma::fw_TouchWeapon (line 93)
L 11/20/2021 - 00:23:22: [ZP ROTD] Invalid Player (0)
L 11/20/2021 - 00:23:22: [AMXX] Displaying debug trace (plugin "zp50_class_human_raptor.amxx", version "1.0.0")
L 11/20/2021 - 00:23:22: [AMXX] Run time error 10: native error (native "zp_class_human_get_current")
L 11/20/2021 - 00:23:22: [AMXX]    [0] zp50_class_human_raptor.sma::fw_TouchWeapon (line 93)
L 11/20/2021 - 00:23:22: [ZP ROTD] Invalid Player (0)
L 11/20/2021 - 00:23:22: [AMXX] Displaying debug trace (plugin "zp50_class_human_raptor.amxx", version "1.0.0")
L 11/20/2021 - 00:23:22: [AMXX] Run time error 10: native error (native "zp_class_human_get_current")
L 11/20/2021 - 00:23:22: [AMXX]    [0] zp50_class_human_raptor.sma::fw_TouchWeapon (line 93)
L 11/20/2021 - 00:23:22: [ZP ROTD] Invalid Player (63)
L 11/20/2021 - 00:23:22: [AMXX] Displaying debug trace (plugin "zp50_class_human_raptor.amxx", version "1.0.0")
L 11/20/2021 - 00:23:22: [AMXX] Run time error 10: native error (native "zp_class_human_get_current")
L 11/20/2021 - 00:23:22: [AMXX]    [0] zp50_class_human_raptor.sma::fw_TouchWeapon (line 93)
L 11/20/2021 - 00:23:22: [ZP ROTD] Invalid Player (0)
L 11/20/2021 - 00:23:22: [AMXX] Displaying debug trace (plugin "zp50_class_human_raptor.amxx", version "1.0.0")
L 11/20/2021 - 00:23:22: [AMXX] Run time error 10: native error (native "zp_class_human_get_current")
L 11/20/2021 - 00:23:22: [AMXX]    [0] zp50_class_human_raptor.sma::fw_TouchWeapon (line 93)
L 11/20/2021 - 00:23:22: [ZP ROTD] Invalid Player (0)
L 11/20/2021 - 00:23:22: [AMXX] Displaying debug trace (plugin "zp50_class_human_raptor.amxx", version "1.0.0")
L 11/20/2021 - 00:23:22: [AMXX] Run time error 10: native error (native "zp_class_human_get_current")
L 11/20/2021 - 00:23:22: [AMXX]    [0] zp50_class_human_raptor.sma::fw_TouchWeapon (line 93)
L 11/20/2021 - 00:23:22: [ZP ROTD] Invalid Player (0)
L 11/20/2021 - 00:23:22: [AMXX] Displaying debug trace (plugin "zp50_class_human_raptor.amxx", version "1.0.0")
L 11/20/2021 - 00:23:22: [AMXX] Run time error 10: native error (native "zp_class_human_get_current")
L 11/20/2021 - 00:23:22: [AMXX]    [0] zp50_class_human_raptor.sma::fw_TouchWeapon (line 93)
L 11/20/2021 - 00:23:22: [ZP ROTD] Invalid Player (0)
L 11/20/2021 - 00:23:22: [AMXX] Displaying debug trace (plugin "zp50_class_human_raptor.amxx", version "1.0.0")
L 11/20/2021 - 00:23:22: [AMXX] Run time error 10: native error (native "zp_class_human_get_current")
L 11/20/2021 - 00:23:22: [AMXX]    [0] zp50_class_human_raptor.sma::fw_TouchWeapon (line 93)
L 11/20/2021 - 00:23:22: [ZP ROTD] Invalid Player (0)
L 11/20/2021 - 00:23:22: [AMXX] Displaying debug trace (plugin "zp50_class_human_raptor.amxx", version "1.0.0")
L 11/20/2021 - 00:23:22: [AMXX] Run time error 10: native error (native "zp_class_human_get_current")
L 11/20/2021 - 00:23:22: [AMXX]    [0] zp50_class_human_raptor.sma::fw_TouchWeapon (line 93)
L 11/20/2021 - 00:23:22: [ZP ROTD] Invalid Player (0)
L 11/20/2021 - 00:23:22: [AMXX] Displaying debug trace (plugin "zp50_class_human_raptor.amxx", version "1.0.0")
L 11/20/2021 - 00:23:22: [AMXX] Run time error 10: native error (native "zp_class_human_get_current")
L 11/20/2021 - 00:23:22: [AMXX]    [0] zp50_class_human_raptor.sma::fw_TouchWeapon (line 93)
L 11/20/2021 - 00:23:22: [ZP ROTD] Invalid Player (0)
L 11/20/2021 - 00:23:22: [AMXX] Displaying debug trace (plugin "zp50_class_human_raptor.amxx", version "1.0.0")
L 11/20/2021 - 00:23:22: [AMXX] Run time error 10: native error (native "zp_class_human_get_current")
L 11/20/2021 - 00:23:22: [AMXX]    [0] zp50_class_human_raptor.sma::fw_TouchWeapon (line 93)
L 11/20/2021 - 00:23:22: [ZP ROTD] Invalid Player (0)
L 11/20/2021 - 00:23:22: [AMXX] Displaying debug trace (plugin "zp50_class_human_raptor.amxx", version "1.0.0")
L 11/20/2021 - 00:23:22: [AMXX] Run time error 10: native error (native "zp_class_human_get_current")
L 11/20/2021 - 00:23:22: [AMXX]    [0] zp50_class_human_raptor.sma::fw_TouchWeapon (line 93)
L 11/20/2021 - 00:23:22: [ZP ROTD] Invalid Player (0)
L 11/20/2021 - 00:23:22: [AMXX] Displaying debug trace (plugin "zp50_class_human_raptor.amxx", version "1.0.0")
L 11/20/2021 - 00:23:22: [AMXX] Run time error 10: native error (native "zp_class_human_get_current")
L 11/20/2021 - 00:23:22: [AMXX]    [0] zp50_class_human_raptor.sma::fw_TouchWeapon (line 93)
L 11/20/2021 - 00:23:22: [ZP ROTD] Invalid Player (0)
L 11/20/2021 - 00:23:22: [AMXX] Displaying debug trace (plugin "zp50_class_human_raptor.amxx", version "1.0.0")
L 11/20/2021 - 00:23:22: [AMXX] Run time error 10: native error (native "zp_class_human_get_current")
L 11/20/2021 - 00:23:22: [AMXX]    [0] zp50_class_human_raptor.sma::fw_TouchWeapon (line 93)
L 11/20/2021 - 00:23:22: [ZP ROTD] Invalid Player (0)
L 11/20/2021 - 00:23:22: [AMXX] Displaying debug trace (plugin "zp50_class_human_raptor.amxx", version "1.0.0")
L 11/20/2021 - 00:23:22: [AMXX] Run time error 10: native error (native "zp_class_human_get_current")
L 11/20/2021 - 00:23:22: [AMXX]    [0] zp50_class_human_raptor.sma::fw_TouchWeapon (line 93)
L 11/20/2021 - 00:23:32: [ZP ROTD] Invalid Player (0)
L 11/20/2021 - 00:23:32: [AMXX] Displaying debug trace (plugin "zp50_class_human_raptor.amxx", version "1.0.0")
L 11/20/2021 - 00:23:32: [AMXX] Run time error 10: native error (native "zp_class_human_get_current")
L 11/20/2021 - 00:23:32: [AMXX]    [0] zp50_class_human_raptor.sma::fw_TouchWeapon (line 93)
L 11/20/2021 - 00:23:32: [ZP ROTD] Invalid Player (59)
L 11/20/2021 - 00:23:32: [AMXX] Displaying debug trace (plugin "zp50_class_human_raptor.amxx", version "1.0.0")
L 11/20/2021 - 00:23:32: [AMXX] Run time error 10: native error (native "zp_class_human_get_current")
L 11/20/2021 - 00:23:32: [AMXX]    [0] zp50_class_human_raptor.sma::fw_TouchWeapon (line 93)
L 11/20/2021 - 00:23:32: [ZP ROTD] Invalid Player (69)
L 11/20/2021 - 00:23:32: [AMXX] Displaying debug trace (plugin "zp50_class_human_raptor.amxx", version "1.0.0")
L 11/20/2021 - 00:23:32: [AMXX] Run time error 10: native error (native "zp_class_human_get_current")
L 11/20/2021 - 00:23:32: [AMXX]    [0] zp50_class_human_raptor.sma::fw_TouchWeapon (line 93)
L 11/20/2021 - 00:23:32: [ZP ROTD] Invalid Player (69)
L 11/20/2021 - 00:23:32: [AMXX] Displaying debug trace (plugin "zp50_class_human_raptor.amxx", version "1.0.0")
L 11/20/2021 - 00:23:32: [AMXX] Run time error 10: native error (native "zp_class_human_get_current")
L 11/20/2021 - 00:23:32: [AMXX]    [0] zp50_class_human_raptor.sma::fw_TouchWeapon (line 93)
L 11/20/2021 - 00:23:32: [ZP ROTD] Invalid Player (59)
L 11/20/2021 - 00:23:32: [AMXX] Displaying debug trace (plugin "zp50_class_human_raptor.amxx", version "1.0.0")
L 11/20/2021 - 00:23:32: [AMXX] Run time error 10: native error (native "zp_class_human_get_current")
L 11/20/2021 - 00:23:32: [AMXX]    [0] zp50_class_human_raptor.sma::fw_TouchWeapon (line 93)
L 11/20/2021 - 00:23:32: [ZP ROTD] Invalid Player (69)
L 11/20/2021 - 00:23:32: [AMXX] Displaying debug trace (plugin "zp50_class_human_raptor.amxx", version "1.0.0")
L 11/20/2021 - 00:23:32: [AMXX] Run time error 10: native error (native "zp_class_human_get_current")
L 11/20/2021 - 00:23:32: [AMXX]    [0] zp50_class_human_raptor.sma::fw_TouchWeapon (line 93)
L 11/20/2021 - 00:23:32: [ZP ROTD] Invalid Player (69)
L 11/20/2021 - 00:23:32: [AMXX] Displaying debug trace (plugin "zp50_class_human_raptor.amxx", version "1.0.0")
L 11/20/2021 - 00:23:32: [AMXX] Run time error 10: native error (native "zp_class_human_get_current")
L 11/20/2021 - 00:23:32: [AMXX]    [0] zp50_class_human_raptor.sma::fw_TouchWeapon (line 93)
L 11/20/2021 - 00:23:32: [ZP ROTD] Invalid Player (59)
L 11/20/2021 - 00:23:32: [AMXX] Displaying debug trace (plugin "zp50_class_human_raptor.amxx", version "1.0.0")
L 11/20/2021 - 00:23:32: [AMXX] Run time error 10: native error (native "zp_class_human_get_current")
L 11/20/2021 - 00:23:32: [AMXX]    [0] zp50_class_human_raptor.sma::fw_TouchWeapon (line 93)
L 11/20/2021 - 00:23:32: [ZP ROTD] Invalid Player (0)
L 11/20/2021 - 00:23:32: [AMXX] Displaying debug trace (plugin "zp50_class_human_raptor.amxx", version "1.0.0")
L 11/20/2021 - 00:23:32: [AMXX] Run time error 10: native error (native "zp_class_human_get_current")
L 11/20/2021 - 00:23:32: [AMXX]    [0] zp50_class_human_raptor.sma::fw_TouchWeapon (line 93)
L 11/20/2021 - 00:23:32: [ZP ROTD] Invalid Player (69)
L 11/20/2021 - 00:23:32: [AMXX] Displaying debug trace (plugin "zp50_class_human_raptor.amxx", version "1.0.0")
L 11/20/2021 - 00:23:32: [AMXX] Run time error 10: native error (native "zp_class_human_get_current")
L 11/20/2021 - 00:23:32: [AMXX]    [0] zp50_class_human_raptor.sma::fw_TouchWeapon (line 93)
L 11/20/2021 - 00:23:32: [ZP ROTD] Invalid Player (0)
L 11/20/2021 - 00:23:32: [AMXX] Displaying debug trace (plugin "zp50_class_human_raptor.amxx", version "1.0.0")
L 11/20/2021 - 00:23:32: [AMXX] Run time error 10: native error (native "zp_class_human_get_current")
L 11/20/2021 - 00:23:32: [AMXX]    [0] zp50_class_human_raptor.sma::fw_TouchWeapon (line 93)
L 11/20/2021 - 00:23:35: [ZP ROTD] Invalid Player (0)
L 11/20/2021 - 00:23:35: [AMXX] Displaying debug trace (plugin "zp50_class_human_raptor.amxx", version "1.0.0")
L 11/20/2021 - 00:23:35: [AMXX] Run time error 10: native error (native "zp_class_human_get_current")
L 11/20/2021 - 00:23:35: [AMXX]    [0] zp50_class_human_raptor.sma::fw_TouchWeapon (line 93)
L 11/20/2021 - 00:59:54: Start of error session.
L 11/20/2021 - 00:59:54: Info (map "de_dust2_cz") (file "addons/amxmodx/logs/error_20211120.log")
L 11/20/2021 - 00:59:54: [HAMSANDWICH] Function fw_PlayerSpawn not found.
L 11/20/2021 - 00:59:54: [AMXX] Displaying debug trace (plugin "zp50_class_human_ironclad.amxx", version "1.0.0")
L 11/20/2021 - 00:59:54: [AMXX] Run time error 10: native error (native "RegisterHam")
L 11/20/2021 - 00:59:54: [AMXX]    [0] zp50_class_human_ironclad.sma::plugin_precache (line 34)
L 11/20/2021 - 02:15:11: Start of error session.
L 11/20/2021 - 02:15:11: Info (map "de_dust2_cz") (file "addons/amxmodx/logs/error_20211120.log")
L 11/20/2021 - 02:15:11: Function is not present (function "glowman_aura") (plugin "zp50_class_human_glowman.amxx")
L 11/20/2021 - 02:15:11: [AMXX] Displaying debug trace (plugin "zp50_class_human_glowman.amxx", version "1.0.0")
L 11/20/2021 - 02:15:11: [AMXX] Run time error 10: native error (native "set_task")
L 11/20/2021 - 02:15:11: [AMXX]    [0] zp50_class_human_glowman.sma::zp_fw_core_cure_post (line 107)
L 11/20/2021 - 02:15:11: Function is not present (function "glowman_aura") (plugin "zp50_class_human_glowman.amxx")
L 11/20/2021 - 02:15:11: [AMXX] Displaying debug trace (plugin "zp50_class_human_glowman.amxx", version "1.0.0")
L 11/20/2021 - 02:15:11: [AMXX] Run time error 10: native error (native "set_task")
L 11/20/2021 - 02:15:11: [AMXX]    [0] zp50_class_human_glowman.sma::zp_fw_core_cure_post (line 107)
L 11/20/2021 - 02:15:11: Function is not present (function "glowman_aura") (plugin "zp50_class_human_glowman.amxx")
L 11/20/2021 - 02:15:11: [AMXX] Displaying debug trace (plugin "zp50_class_human_glowman.amxx", version "1.0.0")
L 11/20/2021 - 02:15:11: [AMXX] Run time error 10: native error (native "set_task")
L 11/20/2021 - 02:15:11: [AMXX]    [0] zp50_class_human_glowman.sma::zp_fw_core_cure_post (line 107)
L 11/20/2021 - 02:15:12: Function is not present (function "glowman_aura") (plugin "zp50_class_human_glowman.amxx")
L 11/20/2021 - 02:15:12: [AMXX] Displaying debug trace (plugin "zp50_class_human_glowman.amxx", version "1.0.0")
L 11/20/2021 - 02:15:12: [AMXX] Run time error 10: native error (native "set_task")
L 11/20/2021 - 02:15:12: [AMXX]    [0] zp50_class_human_glowman.sma::zp_fw_core_cure_post (line 107)
L 11/20/2021 - 02:15:12: Function is not present (function "glowman_aura") (plugin "zp50_class_human_glowman.amxx")
L 11/20/2021 - 02:15:12: [AMXX] Displaying debug trace (plugin "zp50_class_human_glowman.amxx", version "1.0.0")
L 11/20/2021 - 02:15:12: [AMXX] Run time error 10: native error (native "set_task")
L 11/20/2021 - 02:15:12: [AMXX]    [0] zp50_class_human_glowman.sma::zp_fw_core_cure_post (line 107)
L 11/20/2021 - 02:15:12: Function is not present (function "glowman_aura") (plugin "zp50_class_human_glowman.amxx")
L 11/20/2021 - 02:15:12: [AMXX] Displaying debug trace (plugin "zp50_class_human_glowman.amxx", version "1.0.0")
L 11/20/2021 - 02:15:12: [AMXX] Run time error 10: native error (native "set_task")
L 11/20/2021 - 02:15:12: [AMXX]    [0] zp50_class_human_glowman.sma::zp_fw_core_cure_post (line 107)
L 11/20/2021 - 02:15:13: Function is not present (function "glowman_aura") (plugin "zp50_class_human_glowman.amxx")
L 11/20/2021 - 02:15:13: [AMXX] Displaying debug trace (plugin "zp50_class_human_glowman.amxx", version "1.0.0")
L 11/20/2021 - 02:15:13: [AMXX] Run time error 10: native error (native "set_task")
L 11/20/2021 - 02:15:13: [AMXX]    [0] zp50_class_human_glowman.sma::zp_fw_core_cure_post (line 107)
L 11/20/2021 - 02:15:13: Function is not present (function "glowman_aura") (plugin "zp50_class_human_glowman.amxx")
L 11/20/2021 - 02:15:13: [AMXX] Displaying debug trace (plugin "zp50_class_human_glowman.amxx", version "1.0.0")
L 11/20/2021 - 02:15:13: [AMXX] Run time error 10: native error (native "set_task")
L 11/20/2021 - 02:15:13: [AMXX]    [0] zp50_class_human_glowman.sma::zp_fw_core_cure_post (line 107)
L 11/20/2021 - 02:15:13: Function is not present (function "glowman_aura") (plugin "zp50_class_human_glowman.amxx")
L 11/20/2021 - 02:15:13: [AMXX] Displaying debug trace (plugin "zp50_class_human_glowman.amxx", version "1.0.0")
L 11/20/2021 - 02:15:13: [AMXX] Run time error 10: native error (native "set_task")
L 11/20/2021 - 02:15:13: [AMXX]    [0] zp50_class_human_glowman.sma::zp_fw_core_cure_post (line 107)
L 11/20/2021 - 02:15:14: Function is not present (function "glowman_aura") (plugin "zp50_class_human_glowman.amxx")
L 11/20/2021 - 02:15:14: [AMXX] Displaying debug trace (plugin "zp50_class_human_glowman.amxx", version "1.0.0")
L 11/20/2021 - 02:15:14: [AMXX] Run time error 10: native error (native "set_task")
L 11/20/2021 - 02:15:14: [AMXX]    [0] zp50_class_human_glowman.sma::zp_fw_core_cure_post (line 107)
L 11/20/2021 - 02:15:14: Function is not present (function "glowman_aura") (plugin "zp50_class_human_glowman.amxx")
L 11/20/2021 - 02:15:14: [AMXX] Displaying debug trace (plugin "zp50_class_human_glowman.amxx", version "1.0.0")
L 11/20/2021 - 02:15:14: [AMXX] Run time error 10: native error (native "set_task")
L 11/20/2021 - 02:15:14: [AMXX]    [0] zp50_class_human_glowman.sma::zp_fw_core_cure_post (line 107)
L 11/20/2021 - 02:15:14: Function is not present (function "glowman_aura") (plugin "zp50_class_human_glowman.amxx")
L 11/20/2021 - 02:15:14: [AMXX] Displaying debug trace (plugin "zp50_class_human_glowman.amxx", version "1.0.0")
L 11/20/2021 - 02:15:14: [AMXX] Run time error 10: native error (native "set_task")
L 11/20/2021 - 02:15:14: [AMXX]    [0] zp50_class_human_glowman.sma::zp_fw_core_cure_post (line 107)
L 11/20/2021 - 02:15:14: Function is not present (function "glowman_aura") (plugin "zp50_class_human_glowman.amxx")
L 11/20/2021 - 02:15:14: [AMXX] Displaying debug trace (plugin "zp50_class_human_glowman.amxx", version "1.0.0")
L 11/20/2021 - 02:15:14: [AMXX] Run time error 10: native error (native "set_task")
L 11/20/2021 - 02:15:14: [AMXX]    [0] zp50_class_human_glowman.sma::zp_fw_core_cure_post (line 107)
L 11/20/2021 - 02:15:14: Function is not present (function "glowman_aura") (plugin "zp50_class_human_glowman.amxx")
L 11/20/2021 - 02:15:14: [AMXX] Displaying debug trace (plugin "zp50_class_human_glowman.amxx", version "1.0.0")
L 11/20/2021 - 02:15:14: [AMXX] Run time error 10: native error (native "set_task")
L 11/20/2021 - 02:15:14: [AMXX]    [0] zp50_class_human_glowman.sma::zp_fw_core_cure_post (line 107)
L 11/20/2021 - 02:15:14: Function is not present (function "glowman_aura") (plugin "zp50_class_human_glowman.amxx")
L 11/20/2021 - 02:15:14: [AMXX] Displaying debug trace (plugin "zp50_class_human_glowman.amxx", version "1.0.0")
L 11/20/2021 - 02:15:14: [AMXX] Run time error 10: native error (native "set_task")
L 11/20/2021 - 02:15:14: [AMXX]    [0] zp50_class_human_glowman.sma::zp_fw_core_cure_post (line 107)
L 11/20/2021 - 02:15:14: Function is not present (function "glowman_aura") (plugin "zp50_class_human_glowman.amxx")
L 11/20/2021 - 02:15:14: [AMXX] Displaying debug trace (plugin "zp50_class_human_glowman.amxx", version "1.0.0")
L 11/20/2021 - 02:15:14: [AMXX] Run time error 10: native error (native "set_task")
L 11/20/2021 - 02:15:14: [AMXX]    [0] zp50_class_human_glowman.sma::zp_fw_core_cure_post (line 107)
L 11/20/2021 - 02:15:14: Function is not present (function "glowman_aura") (plugin "zp50_class_human_glowman.amxx")
L 11/20/2021 - 02:15:14: [AMXX] Displaying debug trace (plugin "zp50_class_human_glowman.amxx", version "1.0.0")
L 11/20/2021 - 02:15:14: [AMXX] Run time error 10: native error (native "set_task")
L 11/20/2021 - 02:15:14: [AMXX]    [0] zp50_class_human_glowman.sma::zp_fw_core_cure_post (line 107)
L 11/20/2021 - 02:15:14: Function is not present (function "glowman_aura") (plugin "zp50_class_human_glowman.amxx")
L 11/20/2021 - 02:15:14: [AMXX] Displaying debug trace (plugin "zp50_class_human_glowman.amxx", version "1.0.0")
L 11/20/2021 - 02:15:14: [AMXX] Run time error 10: native error (native "set_task")
L 11/20/2021 - 02:15:14: [AMXX]    [0] zp50_class_human_glowman.sma::zp_fw_core_cure_post (line 107)
L 11/20/2021 - 02:15:14: Function is not present (function "glowman_aura") (plugin "zp50_class_human_glowman.amxx")
L 11/20/2021 - 02:15:14: [AMXX] Displaying debug trace (plugin "zp50_class_human_glowman.amxx", version "1.0.0")
L 11/20/2021 - 02:15:14: [AMXX] Run time error 10: native error (native "set_task")
L 11/20/2021 - 02:15:14: [AMXX]    [0] zp50_class_human_glowman.sma::zp_fw_core_cure_post (line 107)
L 11/20/2021 - 02:15:14: Function is not present (function "glowman_aura") (plugin "zp50_class_human_glowman.amxx")
L 11/20/2021 - 02:15:15: [AMXX] Displaying debug trace (plugin "zp50_class_human_glowman.amxx", version "1.0.0")
L 11/20/2021 - 02:15:15: [AMXX] Run time error 10: native error (native "set_task")
L 11/20/2021 - 02:15:15: [AMXX]    [0] zp50_class_human_glowman.sma::zp_fw_core_cure_post (line 107)
L 11/20/2021 - 02:15:15: Function is not present (function "glowman_aura") (plugin "zp50_class_human_glowman.amxx")
L 11/20/2021 - 02:15:15: [AMXX] Displaying debug trace (plugin "zp50_class_human_glowman.amxx", version "1.0.0")
L 11/20/2021 - 02:15:15: [AMXX] Run time error 10: native error (native "set_task")
L 11/20/2021 - 02:15:15: [AMXX]    [0] zp50_class_human_glowman.sma::zp_fw_core_cure_post (line 107)
L 11/20/2021 - 02:15:15: Function is not present (function "glowman_aura") (plugin "zp50_class_human_glowman.amxx")
L 11/20/2021 - 02:15:15: [AMXX] Displaying debug trace (plugin "zp50_class_human_glowman.amxx", version "1.0.0")
L 11/20/2021 - 02:15:15: [AMXX] Run time error 10: native error (native "set_task")
L 11/20/2021 - 02:15:15: [AMXX]    [0] zp50_class_human_glowman.sma::zp_fw_core_cure_post (line 107)
L 11/20/2021 - 02:15:15: Function is not present (function "glowman_aura") (plugin "zp50_class_human_glowman.amxx")
L 11/20/2021 - 02:15:15: [AMXX] Displaying debug trace (plugin "zp50_class_human_glowman.amxx", version "1.0.0")
L 11/20/2021 - 02:15:15: [AMXX] Run time error 10: native error (native "set_task")
L 11/20/2021 - 02:15:15: [AMXX]    [0] zp50_class_human_glowman.sma::zp_fw_core_cure_post (line 107)
L 11/20/2021 - 17:47:19: Start of error session.
L 11/20/2021 - 17:47:19: Info (map "de_dust2_cz") (file "addons/amxmodx/logs/error_20211120.log")
L 11/20/2021 - 17:47:19: [HAMSANDWICH] Function fw_Grenade_Touch not found.
L 11/20/2021 - 17:47:19: [AMXX] Run time error 10 (plugin "zp50_grenade_fire.amxx") (native "RegisterHam") - debug not enabled!
L 11/20/2021 - 17:47:19: [AMXX] To enable debug mode, add "debug" after the plugin name in plugins.ini (without quotes).
L 11/20/2021 - 17:48:34: Start of error session.
L 11/20/2021 - 17:48:34: Info (map "de_dust2_cz") (file "addons/amxmodx/logs/error_20211120.log")
L 11/20/2021 - 17:48:34: [HAMSANDWICH] Function fw_Grenade_Touch not found.
L 11/20/2021 - 17:48:34: [AMXX] Displaying debug trace (plugin "zp50_grenade_fire.amxx", version "1.0.0")
L 11/20/2021 - 17:48:34: [AMXX] Run time error 10: native error (native "RegisterHam")
L 11/20/2021 - 17:48:34: [AMXX]    [0] zp50_grenade_fire.sma::plugin_init (line 87)
L 11/20/2021 - 17:48:49: Invalid CVAR pointer
L 11/20/2021 - 17:48:49: [AMXX] Displaying debug trace (plugin "zp50_grenade_fire.amxx", version "1.0.0")
L 11/20/2021 - 17:48:49: [AMXX] Run time error 10: native error (native "get_pcvar_num")
L 11/20/2021 - 17:48:49: [AMXX]    [0] zp50_grenade_fire.sma::fire_explode (line 381)
L 11/20/2021 - 17:48:49: [AMXX]    [1] zp50_grenade_fire.sma::fw_ThinkGrenade (line 341)
L 11/20/2021 - 17:48:49: Invalid CVAR pointer
L 11/20/2021 - 17:48:49: [AMXX] Displaying debug trace (plugin "zp50_grenade_fire.amxx", version "1.0.0")
L 11/20/2021 - 17:48:49: [AMXX] Run time error 10: native error (native "get_pcvar_num")
L 11/20/2021 - 17:48:49: [AMXX]    [0] zp50_grenade_fire.sma::fire_explode (line 381)
L 11/20/2021 - 17:48:49: [AMXX]    [1] zp50_grenade_fire.sma::fw_ThinkGrenade (line 341)
L 11/20/2021 - 17:48:50: Invalid CVAR pointer
L 11/20/2021 - 17:48:50: [AMXX] Displaying debug trace (plugin "zp50_grenade_fire.amxx", version "1.0.0")
L 11/20/2021 - 17:48:50: [AMXX] Run time error 10: native error (native "get_pcvar_num")
L 11/20/2021 - 17:48:50: [AMXX]    [0] zp50_grenade_fire.sma::fire_explode (line 381)
L 11/20/2021 - 17:48:50: [AMXX]    [1] zp50_grenade_fire.sma::fw_ThinkGrenade (line 341)
