L 11/19/2021 - 11:04:13: -------- Mapchange to cs_penal_cz --------
L 11/19/2021 - 11:06:39: -------- Mapchange to cs_penal_cz --------
L 11/19/2021 - 11:06:44: [admin.amxx] Login: "DRON12261<1><STEAM_ID_LAN><>" became an admin (account "loopback") (access "abcdefghijklmnopqrstuv") (address "loopback")
L 11/19/2021 - 11:06:50: [admin.amxx] Login: "DRON12261<1><STEAM_ID_LAN><>" became an admin (account "loopback") (access "abcdefghijklmnopqrstuv") (address "loopback")
L 11/19/2021 - 11:07:48: -------- Mapchange to cs_penal_cz --------
L 11/19/2021 - 11:07:50: [admin.amxx] Login: "DRON12261<1><STEAM_ID_LAN><>" became an admin (account "loopback") (access "abcdefghijklmnopqrstuv") (address "loopback")
L 11/19/2021 - 11:07:52: [admin.amxx] Login: "DRON12261<1><STEAM_ID_LAN><>" became an admin (account "loopback") (access "abcdefghijklmnopqrstuv") (address "loopback")
L 11/19/2021 - 11:11:28: -------- Mapchange to cs_truth_cz --------
L 11/19/2021 - 11:11:41: [admin.amxx] Login: "DRON12261<14><STEAM_ID_LAN><>" became an admin (account "loopback") (access "abcdefghijklmnopqrstuv") (address "loopback")
L 11/19/2021 - 11:11:43: [admin.amxx] Login: "DRON12261<14><STEAM_ID_LAN><>" became an admin (account "loopback") (access "abcdefghijklmnopqrstuv") (address "loopback")
L 11/19/2021 - 11:12:44: -------- Mapchange to cs_truth_cz --------
L 11/19/2021 - 11:12:46: [admin.amxx] Login: "DRON12261<14><STEAM_ID_LAN><>" became an admin (account "loopback") (access "abcdefghijklmnopqrstuv") (address "loopback")
L 11/19/2021 - 11:12:48: [admin.amxx] Login: "DRON12261<14><STEAM_ID_LAN><>" became an admin (account "loopback") (access "abcdefghijklmnopqrstuv") (address "loopback")
L 11/19/2021 - 11:14:37: -------- Mapchange to de_bridge_cz --------
L 11/19/2021 - 11:14:39: [admin.amxx] Login: "DRON12261<27><STEAM_ID_LAN><>" became an admin (account "loopback") (access "abcdefghijklmnopqrstuv") (address "loopback")
L 11/19/2021 - 11:14:41: [admin.amxx] Login: "DRON12261<27><STEAM_ID_LAN><>" became an admin (account "loopback") (access "abcdefghijklmnopqrstuv") (address "loopback")
L 11/19/2021 - 11:16:38: -------- Mapchange to de_bridge_cz --------
L 11/19/2021 - 11:16:40: [admin.amxx] Login: "DRON12261<27><STEAM_ID_LAN><>" became an admin (account "loopback") (access "abcdefghijklmnopqrstuv") (address "loopback")
L 11/19/2021 - 11:16:41: [admin.amxx] Login: "DRON12261<27><STEAM_ID_LAN><>" became an admin (account "loopback") (access "abcdefghijklmnopqrstuv") (address "loopback")
L 11/19/2021 - 12:15:10: -------- Mapchange to de_bridge_cz --------
L 11/19/2021 - 12:15:24: [admin.amxx] Login: "DRON12261<1><STEAM_ID_LAN><>" became an admin (account "loopback") (access "abcdefghijklmnopqrstuv") (address "loopback")
L 11/19/2021 - 12:15:33: [admin.amxx] Login: "DRON12261<1><STEAM_ID_LAN><>" became an admin (account "loopback") (access "abcdefghijklmnopqrstuv") (address "loopback")
L 11/19/2021 - 12:16:03: -------- Mapchange to de_dust2_cz --------
L 11/19/2021 - 12:16:06: [admin.amxx] Login: "DRON12261<13><STEAM_ID_LAN><>" became an admin (account "loopback") (access "abcdefghijklmnopqrstuv") (address "loopback")
L 11/19/2021 - 12:16:07: [admin.amxx] Login: "DRON12261<13><STEAM_ID_LAN><>" became an admin (account "loopback") (access "abcdefghijklmnopqrstuv") (address "loopback")
L 11/19/2021 - 12:25:20: -------- Mapchange to de_dust2_cz --------
L 11/19/2021 - 12:25:25: [admin.amxx] Login: "DRON12261<1><STEAM_ID_LAN><>" became an admin (account "loopback") (access "abcdefghijklmnopqrstuv") (address "loopback")
L 11/19/2021 - 12:25:27: [admin.amxx] Login: "DRON12261<1><STEAM_ID_LAN><>" became an admin (account "loopback") (access "abcdefghijklmnopqrstuv") (address "loopback")
L 11/19/2021 - 12:31:01: -------- Mapchange to de_dust2_cz --------
L 11/19/2021 - 12:31:05: [admin.amxx] Login: "DRON12261<1><STEAM_ID_LAN><>" became an admin (account "loopback") (access "abcdefghijklmnopqrstuv") (address "loopback")
L 11/19/2021 - 12:31:08: [admin.amxx] Login: "DRON12261<1><STEAM_ID_LAN><>" became an admin (account "loopback") (access "abcdefghijklmnopqrstuv") (address "loopback")
L 11/19/2021 - 12:41:32: -------- Mapchange to de_dust2_cz --------
L 11/19/2021 - 12:41:36: [admin.amxx] Login: "DRON12261<1><STEAM_ID_LAN><>" became an admin (account "loopback") (access "abcdefghijklmnopqrstuv") (address "loopback")
L 11/19/2021 - 12:41:39: [admin.amxx] Login: "DRON12261<1><STEAM_ID_LAN><>" became an admin (account "loopback") (access "abcdefghijklmnopqrstuv") (address "loopback")
L 11/19/2021 - 14:19:53: -------- Mapchange to de_dust_cz --------
L 11/19/2021 - 14:24:44: -------- Mapchange to de_dust_cz --------
L 11/19/2021 - 14:47:53: -------- Mapchange to de_dust_cz --------
L 11/19/2021 - 14:59:35: -------- Mapchange to de_dust2_cz --------
L 11/19/2021 - 14:59:41: [admin.amxx] Login: "DRON12261<1><STEAM_ID_LAN><>" became an admin (account "loopback") (access "abcdefghijklmnopqrstuv") (address "loopback")
L 11/19/2021 - 14:59:43: [admin.amxx] Login: "DRON12261<1><STEAM_ID_LAN><>" became an admin (account "loopback") (access "abcdefghijklmnopqrstuv") (address "loopback")
L 11/19/2021 - 15:04:40: -------- Mapchange to de_dust2_cz --------
L 11/19/2021 - 15:04:52: [admin.amxx] Login: "DRON12261<1><STEAM_ID_LAN><>" became an admin (account "loopback") (access "abcdefghijklmnopqrstuv") (address "loopback")
L 11/19/2021 - 15:04:57: [admin.amxx] Login: "DRON12261<1><STEAM_ID_LAN><>" became an admin (account "loopback") (access "abcdefghijklmnopqrstuv") (address "loopback")
L 11/19/2021 - 15:58:14: -------- Mapchange to de_dust2_cz --------
L 11/19/2021 - 15:58:30: [admin.amxx] Login: "DRON12261<1><STEAM_ID_LAN><>" became an admin (account "loopback") (access "abcdefghijklmnopqrstuv") (address "loopback")
L 11/19/2021 - 15:58:39: [admin.amxx] Login: "DRON12261<1><STEAM_ID_LAN><>" became an admin (account "loopback") (access "abcdefghijklmnopqrstuv") (address "loopback")
L 11/19/2021 - 16:24:09: -------- Mapchange to de_dust2_cz --------
L 11/19/2021 - 16:24:20: [admin.amxx] Login: "DRON12261<1><STEAM_ID_LAN><>" became an admin (account "loopback") (access "abcdefghijklmnopqrstuv") (address "loopback")
L 11/19/2021 - 16:24:25: [admin.amxx] Login: "DRON12261<1><STEAM_ID_LAN><>" became an admin (account "loopback") (access "abcdefghijklmnopqrstuv") (address "loopback")
L 11/19/2021 - 16:35:45: -------- Mapchange to de_dust2_cz --------
L 11/19/2021 - 16:35:48: [admin.amxx] Login: "DRON12261<1><STEAM_ID_LAN><>" became an admin (account "loopback") (access "abcdefghijklmnopqrstuv") (address "loopback")
L 11/19/2021 - 16:35:51: [admin.amxx] Login: "DRON12261<1><STEAM_ID_LAN><>" became an admin (account "loopback") (access "abcdefghijklmnopqrstuv") (address "loopback")
L 11/19/2021 - 16:41:28: -------- Mapchange to de_dust2_cz --------
L 11/19/2021 - 16:41:32: [admin.amxx] Login: "DRON12261<1><STEAM_ID_LAN><>" became an admin (account "loopback") (access "abcdefghijklmnopqrstuv") (address "loopback")
L 11/19/2021 - 16:41:34: [admin.amxx] Login: "DRON12261<1><STEAM_ID_LAN><>" became an admin (account "loopback") (access "abcdefghijklmnopqrstuv") (address "loopback")
L 11/19/2021 - 18:36:45: -------- Mapchange to de_dust2_cz --------
L 11/19/2021 - 18:36:56: [admin.amxx] Login: "DRON12261<1><STEAM_ID_LAN><>" became an admin (account "loopback") (access "abcdefghijklmnopqrstuv") (address "loopback")
L 11/19/2021 - 18:37:01: [admin.amxx] Login: "DRON12261<1><STEAM_ID_LAN><>" became an admin (account "loopback") (access "abcdefghijklmnopqrstuv") (address "loopback")
L 11/19/2021 - 18:57:16: -------- Mapchange to de_dust_cz --------
L 11/19/2021 - 18:57:18: [admin.amxx] Login: "DRON12261<1><STEAM_ID_LAN><>" became an admin (account "loopback") (access "abcdefghijklmnopqrstuv") (address "loopback")
L 11/19/2021 - 18:57:20: [admin.amxx] Login: "DRON12261<1><STEAM_ID_LAN><>" became an admin (account "loopback") (access "abcdefghijklmnopqrstuv") (address "loopback")
L 11/19/2021 - 21:28:01: -------- Mapchange to de_dust2_cz --------
L 11/19/2021 - 21:28:17: [admin.amxx] Login: "DRON12261<1><STEAM_ID_LAN><>" became an admin (account "loopback") (access "abcdefghijklmnopqrstuv") (address "loopback")
L 11/19/2021 - 21:28:23: [admin.amxx] Login: "DRON12261<1><STEAM_ID_LAN><>" became an admin (account "loopback") (access "abcdefghijklmnopqrstuv") (address "loopback")
L 11/19/2021 - 21:30:09: -------- Mapchange to de_dust2_cz --------
L 11/19/2021 - 21:30:13: [admin.amxx] Login: "DRON12261<1><STEAM_ID_LAN><>" became an admin (account "loopback") (access "abcdefghijklmnopqrstuv") (address "loopback")
L 11/19/2021 - 21:30:16: [admin.amxx] Login: "DRON12261<1><STEAM_ID_LAN><>" became an admin (account "loopback") (access "abcdefghijklmnopqrstuv") (address "loopback")
L 11/19/2021 - 21:33:01: -------- Mapchange to de_dust2_cz --------
L 11/19/2021 - 21:33:05: [admin.amxx] Login: "DRON12261<1><STEAM_ID_LAN><>" became an admin (account "loopback") (access "abcdefghijklmnopqrstuv") (address "loopback")
L 11/19/2021 - 21:33:07: [admin.amxx] Login: "DRON12261<1><STEAM_ID_LAN><>" became an admin (account "loopback") (access "abcdefghijklmnopqrstuv") (address "loopback")
L 11/19/2021 - 21:35:31: -------- Mapchange to de_dust2_cz --------
L 11/19/2021 - 21:35:40: [admin.amxx] Login: "DRON12261<1><STEAM_ID_LAN><>" became an admin (account "loopback") (access "abcdefghijklmnopqrstuv") (address "loopback")
L 11/19/2021 - 21:35:46: [admin.amxx] Login: "DRON12261<1><STEAM_ID_LAN><>" became an admin (account "loopback") (access "abcdefghijklmnopqrstuv") (address "loopback")
L 11/19/2021 - 21:48:42: -------- Mapchange to de_dust2_cz --------
L 11/19/2021 - 21:48:45: [admin.amxx] Login: "DRON12261<1><STEAM_ID_LAN><>" became an admin (account "loopback") (access "abcdefghijklmnopqrstuv") (address "loopback")
L 11/19/2021 - 21:48:47: [admin.amxx] Login: "DRON12261<1><STEAM_ID_LAN><>" became an admin (account "loopback") (access "abcdefghijklmnopqrstuv") (address "loopback")
L 11/19/2021 - 21:51:16: -------- Mapchange to de_dust2_cz --------
L 11/19/2021 - 21:51:20: [admin.amxx] Login: "DRON12261<1><STEAM_ID_LAN><>" became an admin (account "loopback") (access "abcdefghijklmnopqrstuv") (address "loopback")
L 11/19/2021 - 21:51:22: [admin.amxx] Login: "DRON12261<1><STEAM_ID_LAN><>" became an admin (account "loopback") (access "abcdefghijklmnopqrstuv") (address "loopback")
L 11/19/2021 - 21:56:16: -------- Mapchange to de_dust2_cz --------
L 11/19/2021 - 21:56:20: [admin.amxx] Login: "DRON12261<1><STEAM_ID_LAN><>" became an admin (account "loopback") (access "abcdefghijklmnopqrstuv") (address "loopback")
L 11/19/2021 - 21:56:22: [admin.amxx] Login: "DRON12261<1><STEAM_ID_LAN><>" became an admin (account "loopback") (access "abcdefghijklmnopqrstuv") (address "loopback")
L 11/19/2021 - 21:59:21: -------- Mapchange to de_dust2_cz --------
L 11/19/2021 - 21:59:25: [admin.amxx] Login: "DRON12261<1><STEAM_ID_LAN><>" became an admin (account "loopback") (access "abcdefghijklmnopqrstuv") (address "loopback")
L 11/19/2021 - 21:59:27: [admin.amxx] Login: "DRON12261<1><STEAM_ID_LAN><>" became an admin (account "loopback") (access "abcdefghijklmnopqrstuv") (address "loopback")
L 11/19/2021 - 22:03:49: -------- Mapchange to de_dust2_cz --------
L 11/19/2021 - 22:03:52: [admin.amxx] Login: "DRON12261<1><STEAM_ID_LAN><>" became an admin (account "loopback") (access "abcdefghijklmnopqrstuv") (address "loopback")
L 11/19/2021 - 22:03:54: [admin.amxx] Login: "DRON12261<1><STEAM_ID_LAN><>" became an admin (account "loopback") (access "abcdefghijklmnopqrstuv") (address "loopback")
L 11/19/2021 - 22:13:31: -------- Mapchange to de_dust2_cz --------
L 11/19/2021 - 22:13:43: [admin.amxx] Login: "DRON12261<1><STEAM_ID_LAN><>" became an admin (account "loopback") (access "abcdefghijklmnopqrstuv") (address "loopback")
L 11/19/2021 - 22:13:48: [admin.amxx] Login: "DRON12261<1><STEAM_ID_LAN><>" became an admin (account "loopback") (access "abcdefghijklmnopqrstuv") (address "loopback")
L 11/19/2021 - 22:15:41: -------- Mapchange to de_dust2_cz --------
L 11/19/2021 - 22:15:45: [admin.amxx] Login: "DRON12261<1><STEAM_ID_LAN><>" became an admin (account "loopback") (access "abcdefghijklmnopqrstuv") (address "loopback")
L 11/19/2021 - 22:15:47: [admin.amxx] Login: "DRON12261<1><STEAM_ID_LAN><>" became an admin (account "loopback") (access "abcdefghijklmnopqrstuv") (address "loopback")
L 11/19/2021 - 22:20:45: -------- Mapchange to de_dust2_cz --------
L 11/19/2021 - 22:20:49: [admin.amxx] Login: "DRON12261<1><STEAM_ID_LAN><>" became an admin (account "loopback") (access "abcdefghijklmnopqrstuv") (address "loopback")
L 11/19/2021 - 22:20:51: [admin.amxx] Login: "DRON12261<1><STEAM_ID_LAN><>" became an admin (account "loopback") (access "abcdefghijklmnopqrstuv") (address "loopback")
L 11/19/2021 - 22:23:44: -------- Mapchange to de_dust2_cz --------
L 11/19/2021 - 22:23:48: [admin.amxx] Login: "DRON12261<1><STEAM_ID_LAN><>" became an admin (account "loopback") (access "abcdefghijklmnopqrstuv") (address "loopback")
L 11/19/2021 - 22:23:50: [admin.amxx] Login: "DRON12261<1><STEAM_ID_LAN><>" became an admin (account "loopback") (access "abcdefghijklmnopqrstuv") (address "loopback")
L 11/19/2021 - 22:25:19: -------- Mapchange to de_dust2_cz --------
L 11/19/2021 - 22:25:23: [admin.amxx] Login: "DRON12261<1><STEAM_ID_LAN><>" became an admin (account "loopback") (access "abcdefghijklmnopqrstuv") (address "loopback")
L 11/19/2021 - 22:25:26: [admin.amxx] Login: "DRON12261<1><STEAM_ID_LAN><>" became an admin (account "loopback") (access "abcdefghijklmnopqrstuv") (address "loopback")
L 11/19/2021 - 22:29:41: -------- Mapchange to de_dust2_cz --------
L 11/19/2021 - 22:29:45: [admin.amxx] Login: "DRON12261<1><STEAM_ID_LAN><>" became an admin (account "loopback") (access "abcdefghijklmnopqrstuv") (address "loopback")
L 11/19/2021 - 22:29:47: [admin.amxx] Login: "DRON12261<1><STEAM_ID_LAN><>" became an admin (account "loopback") (access "abcdefghijklmnopqrstuv") (address "loopback")
L 11/19/2021 - 22:32:51: -------- Mapchange to de_dust2_cz --------
L 11/19/2021 - 22:32:55: [admin.amxx] Login: "DRON12261<1><STEAM_ID_LAN><>" became an admin (account "loopback") (access "abcdefghijklmnopqrstuv") (address "loopback")
L 11/19/2021 - 22:32:57: [admin.amxx] Login: "DRON12261<1><STEAM_ID_LAN><>" became an admin (account "loopback") (access "abcdefghijklmnopqrstuv") (address "loopback")
L 11/19/2021 - 22:34:15: -------- Mapchange to de_dust2_cz --------
L 11/19/2021 - 22:34:19: [admin.amxx] Login: "DRON12261<1><STEAM_ID_LAN><>" became an admin (account "loopback") (access "abcdefghijklmnopqrstuv") (address "loopback")
L 11/19/2021 - 22:34:21: [admin.amxx] Login: "DRON12261<1><STEAM_ID_LAN><>" became an admin (account "loopback") (access "abcdefghijklmnopqrstuv") (address "loopback")
L 11/19/2021 - 22:46:30: -------- Mapchange to de_dust2_cz --------
L 11/19/2021 - 22:46:43: [admin.amxx] Login: "DRON12261<1><STEAM_ID_LAN><>" became an admin (account "loopback") (access "abcdefghijklmnopqrstuv") (address "loopback")
L 11/19/2021 - 22:46:50: [admin.amxx] Login: "DRON12261<1><STEAM_ID_LAN><>" became an admin (account "loopback") (access "abcdefghijklmnopqrstuv") (address "loopback")
L 11/19/2021 - 22:48:22: -------- Mapchange to de_dust2_cz --------
L 11/19/2021 - 22:48:26: [admin.amxx] Login: "DRON12261<1><STEAM_ID_LAN><>" became an admin (account "loopback") (access "abcdefghijklmnopqrstuv") (address "loopback")
L 11/19/2021 - 22:48:28: [admin.amxx] Login: "DRON12261<1><STEAM_ID_LAN><>" became an admin (account "loopback") (access "abcdefghijklmnopqrstuv") (address "loopback")
L 11/19/2021 - 22:51:31: -------- Mapchange to de_dust2_cz --------
L 11/19/2021 - 22:51:35: [admin.amxx] Login: "DRON12261<1><STEAM_ID_LAN><>" became an admin (account "loopback") (access "abcdefghijklmnopqrstuv") (address "loopback")
L 11/19/2021 - 22:51:37: [admin.amxx] Login: "DRON12261<1><STEAM_ID_LAN><>" became an admin (account "loopback") (access "abcdefghijklmnopqrstuv") (address "loopback")
L 11/19/2021 - 22:56:43: -------- Mapchange to de_dust2_cz --------
L 11/19/2021 - 22:56:56: [admin.amxx] Login: "DRON12261<1><STEAM_ID_LAN><>" became an admin (account "loopback") (access "abcdefghijklmnopqrstuv") (address "loopback")
L 11/19/2021 - 22:57:02: [admin.amxx] Login: "DRON12261<1><STEAM_ID_LAN><>" became an admin (account "loopback") (access "abcdefghijklmnopqrstuv") (address "loopback")
L 11/19/2021 - 22:58:55: -------- Mapchange to de_dust2_cz --------
L 11/19/2021 - 22:58:59: [admin.amxx] Login: "DRON12261<1><STEAM_ID_LAN><>" became an admin (account "loopback") (access "abcdefghijklmnopqrstuv") (address "loopback")
L 11/19/2021 - 22:59:01: [admin.amxx] Login: "DRON12261<1><STEAM_ID_LAN><>" became an admin (account "loopback") (access "abcdefghijklmnopqrstuv") (address "loopback")
L 11/19/2021 - 23:00:42: -------- Mapchange to de_dust2_cz --------
L 11/19/2021 - 23:00:46: [admin.amxx] Login: "DRON12261<1><STEAM_ID_LAN><>" became an admin (account "loopback") (access "abcdefghijklmnopqrstuv") (address "loopback")
L 11/19/2021 - 23:00:48: [admin.amxx] Login: "DRON12261<1><STEAM_ID_LAN><>" became an admin (account "loopback") (access "abcdefghijklmnopqrstuv") (address "loopback")
L 11/19/2021 - 23:04:04: -------- Mapchange to de_dust2_cz --------
L 11/19/2021 - 23:04:08: [admin.amxx] Login: "DRON12261<1><STEAM_ID_LAN><>" became an admin (account "loopback") (access "abcdefghijklmnopqrstuv") (address "loopback")
L 11/19/2021 - 23:04:14: [admin.amxx] Login: "DRON12261<1><STEAM_ID_LAN><>" became an admin (account "loopback") (access "abcdefghijklmnopqrstuv") (address "loopback")
L 11/19/2021 - 23:10:28: -------- Mapchange to de_dust2_cz --------
L 11/19/2021 - 23:10:41: [admin.amxx] Login: "DRON12261<1><STEAM_ID_LAN><>" became an admin (account "loopback") (access "abcdefghijklmnopqrstuv") (address "loopback")
L 11/19/2021 - 23:10:47: [admin.amxx] Login: "DRON12261<1><STEAM_ID_LAN><>" became an admin (account "loopback") (access "abcdefghijklmnopqrstuv") (address "loopback")
L 11/19/2021 - 23:13:03: -------- Mapchange to de_dust2_cz --------
L 11/19/2021 - 23:13:07: [admin.amxx] Login: "DRON12261<1><STEAM_ID_LAN><>" became an admin (account "loopback") (access "abcdefghijklmnopqrstuv") (address "loopback")
L 11/19/2021 - 23:13:09: [admin.amxx] Login: "DRON12261<1><STEAM_ID_LAN><>" became an admin (account "loopback") (access "abcdefghijklmnopqrstuv") (address "loopback")
L 11/19/2021 - 23:16:29: -------- Mapchange to de_dust2_cz --------
L 11/19/2021 - 23:16:33: [admin.amxx] Login: "DRON12261<1><STEAM_ID_LAN><>" became an admin (account "loopback") (access "abcdefghijklmnopqrstuv") (address "loopback")
L 11/19/2021 - 23:16:35: [admin.amxx] Login: "DRON12261<1><STEAM_ID_LAN><>" became an admin (account "loopback") (access "abcdefghijklmnopqrstuv") (address "loopback")
L 11/19/2021 - 23:20:35: -------- Mapchange to de_dust2_cz --------
L 11/19/2021 - 23:20:48: [admin.amxx] Login: "DRON12261<1><STEAM_ID_LAN><>" became an admin (account "loopback") (access "abcdefghijklmnopqrstuv") (address "loopback")
L 11/19/2021 - 23:20:54: [admin.amxx] Login: "DRON12261<1><STEAM_ID_LAN><>" became an admin (account "loopback") (access "abcdefghijklmnopqrstuv") (address "loopback")
L 11/19/2021 - 23:23:17: -------- Mapchange to de_dust2_cz --------
L 11/19/2021 - 23:23:28: [admin.amxx] Login: "DRON12261<1><STEAM_ID_LAN><>" became an admin (account "loopback") (access "abcdefghijklmnopqrstuv") (address "loopback")
L 11/19/2021 - 23:23:34: [admin.amxx] Login: "DRON12261<1><STEAM_ID_LAN><>" became an admin (account "loopback") (access "abcdefghijklmnopqrstuv") (address "loopback")
L 11/19/2021 - 23:27:49: -------- Mapchange to de_dust2_cz --------
L 11/19/2021 - 23:28:01: [admin.amxx] Login: "DRON12261<1><STEAM_ID_LAN><>" became an admin (account "loopback") (access "abcdefghijklmnopqrstuv") (address "loopback")
L 11/19/2021 - 23:28:07: [admin.amxx] Login: "DRON12261<1><STEAM_ID_LAN><>" became an admin (account "loopback") (access "abcdefghijklmnopqrstuv") (address "loopback")
L 11/19/2021 - 23:37:29: -------- Mapchange to de_dust2_cz --------
L 11/19/2021 - 23:37:41: [admin.amxx] Login: "DRON12261<1><STEAM_ID_LAN><>" became an admin (account "loopback") (access "abcdefghijklmnopqrstuv") (address "loopback")
L 11/19/2021 - 23:37:48: [admin.amxx] Login: "DRON12261<1><STEAM_ID_LAN><>" became an admin (account "loopback") (access "abcdefghijklmnopqrstuv") (address "loopback")
