L 11/18/2021 - 00:01:10: -------- Mapchange to de_dust2_cz --------
L 11/18/2021 - 00:01:14: [admin.amxx] Login: "DRON12261<1><STEAM_ID_LAN><>" became an admin (account "loopback") (access "abcdefghijklmnopqrstuv") (address "loopback")
L 11/18/2021 - 00:01:16: [admin.amxx] Login: "DRON12261<1><STEAM_ID_LAN><>" became an admin (account "loopback") (access "abcdefghijklmnopqrstuv") (address "loopback")
L 11/18/2021 - 00:07:54: -------- Mapchange to de_dust2_cz --------
L 11/18/2021 - 00:07:58: [admin.amxx] Login: "DRON12261<1><STEAM_ID_LAN><>" became an admin (account "loopback") (access "abcdefghijklmnopqrstuv") (address "loopback")
L 11/18/2021 - 00:08:00: [admin.amxx] Login: "DRON12261<1><STEAM_ID_LAN><>" became an admin (account "loopback") (access "abcdefghijklmnopqrstuv") (address "loopback")
L 11/18/2021 - 00:16:56: -------- Mapchange to de_dust2_cz --------
L 11/18/2021 - 00:17:00: [admin.amxx] Login: "DRON12261<1><STEAM_ID_LAN><>" became an admin (account "loopback") (access "abcdefghijklmnopqrstuv") (address "loopback")
L 11/18/2021 - 00:17:02: [admin.amxx] Login: "DRON12261<1><STEAM_ID_LAN><>" became an admin (account "loopback") (access "abcdefghijklmnopqrstuv") (address "loopback")
L 11/18/2021 - 00:17:45: -------- Mapchange to de_dust2_cz --------
L 11/18/2021 - 00:17:49: [admin.amxx] Login: "DRON12261<1><STEAM_ID_LAN><>" became an admin (account "loopback") (access "abcdefghijklmnopqrstuv") (address "loopback")
L 11/18/2021 - 00:17:51: [admin.amxx] Login: "DRON12261<1><STEAM_ID_LAN><>" became an admin (account "loopback") (access "abcdefghijklmnopqrstuv") (address "loopback")
L 11/18/2021 - 00:18:25: -------- Mapchange to de_dust2_cz --------
L 11/18/2021 - 00:18:29: [admin.amxx] Login: "DRON12261<1><STEAM_ID_LAN><>" became an admin (account "loopback") (access "abcdefghijklmnopqrstuv") (address "loopback")
L 11/18/2021 - 00:18:31: [admin.amxx] Login: "DRON12261<1><STEAM_ID_LAN><>" became an admin (account "loopback") (access "abcdefghijklmnopqrstuv") (address "loopback")
L 11/18/2021 - 00:27:50: -------- Mapchange to de_dust2 --------
L 11/18/2021 - 00:28:05: [admin.amxx] Login: "DRON12261<1><STEAM_ID_LAN><>" became an admin (account "loopback") (access "abcdefghijklmnopqrstuv") (address "loopback")
L 11/18/2021 - 00:28:11: [admin.amxx] Login: "DRON12261<1><STEAM_ID_LAN><>" became an admin (account "loopback") (access "abcdefghijklmnopqrstuv") (address "loopback")
L 11/18/2021 - 00:29:59: -------- Mapchange to t0a0b1 --------
L 11/18/2021 - 00:30:01: [admin.amxx] Login: "DRON12261<13><STEAM_ID_LAN><>" became an admin (account "loopback") (access "abcdefghijklmnopqrstuv") (address "loopback")
L 11/18/2021 - 00:30:02: [admin.amxx] Login: "DRON12261<13><STEAM_ID_LAN><>" became an admin (account "loopback") (access "abcdefghijklmnopqrstuv") (address "loopback")
L 11/18/2021 - 00:31:00: -------- Mapchange to de_dust_cz --------
L 11/18/2021 - 00:31:03: [admin.amxx] Login: "DRON12261<14><STEAM_ID_LAN><>" became an admin (account "loopback") (access "abcdefghijklmnopqrstuv") (address "loopback")
L 11/18/2021 - 00:31:05: [admin.amxx] Login: "DRON12261<14><STEAM_ID_LAN><>" became an admin (account "loopback") (access "abcdefghijklmnopqrstuv") (address "loopback")
L 11/18/2021 - 00:36:21: -------- Mapchange to de_aztec_cz --------
L 11/18/2021 - 00:36:25: [admin.amxx] Login: "DRON12261<1><STEAM_ID_LAN><>" became an admin (account "loopback") (access "abcdefghijklmnopqrstuv") (address "loopback")
L 11/18/2021 - 00:36:27: [admin.amxx] Login: "DRON12261<1><STEAM_ID_LAN><>" became an admin (account "loopback") (access "abcdefghijklmnopqrstuv") (address "loopback")
L 11/18/2021 - 01:11:17: -------- Mapchange to de_aztec_cz --------
L 11/18/2021 - 01:11:20: [admin.amxx] Login: "DRON12261<1><STEAM_ID_LAN><>" became an admin (account "loopback") (access "abcdefghijklmnopqrstuv") (address "loopback")
L 11/18/2021 - 01:11:23: [admin.amxx] Login: "DRON12261<1><STEAM_ID_LAN><>" became an admin (account "loopback") (access "abcdefghijklmnopqrstuv") (address "loopback")
L 11/18/2021 - 01:12:47: -------- Mapchange to de_aztec_cz --------
L 11/18/2021 - 01:12:51: [admin.amxx] Login: "DRON12261<1><STEAM_ID_LAN><>" became an admin (account "loopback") (access "abcdefghijklmnopqrstuv") (address "loopback")
L 11/18/2021 - 01:12:53: [admin.amxx] Login: "DRON12261<1><STEAM_ID_LAN><>" became an admin (account "loopback") (access "abcdefghijklmnopqrstuv") (address "loopback")
L 11/18/2021 - 01:17:12: -------- Mapchange to de_aztec_cz --------
L 11/18/2021 - 01:17:14: [admin.amxx] Login: "DRON12261<64><STEAM_ID_LAN><>" became an admin (account "loopback") (access "abcdefghijklmnopqrstuv") (address "loopback")
L 11/18/2021 - 01:17:15: [admin.amxx] Login: "DRON12261<64><STEAM_ID_LAN><>" became an admin (account "loopback") (access "abcdefghijklmnopqrstuv") (address "loopback")
L 11/18/2021 - 01:36:02: -------- Mapchange to de_cbble_cz --------
L 11/18/2021 - 01:36:06: [admin.amxx] Login: "DRON12261<1><STEAM_ID_LAN><>" became an admin (account "loopback") (access "abcdefghijklmnopqrstuv") (address "loopback")
L 11/18/2021 - 01:36:08: [admin.amxx] Login: "DRON12261<1><STEAM_ID_LAN><>" became an admin (account "loopback") (access "abcdefghijklmnopqrstuv") (address "loopback")
L 11/18/2021 - 01:39:15: -------- Mapchange to de_cbble_cz --------
L 11/18/2021 - 01:39:19: [admin.amxx] Login: "DRON12261<1><STEAM_ID_LAN><>" became an admin (account "loopback") (access "abcdefghijklmnopqrstuv") (address "loopback")
L 11/18/2021 - 01:39:21: [admin.amxx] Login: "DRON12261<1><STEAM_ID_LAN><>" became an admin (account "loopback") (access "abcdefghijklmnopqrstuv") (address "loopback")
L 11/18/2021 - 01:47:37: -------- Mapchange to de_cbble_cz --------
L 11/18/2021 - 01:47:41: [admin.amxx] Login: "DRON12261<1><STEAM_ID_LAN><>" became an admin (account "loopback") (access "abcdefghijklmnopqrstuv") (address "loopback")
L 11/18/2021 - 01:47:43: [admin.amxx] Login: "DRON12261<1><STEAM_ID_LAN><>" became an admin (account "loopback") (access "abcdefghijklmnopqrstuv") (address "loopback")
L 11/18/2021 - 04:30:45: -------- Mapchange to de_cbble_cz --------
L 11/18/2021 - 04:30:54: [admin.amxx] Login: "DRON12261<1><STEAM_ID_LAN><>" became an admin (account "loopback") (access "abcdefghijklmnopqrstuv") (address "loopback")
L 11/18/2021 - 04:31:00: [admin.amxx] Login: "DRON12261<1><STEAM_ID_LAN><>" became an admin (account "loopback") (access "abcdefghijklmnopqrstuv") (address "loopback")
L 11/18/2021 - 04:32:16: -------- Mapchange to de_cbble_cz --------
L 11/18/2021 - 04:32:21: [admin.amxx] Login: "DRON12261<1><STEAM_ID_LAN><>" became an admin (account "loopback") (access "abcdefghijklmnopqrstuv") (address "loopback")
L 11/18/2021 - 04:32:24: [admin.amxx] Login: "DRON12261<1><STEAM_ID_LAN><>" became an admin (account "loopback") (access "abcdefghijklmnopqrstuv") (address "loopback")
L 11/18/2021 - 04:44:43: -------- Mapchange to de_cbble_cz --------
L 11/18/2021 - 04:44:47: [admin.amxx] Login: "DRON12261<1><STEAM_ID_LAN><>" became an admin (account "loopback") (access "abcdefghijklmnopqrstuv") (address "loopback")
L 11/18/2021 - 04:44:49: [admin.amxx] Login: "DRON12261<1><STEAM_ID_LAN><>" became an admin (account "loopback") (access "abcdefghijklmnopqrstuv") (address "loopback")
L 11/18/2021 - 04:52:13: -------- Mapchange to de_cbble_cz --------
L 11/18/2021 - 04:52:18: [admin.amxx] Login: "DRON12261<1><STEAM_ID_LAN><>" became an admin (account "loopback") (access "abcdefghijklmnopqrstuv") (address "loopback")
L 11/18/2021 - 04:52:20: [admin.amxx] Login: "DRON12261<1><STEAM_ID_LAN><>" became an admin (account "loopback") (access "abcdefghijklmnopqrstuv") (address "loopback")
L 11/18/2021 - 04:56:31: -------- Mapchange to de_cbble_cz --------
L 11/18/2021 - 04:56:37: [admin.amxx] Login: "DRON12261<1><STEAM_ID_LAN><>" became an admin (account "loopback") (access "abcdefghijklmnopqrstuv") (address "loopback")
L 11/18/2021 - 04:56:40: [admin.amxx] Login: "DRON12261<1><STEAM_ID_LAN><>" became an admin (account "loopback") (access "abcdefghijklmnopqrstuv") (address "loopback")
L 11/18/2021 - 05:07:46: -------- Mapchange to de_dust2_cz --------
L 11/18/2021 - 05:07:53: [admin.amxx] Login: "DRON12261<1><STEAM_ID_LAN><>" became an admin (account "loopback") (access "abcdefghijklmnopqrstuv") (address "loopback")
L 11/18/2021 - 05:09:16: -------- Mapchange to de_dust2_cz --------
L 11/18/2021 - 05:09:20: [admin.amxx] Login: "DRON12261<1><STEAM_ID_LAN><>" became an admin (account "loopback") (access "abcdefghijklmnopqrstuv") (address "loopback")
L 11/18/2021 - 05:09:22: [admin.amxx] Login: "DRON12261<1><STEAM_ID_LAN><>" became an admin (account "loopback") (access "abcdefghijklmnopqrstuv") (address "loopback")
L 11/18/2021 - 05:31:00: -------- Mapchange to de_dust2_cz --------
L 11/18/2021 - 05:31:04: [admin.amxx] Login: "DRON12261<1><STEAM_ID_LAN><>" became an admin (account "loopback") (access "abcdefghijklmnopqrstuv") (address "loopback")
L 11/18/2021 - 05:31:06: [admin.amxx] Login: "DRON12261<1><STEAM_ID_LAN><>" became an admin (account "loopback") (access "abcdefghijklmnopqrstuv") (address "loopback")
L 11/18/2021 - 09:35:52: -------- Mapchange to de_dust2_cz --------
L 11/18/2021 - 09:36:04: [admin.amxx] Login: "DRON12261<1><STEAM_ID_LAN><>" became an admin (account "loopback") (access "abcdefghijklmnopqrstuv") (address "loopback")
L 11/18/2021 - 09:36:09: [admin.amxx] Login: "DRON12261<1><STEAM_ID_LAN><>" became an admin (account "loopback") (access "abcdefghijklmnopqrstuv") (address "loopback")
L 11/18/2021 - 09:52:57: -------- Mapchange to de_dust2_cz --------
L 11/18/2021 - 09:53:01: [admin.amxx] Login: "DRON12261<1><STEAM_ID_LAN><>" became an admin (account "loopback") (access "abcdefghijklmnopqrstuv") (address "loopback")
L 11/18/2021 - 09:53:03: [admin.amxx] Login: "DRON12261<1><STEAM_ID_LAN><>" became an admin (account "loopback") (access "abcdefghijklmnopqrstuv") (address "loopback")
L 11/18/2021 - 09:56:27: -------- Mapchange to de_dust2_cz --------
L 11/18/2021 - 09:56:31: [admin.amxx] Login: "DRON12261<1><STEAM_ID_LAN><>" became an admin (account "loopback") (access "abcdefghijklmnopqrstuv") (address "loopback")
L 11/18/2021 - 09:56:33: [admin.amxx] Login: "DRON12261<1><STEAM_ID_LAN><>" became an admin (account "loopback") (access "abcdefghijklmnopqrstuv") (address "loopback")
L 11/18/2021 - 09:57:26: -------- Mapchange to de_dust2_cz --------
L 11/18/2021 - 09:57:30: [admin.amxx] Login: "DRON12261<1><STEAM_ID_LAN><>" became an admin (account "loopback") (access "abcdefghijklmnopqrstuv") (address "loopback")
L 11/18/2021 - 09:57:32: [admin.amxx] Login: "DRON12261<1><STEAM_ID_LAN><>" became an admin (account "loopback") (access "abcdefghijklmnopqrstuv") (address "loopback")
L 11/18/2021 - 09:59:10: -------- Mapchange to de_dust2_cz --------
L 11/18/2021 - 09:59:13: [admin.amxx] Login: "DRON12261<1><STEAM_ID_LAN><>" became an admin (account "loopback") (access "abcdefghijklmnopqrstuv") (address "loopback")
L 11/18/2021 - 09:59:16: [admin.amxx] Login: "DRON12261<1><STEAM_ID_LAN><>" became an admin (account "loopback") (access "abcdefghijklmnopqrstuv") (address "loopback")
L 11/18/2021 - 10:00:35: -------- Mapchange to de_dust2_cz --------
L 11/18/2021 - 10:00:39: [admin.amxx] Login: "DRON12261<1><STEAM_ID_LAN><>" became an admin (account "loopback") (access "abcdefghijklmnopqrstuv") (address "loopback")
L 11/18/2021 - 10:00:42: [admin.amxx] Login: "DRON12261<1><STEAM_ID_LAN><>" became an admin (account "loopback") (access "abcdefghijklmnopqrstuv") (address "loopback")
L 11/18/2021 - 10:01:38: -------- Mapchange to de_dust2_cz --------
L 11/18/2021 - 10:01:42: [admin.amxx] Login: "DRON12261<1><STEAM_ID_LAN><>" became an admin (account "loopback") (access "abcdefghijklmnopqrstuv") (address "loopback")
L 11/18/2021 - 10:01:44: [admin.amxx] Login: "DRON12261<1><STEAM_ID_LAN><>" became an admin (account "loopback") (access "abcdefghijklmnopqrstuv") (address "loopback")
L 11/18/2021 - 10:05:47: -------- Mapchange to de_dust2_cz --------
L 11/18/2021 - 10:05:51: [admin.amxx] Login: "DRON12261<1><STEAM_ID_LAN><>" became an admin (account "loopback") (access "abcdefghijklmnopqrstuv") (address "loopback")
L 11/18/2021 - 10:05:53: [admin.amxx] Login: "DRON12261<1><STEAM_ID_LAN><>" became an admin (account "loopback") (access "abcdefghijklmnopqrstuv") (address "loopback")
L 11/18/2021 - 10:09:06: -------- Mapchange to de_dust2_cz --------
L 11/18/2021 - 10:09:10: [admin.amxx] Login: "DRON12261<1><STEAM_ID_LAN><>" became an admin (account "loopback") (access "abcdefghijklmnopqrstuv") (address "loopback")
L 11/18/2021 - 10:09:12: [admin.amxx] Login: "DRON12261<1><STEAM_ID_LAN><>" became an admin (account "loopback") (access "abcdefghijklmnopqrstuv") (address "loopback")
L 11/18/2021 - 10:10:57: -------- Mapchange to de_dust2_cz --------
L 11/18/2021 - 10:11:01: [admin.amxx] Login: "DRON12261<1><STEAM_ID_LAN><>" became an admin (account "loopback") (access "abcdefghijklmnopqrstuv") (address "loopback")
L 11/18/2021 - 10:11:03: [admin.amxx] Login: "DRON12261<1><STEAM_ID_LAN><>" became an admin (account "loopback") (access "abcdefghijklmnopqrstuv") (address "loopback")
L 11/18/2021 - 10:13:07: -------- Mapchange to de_dust2_cz --------
L 11/18/2021 - 10:13:11: [admin.amxx] Login: "DRON12261<1><STEAM_ID_LAN><>" became an admin (account "loopback") (access "abcdefghijklmnopqrstuv") (address "loopback")
L 11/18/2021 - 10:13:13: [admin.amxx] Login: "DRON12261<1><STEAM_ID_LAN><>" became an admin (account "loopback") (access "abcdefghijklmnopqrstuv") (address "loopback")
L 11/18/2021 - 10:16:57: -------- Mapchange to de_dust2_cz --------
L 11/18/2021 - 10:17:01: [admin.amxx] Login: "DRON12261<1><STEAM_ID_LAN><>" became an admin (account "loopback") (access "abcdefghijklmnopqrstuv") (address "loopback")
L 11/18/2021 - 10:17:03: [admin.amxx] Login: "DRON12261<1><STEAM_ID_LAN><>" became an admin (account "loopback") (access "abcdefghijklmnopqrstuv") (address "loopback")
L 11/18/2021 - 10:42:02: -------- Mapchange to de_dust2_cz --------
L 11/18/2021 - 10:42:05: [admin.amxx] Login: "DRON12261<1><STEAM_ID_LAN><>" became an admin (account "loopback") (access "abcdefghijklmnopqrstuv") (address "loopback")
L 11/18/2021 - 10:42:08: [admin.amxx] Login: "DRON12261<1><STEAM_ID_LAN><>" became an admin (account "loopback") (access "abcdefghijklmnopqrstuv") (address "loopback")
L 11/18/2021 - 10:50:06: -------- Mapchange to de_dust2_cz --------
L 11/18/2021 - 10:50:10: [admin.amxx] Login: "DRON12261<1><STEAM_ID_LAN><>" became an admin (account "loopback") (access "abcdefghijklmnopqrstuv") (address "loopback")
L 11/18/2021 - 10:50:12: [admin.amxx] Login: "DRON12261<1><STEAM_ID_LAN><>" became an admin (account "loopback") (access "abcdefghijklmnopqrstuv") (address "loopback")
L 11/18/2021 - 10:57:12: -------- Mapchange to de_dust2_cz --------
L 11/18/2021 - 10:57:16: [admin.amxx] Login: "DRON12261<1><STEAM_ID_LAN><>" became an admin (account "loopback") (access "abcdefghijklmnopqrstuv") (address "loopback")
L 11/18/2021 - 10:57:18: [admin.amxx] Login: "DRON12261<1><STEAM_ID_LAN><>" became an admin (account "loopback") (access "abcdefghijklmnopqrstuv") (address "loopback")
L 11/18/2021 - 11:06:50: -------- Mapchange to de_dust2_cz --------
L 11/18/2021 - 11:06:54: [admin.amxx] Login: "DRON12261<1><STEAM_ID_LAN><>" became an admin (account "loopback") (access "abcdefghijklmnopqrstuv") (address "loopback")
L 11/18/2021 - 11:06:56: [admin.amxx] Login: "DRON12261<1><STEAM_ID_LAN><>" became an admin (account "loopback") (access "abcdefghijklmnopqrstuv") (address "loopback")
L 11/18/2021 - 11:09:29: -------- Mapchange to de_dust2_cz --------
L 11/18/2021 - 11:09:33: [admin.amxx] Login: "DRON12261<1><STEAM_ID_LAN><>" became an admin (account "loopback") (access "abcdefghijklmnopqrstuv") (address "loopback")
L 11/18/2021 - 11:09:35: [admin.amxx] Login: "DRON12261<1><STEAM_ID_LAN><>" became an admin (account "loopback") (access "abcdefghijklmnopqrstuv") (address "loopback")
L 11/18/2021 - 11:14:40: -------- Mapchange to de_dust2_cz --------
L 11/18/2021 - 11:14:44: [admin.amxx] Login: "DRON12261<1><STEAM_ID_LAN><>" became an admin (account "loopback") (access "abcdefghijklmnopqrstuv") (address "loopback")
L 11/18/2021 - 11:14:46: [admin.amxx] Login: "DRON12261<1><STEAM_ID_LAN><>" became an admin (account "loopback") (access "abcdefghijklmnopqrstuv") (address "loopback")
L 11/18/2021 - 11:21:54: -------- Mapchange to de_dust2_cz --------
L 11/18/2021 - 11:21:57: [admin.amxx] Login: "DRON12261<1><STEAM_ID_LAN><>" became an admin (account "loopback") (access "abcdefghijklmnopqrstuv") (address "loopback")
L 11/18/2021 - 11:21:59: [admin.amxx] Login: "DRON12261<1><STEAM_ID_LAN><>" became an admin (account "loopback") (access "abcdefghijklmnopqrstuv") (address "loopback")
L 11/18/2021 - 11:27:25: -------- Mapchange to de_dust2_cz --------
L 11/18/2021 - 11:27:29: [admin.amxx] Login: "DRON12261<1><STEAM_ID_LAN><>" became an admin (account "loopback") (access "abcdefghijklmnopqrstuv") (address "loopback")
L 11/18/2021 - 11:27:31: [admin.amxx] Login: "DRON12261<1><STEAM_ID_LAN><>" became an admin (account "loopback") (access "abcdefghijklmnopqrstuv") (address "loopback")
L 11/18/2021 - 11:49:59: -------- Mapchange to de_dust2_cz --------
L 11/18/2021 - 11:50:03: [admin.amxx] Login: "DRON12261<1><STEAM_ID_LAN><>" became an admin (account "loopback") (access "abcdefghijklmnopqrstuv") (address "loopback")
L 11/18/2021 - 11:50:05: [admin.amxx] Login: "DRON12261<1><STEAM_ID_LAN><>" became an admin (account "loopback") (access "abcdefghijklmnopqrstuv") (address "loopback")
L 11/18/2021 - 11:57:17: -------- Mapchange to de_dust2_cz --------
L 11/18/2021 - 11:57:21: [admin.amxx] Login: "DRON12261<1><STEAM_ID_LAN><>" became an admin (account "loopback") (access "abcdefghijklmnopqrstuv") (address "loopback")
L 11/18/2021 - 11:57:23: [admin.amxx] Login: "DRON12261<1><STEAM_ID_LAN><>" became an admin (account "loopback") (access "abcdefghijklmnopqrstuv") (address "loopback")
L 11/18/2021 - 12:00:02: -------- Mapchange to de_dust2_cz --------
L 11/18/2021 - 12:00:06: [admin.amxx] Login: "DRON12261<1><STEAM_ID_LAN><>" became an admin (account "loopback") (access "abcdefghijklmnopqrstuv") (address "loopback")
L 11/18/2021 - 12:00:08: [admin.amxx] Login: "DRON12261<1><STEAM_ID_LAN><>" became an admin (account "loopback") (access "abcdefghijklmnopqrstuv") (address "loopback")
L 11/18/2021 - 14:49:17: -------- Mapchange to de_piranesi_cz --------
L 11/18/2021 - 14:49:29: [admin.amxx] Login: "DRON12261<1><STEAM_ID_LAN><>" became an admin (account "loopback") (access "abcdefghijklmnopqrstuv") (address "loopback")
L 11/18/2021 - 14:49:35: [admin.amxx] Login: "DRON12261<1><STEAM_ID_LAN><>" became an admin (account "loopback") (access "abcdefghijklmnopqrstuv") (address "loopback")
L 11/18/2021 - 15:34:32: -------- Mapchange to zm_corners --------
L 11/18/2021 - 15:34:42: [admin.amxx] Login: "DRON12261<1><STEAM_ID_LAN><>" became an admin (account "loopback") (access "abcdefghijklmnopqrstuv") (address "loopback")
L 11/18/2021 - 15:34:47: [admin.amxx] Login: "DRON12261<1><STEAM_ID_LAN><>" became an admin (account "loopback") (access "abcdefghijklmnopqrstuv") (address "loopback")
L 11/18/2021 - 15:35:02: -------- Mapchange to zm_corners --------
L 11/18/2021 - 15:35:04: [admin.amxx] Login: "DRON12261<1><STEAM_ID_LAN><>" became an admin (account "loopback") (access "abcdefghijklmnopqrstuv") (address "loopback")
L 11/18/2021 - 15:35:06: [admin.amxx] Login: "DRON12261<1><STEAM_ID_LAN><>" became an admin (account "loopback") (access "abcdefghijklmnopqrstuv") (address "loopback")
L 11/18/2021 - 15:38:18: -------- Mapchange to zm_industrial_wasteland --------
L 11/18/2021 - 15:38:20: [admin.amxx] Login: "DRON12261<14><STEAM_ID_LAN><>" became an admin (account "loopback") (access "abcdefghijklmnopqrstuv") (address "loopback")
L 11/18/2021 - 15:38:22: [admin.amxx] Login: "DRON12261<14><STEAM_ID_LAN><>" became an admin (account "loopback") (access "abcdefghijklmnopqrstuv") (address "loopback")
L 11/18/2021 - 15:44:16: -------- Mapchange to zm_urban_decay --------
L 11/18/2021 - 15:47:40: -------- Mapchange to as_airforceone --------
L 11/18/2021 - 15:48:31: -------- Mapchange to as_destown_cz --------
L 11/18/2021 - 15:48:36: [admin.amxx] Login: "DRON12261<1><STEAM_ID_LAN><>" became an admin (account "loopback") (access "abcdefghijklmnopqrstuv") (address "loopback")
L 11/18/2021 - 15:48:42: [admin.amxx] Login: "DRON12261<1><STEAM_ID_LAN><>" became an admin (account "loopback") (access "abcdefghijklmnopqrstuv") (address "loopback")
L 11/18/2021 - 15:50:40: -------- Mapchange to as_destown_cz --------
L 11/18/2021 - 15:50:42: [admin.amxx] Login: "DRON12261<1><STEAM_ID_LAN><>" became an admin (account "loopback") (access "abcdefghijklmnopqrstuv") (address "loopback")
L 11/18/2021 - 15:50:44: [admin.amxx] Login: "DRON12261<1><STEAM_ID_LAN><>" became an admin (account "loopback") (access "abcdefghijklmnopqrstuv") (address "loopback")
L 11/18/2021 - 15:51:58: -------- Mapchange to as_edgetown_cz --------
L 11/18/2021 - 15:52:00: [admin.amxx] Login: "DRON12261<14><STEAM_ID_LAN><>" became an admin (account "loopback") (access "abcdefghijklmnopqrstuv") (address "loopback")
L 11/18/2021 - 15:52:02: [admin.amxx] Login: "DRON12261<14><STEAM_ID_LAN><>" became an admin (account "loopback") (access "abcdefghijklmnopqrstuv") (address "loopback")
L 11/18/2021 - 15:56:33: -------- Mapchange to cs_miami_cz --------
L 11/18/2021 - 15:56:54: -------- Mapchange to cs_miami_cz --------
L 11/18/2021 - 15:56:59: [admin.amxx] Login: "DRON12261<1><STEAM_ID_LAN><>" became an admin (account "loopback") (access "abcdefghijklmnopqrstuv") (address "loopback")
L 11/18/2021 - 15:57:02: [admin.amxx] Login: "DRON12261<1><STEAM_ID_LAN><>" became an admin (account "loopback") (access "abcdefghijklmnopqrstuv") (address "loopback")
L 11/18/2021 - 16:00:01: -------- Mapchange to cs_miami_cz --------
L 11/18/2021 - 16:00:03: [admin.amxx] Login: "DRON12261<1><STEAM_ID_LAN><>" became an admin (account "loopback") (access "abcdefghijklmnopqrstuv") (address "loopback")
L 11/18/2021 - 16:00:05: [admin.amxx] Login: "DRON12261<1><STEAM_ID_LAN><>" became an admin (account "loopback") (access "abcdefghijklmnopqrstuv") (address "loopback")
L 11/18/2021 - 16:20:19: -------- Mapchange to cs_italy_cz --------
L 11/18/2021 - 16:20:21: [admin.amxx] Login: "DRON12261<1><STEAM_ID_LAN><>" became an admin (account "loopback") (access "abcdefghijklmnopqrstuv") (address "loopback")
L 11/18/2021 - 16:20:23: [admin.amxx] Login: "DRON12261<1><STEAM_ID_LAN><>" became an admin (account "loopback") (access "abcdefghijklmnopqrstuv") (address "loopback")
L 11/18/2021 - 17:43:05: -------- Mapchange to zp_pollution --------
L 11/18/2021 - 17:43:16: [admin.amxx] Login: "DRON12261<1><STEAM_ID_LAN><>" became an admin (account "loopback") (access "abcdefghijklmnopqrstuv") (address "loopback")
L 11/18/2021 - 17:43:22: [admin.amxx] Login: "DRON12261<1><STEAM_ID_LAN><>" became an admin (account "loopback") (access "abcdefghijklmnopqrstuv") (address "loopback")
L 11/18/2021 - 17:44:19: -------- Mapchange to zp_pollution --------
L 11/18/2021 - 17:44:21: [admin.amxx] Login: "DRON12261<1><STEAM_ID_LAN><>" became an admin (account "loopback") (access "abcdefghijklmnopqrstuv") (address "loopback")
L 11/18/2021 - 17:44:22: [admin.amxx] Login: "DRON12261<1><STEAM_ID_LAN><>" became an admin (account "loopback") (access "abcdefghijklmnopqrstuv") (address "loopback")
L 11/18/2021 - 17:48:18: -------- Mapchange to zp_zplague_ice --------
L 11/18/2021 - 17:48:20: [admin.amxx] Login: "DRON12261<14><STEAM_ID_LAN><>" became an admin (account "loopback") (access "abcdefghijklmnopqrstuv") (address "loopback")
L 11/18/2021 - 17:48:22: [admin.amxx] Login: "DRON12261<14><STEAM_ID_LAN><>" became an admin (account "loopback") (access "abcdefghijklmnopqrstuv") (address "loopback")
L 11/18/2021 - 17:48:24: -------- Mapchange to zp_zplague_ice --------
L 11/18/2021 - 17:48:26: [admin.amxx] Login: "DRON12261<14><STEAM_ID_LAN><>" became an admin (account "loopback") (access "abcdefghijklmnopqrstuv") (address "loopback")
L 11/18/2021 - 17:48:28: [admin.amxx] Login: "DRON12261<14><STEAM_ID_LAN><>" became an admin (account "loopback") (access "abcdefghijklmnopqrstuv") (address "loopback")
L 11/18/2021 - 17:50:51: -------- Mapchange to zp_bridge_stown --------
L 11/18/2021 - 17:50:54: [admin.amxx] Login: "DRON12261<27><STEAM_ID_LAN><>" became an admin (account "loopback") (access "abcdefghijklmnopqrstuv") (address "loopback")
L 11/18/2021 - 17:50:55: [admin.amxx] Login: "DRON12261<27><STEAM_ID_LAN><>" became an admin (account "loopback") (access "abcdefghijklmnopqrstuv") (address "loopback")
L 11/18/2021 - 17:53:21: -------- Mapchange to zp_bridge_stown --------
L 11/18/2021 - 17:53:23: [admin.amxx] Login: "DRON12261<27><STEAM_ID_LAN><>" became an admin (account "loopback") (access "abcdefghijklmnopqrstuv") (address "loopback")
L 11/18/2021 - 17:53:25: [admin.amxx] Login: "DRON12261<27><STEAM_ID_LAN><>" became an admin (account "loopback") (access "abcdefghijklmnopqrstuv") (address "loopback")
L 11/18/2021 - 17:53:54: -------- Mapchange to zp_hazard_factory_ng --------
L 11/18/2021 - 17:53:56: [admin.amxx] Login: "DRON12261<40><STEAM_ID_LAN><>" became an admin (account "loopback") (access "abcdefghijklmnopqrstuv") (address "loopback")
L 11/18/2021 - 17:53:57: [admin.amxx] Login: "DRON12261<40><STEAM_ID_LAN><>" became an admin (account "loopback") (access "abcdefghijklmnopqrstuv") (address "loopback")
L 11/18/2021 - 17:54:05: -------- Mapchange to zp_hazard_factory_ng --------
L 11/18/2021 - 17:54:07: [admin.amxx] Login: "DRON12261<40><STEAM_ID_LAN><>" became an admin (account "loopback") (access "abcdefghijklmnopqrstuv") (address "loopback")
L 11/18/2021 - 17:54:09: [admin.amxx] Login: "DRON12261<40><STEAM_ID_LAN><>" became an admin (account "loopback") (access "abcdefghijklmnopqrstuv") (address "loopback")
L 11/18/2021 - 17:55:24: -------- Mapchange to zp_outbase_beta --------
L 11/18/2021 - 17:55:26: [admin.amxx] Login: "DRON12261<53><STEAM_ID_LAN><>" became an admin (account "loopback") (access "abcdefghijklmnopqrstuv") (address "loopback")
L 11/18/2021 - 17:55:28: [admin.amxx] Login: "DRON12261<53><STEAM_ID_LAN><>" became an admin (account "loopback") (access "abcdefghijklmnopqrstuv") (address "loopback")
L 11/18/2021 - 17:56:36: -------- Mapchange to zp_outbase_beta --------
L 11/18/2021 - 17:56:38: [admin.amxx] Login: "DRON12261<53><STEAM_ID_LAN><>" became an admin (account "loopback") (access "abcdefghijklmnopqrstuv") (address "loopback")
L 11/18/2021 - 17:56:39: [admin.amxx] Login: "DRON12261<53><STEAM_ID_LAN><>" became an admin (account "loopback") (access "abcdefghijklmnopqrstuv") (address "loopback")
L 11/18/2021 - 17:58:31: -------- Mapchange to zp_skybuilding_cso --------
L 11/18/2021 - 17:58:33: [admin.amxx] Login: "DRON12261<66><STEAM_ID_LAN><>" became an admin (account "loopback") (access "abcdefghijklmnopqrstuv") (address "loopback")
L 11/18/2021 - 17:58:36: [admin.amxx] Login: "DRON12261<66><STEAM_ID_LAN><>" became an admin (account "loopback") (access "abcdefghijklmnopqrstuv") (address "loopback")
L 11/18/2021 - 19:23:13: -------- Mapchange to zp_skybuilding_cso --------
L 11/18/2021 - 19:28:02: -------- Mapchange to zm_mainstreet --------
L 11/18/2021 - 19:28:08: [admin.amxx] Login: "DRON12261<1><STEAM_ID_LAN><>" became an admin (account "loopback") (access "abcdefghijklmnopqrstuv") (address "loopback")
L 11/18/2021 - 19:28:14: [admin.amxx] Login: "DRON12261<1><STEAM_ID_LAN><>" became an admin (account "loopback") (access "abcdefghijklmnopqrstuv") (address "loopback")
L 11/18/2021 - 19:30:38: -------- Mapchange to zm_mainstreet --------
L 11/18/2021 - 19:30:41: [admin.amxx] Login: "DRON12261<1><STEAM_ID_LAN><>" became an admin (account "loopback") (access "abcdefghijklmnopqrstuv") (address "loopback")
L 11/18/2021 - 19:30:43: [admin.amxx] Login: "DRON12261<1><STEAM_ID_LAN><>" became an admin (account "loopback") (access "abcdefghijklmnopqrstuv") (address "loopback")
L 11/18/2021 - 19:32:06: -------- Mapchange to zm_valiance-xy --------
L 11/18/2021 - 19:32:09: [admin.amxx] Login: "DRON12261<14><STEAM_ID_LAN><>" became an admin (account "loopback") (access "abcdefghijklmnopqrstuv") (address "loopback")
L 11/18/2021 - 19:32:11: [admin.amxx] Login: "DRON12261<14><STEAM_ID_LAN><>" became an admin (account "loopback") (access "abcdefghijklmnopqrstuv") (address "loopback")
L 11/18/2021 - 19:32:21: -------- Mapchange to zm_valiance-xy --------
L 11/18/2021 - 19:32:23: [admin.amxx] Login: "DRON12261<14><STEAM_ID_LAN><>" became an admin (account "loopback") (access "abcdefghijklmnopqrstuv") (address "loopback")
L 11/18/2021 - 19:32:25: [admin.amxx] Login: "DRON12261<14><STEAM_ID_LAN><>" became an admin (account "loopback") (access "abcdefghijklmnopqrstuv") (address "loopback")
L 11/18/2021 - 19:36:10: -------- Mapchange to zp_alphacode --------
L 11/18/2021 - 19:36:13: [admin.amxx] Login: "DRON12261<27><STEAM_ID_LAN><>" became an admin (account "loopback") (access "abcdefghijklmnopqrstuv") (address "loopback")
L 11/18/2021 - 19:36:14: [admin.amxx] Login: "DRON12261<27><STEAM_ID_LAN><>" became an admin (account "loopback") (access "abcdefghijklmnopqrstuv") (address "loopback")
L 11/18/2021 - 19:39:48: -------- Mapchange to zp_alphacode --------
L 11/18/2021 - 19:39:50: [admin.amxx] Login: "DRON12261<27><STEAM_ID_LAN><>" became an admin (account "loopback") (access "abcdefghijklmnopqrstuv") (address "loopback")
L 11/18/2021 - 19:39:51: [admin.amxx] Login: "DRON12261<27><STEAM_ID_LAN><>" became an admin (account "loopback") (access "abcdefghijklmnopqrstuv") (address "loopback")
L 11/18/2021 - 19:44:35: -------- Mapchange to zp_bunker_beta --------
L 11/18/2021 - 19:44:37: [admin.amxx] Login: "DRON12261<40><STEAM_ID_LAN><>" became an admin (account "loopback") (access "abcdefghijklmnopqrstuv") (address "loopback")
L 11/18/2021 - 19:44:39: [admin.amxx] Login: "DRON12261<40><STEAM_ID_LAN><>" became an admin (account "loopback") (access "abcdefghijklmnopqrstuv") (address "loopback")
L 11/18/2021 - 19:46:24: -------- Mapchange to zp_bunker_beta --------
L 11/18/2021 - 19:46:27: [admin.amxx] Login: "DRON12261<40><STEAM_ID_LAN><>" became an admin (account "loopback") (access "abcdefghijklmnopqrstuv") (address "loopback")
L 11/18/2021 - 19:46:28: [admin.amxx] Login: "DRON12261<40><STEAM_ID_LAN><>" became an admin (account "loopback") (access "abcdefghijklmnopqrstuv") (address "loopback")
L 11/18/2021 - 23:19:07: -------- Mapchange to zp_pollution --------
L 11/18/2021 - 23:19:18: [admin.amxx] Login: "DRON12261<1><STEAM_ID_LAN><>" became an admin (account "loopback") (access "abcdefghijklmnopqrstuv") (address "loopback")
L 11/18/2021 - 23:19:24: [admin.amxx] Login: "DRON12261<1><STEAM_ID_LAN><>" became an admin (account "loopback") (access "abcdefghijklmnopqrstuv") (address "loopback")
L 11/18/2021 - 23:29:13: -------- Mapchange to zp_pollution --------
L 11/18/2021 - 23:29:19: [admin.amxx] Login: "DRON12261<1><STEAM_ID_LAN><>" became an admin (account "loopback") (access "abcdefghijklmnopqrstuv") (address "loopback")
L 11/18/2021 - 23:29:21: [admin.amxx] Login: "DRON12261<1><STEAM_ID_LAN><>" became an admin (account "loopback") (access "abcdefghijklmnopqrstuv") (address "loopback")
