L 11/28/2021 - 17:59:40: -------- Mapchange to de_dust2_1337_cz --------
L 11/28/2021 - 17:59:41: [zp50_buy_menus.amxx] 


Class: 0, Classic Human.
L 11/28/2021 - 17:59:41: [zp50_buy_menus.amxx] Primary weapon: weapon_galil, 14.
L 11/28/2021 - 17:59:41: [zp50_buy_menus.amxx] Primary weapon: weapon_famas, 15.
L 11/28/2021 - 17:59:41: [zp50_buy_menus.amxx] Primary weapon: weapon_m4a1, 22.
L 11/28/2021 - 17:59:41: [zp50_buy_menus.amxx] Primary weapon: weapon_ak47, 28.
L 11/28/2021 - 17:59:41: [zp50_buy_menus.amxx] Primary weapon: weapon_sg552, 27.
L 11/28/2021 - 17:59:41: [zp50_buy_menus.amxx] Primary weapon: weapon_aug, 8.
L 11/28/2021 - 17:59:41: [zp50_buy_menus.amxx] Primary weapon: weapon_scout, 3.
L 11/28/2021 - 17:59:41: [zp50_buy_menus.amxx] Primary weapon: weapon_m3, 21.
L 11/28/2021 - 17:59:41: [zp50_buy_menus.amxx] Primary weapon: weapon_xm1014, 5.
L 11/28/2021 - 17:59:41: [zp50_buy_menus.amxx] Primary weapon: weapon_tmp, 23.
L 11/28/2021 - 17:59:41: [zp50_buy_menus.amxx] Primary weapon: weapon_mac10, 7.
L 11/28/2021 - 17:59:41: [zp50_buy_menus.amxx] Primary weapon: weapon_ump45, 12.
L 11/28/2021 - 17:59:41: [zp50_buy_menus.amxx] Primary weapon: weapon_mp5navy, 19.
L 11/28/2021 - 17:59:41: [zp50_buy_menus.amxx] Primary weapon: weapon_p90, 30.
L 11/28/2021 - 17:59:41: [zp50_buy_menus.amxx] Secondary weapon: weapon_glock18, 17.
L 11/28/2021 - 17:59:41: [zp50_buy_menus.amxx] Secondary weapon: weapon_usp, 16.
L 11/28/2021 - 17:59:41: [zp50_buy_menus.amxx] Secondary weapon: weapon_p228, 1.
L 11/28/2021 - 17:59:41: [zp50_buy_menus.amxx] Secondary weapon: weapon_deagle, 26.
L 11/28/2021 - 17:59:41: [zp50_buy_menus.amxx] Secondary weapon: weapon_fiveseven, 11.
L 11/28/2021 - 17:59:41: [zp50_buy_menus.amxx] Secondary weapon: weapon_elite, 10.
L 11/28/2021 - 17:59:41: [zp50_buy_menus.amxx] 


Class: 1, Raptor Human.
L 11/28/2021 - 17:59:41: [zp50_buy_menus.amxx] Primary weapon: weapon_scout, 3.
L 11/28/2021 - 17:59:41: [zp50_buy_menus.amxx] Primary weapon: weapon_tmp, 23.
L 11/28/2021 - 17:59:41: [zp50_buy_menus.amxx] Primary weapon: weapon_mac10, 7.
L 11/28/2021 - 17:59:41: [zp50_buy_menus.amxx] Primary weapon: weapon_ump45, 12.
L 11/28/2021 - 17:59:41: [zp50_buy_menus.amxx] Primary weapon: weapon_mp5navy, 19.
L 11/28/2021 - 17:59:41: [zp50_buy_menus.amxx] Primary weapon: weapon_p90, 30.
L 11/28/2021 - 17:59:41: [zp50_buy_menus.amxx] Secondary weapon: weapon_glock18, 17.
L 11/28/2021 - 17:59:41: [zp50_buy_menus.amxx] Secondary weapon: weapon_usp, 16.
L 11/28/2021 - 17:59:41: [zp50_buy_menus.amxx] Secondary weapon: weapon_p228, 1.
L 11/28/2021 - 17:59:41: [zp50_buy_menus.amxx] Secondary weapon: weapon_deagle, 26.
L 11/28/2021 - 17:59:41: [zp50_buy_menus.amxx] Secondary weapon: weapon_fiveseven, 11.
L 11/28/2021 - 17:59:41: [zp50_buy_menus.amxx] Secondary weapon: weapon_elite, 10.
L 11/28/2021 - 17:59:41: [zp50_buy_menus.amxx] 


Class: 2, Ironclad.
L 11/28/2021 - 17:59:41: [zp50_buy_menus.amxx] Primary weapon: weapon_galil, 14.
L 11/28/2021 - 17:59:41: [zp50_buy_menus.amxx] Primary weapon: weapon_famas, 15.
L 11/28/2021 - 17:59:41: [zp50_buy_menus.amxx] Primary weapon: weapon_m4a1, 22.
L 11/28/2021 - 17:59:41: [zp50_buy_menus.amxx] Primary weapon: weapon_ak47, 28.
L 11/28/2021 - 17:59:41: [zp50_buy_menus.amxx] Primary weapon: weapon_sg552, 27.
L 11/28/2021 - 17:59:41: [zp50_buy_menus.amxx] Primary weapon: weapon_aug, 8.
L 11/28/2021 - 17:59:41: [zp50_buy_menus.amxx] Primary weapon: weapon_scout, 3.
L 11/28/2021 - 17:59:41: [zp50_buy_menus.amxx] Primary weapon: weapon_m3, 21.
L 11/28/2021 - 17:59:41: [zp50_buy_menus.amxx] Primary weapon: weapon_xm1014, 5.
L 11/28/2021 - 17:59:41: [zp50_buy_menus.amxx] Primary weapon: weapon_tmp, 23.
L 11/28/2021 - 17:59:41: [zp50_buy_menus.amxx] Primary weapon: weapon_mac10, 7.
L 11/28/2021 - 17:59:41: [zp50_buy_menus.amxx] Primary weapon: weapon_ump45, 12.
L 11/28/2021 - 17:59:41: [zp50_buy_menus.amxx] Primary weapon: weapon_mp5navy, 19.
L 11/28/2021 - 17:59:41: [zp50_buy_menus.amxx] Primary weapon: weapon_p90, 30.
L 11/28/2021 - 17:59:41: [zp50_buy_menus.amxx] Secondary weapon: weapon_glock18, 17.
L 11/28/2021 - 17:59:41: [zp50_buy_menus.amxx] Secondary weapon: weapon_usp, 16.
L 11/28/2021 - 17:59:41: [zp50_buy_menus.amxx] Secondary weapon: weapon_p228, 1.
L 11/28/2021 - 17:59:41: [zp50_buy_menus.amxx] Secondary weapon: weapon_deagle, 26.
L 11/28/2021 - 17:59:41: [zp50_buy_menus.amxx] Secondary weapon: weapon_fiveseven, 11.
L 11/28/2021 - 17:59:42: [zp50_buy_menus.amxx] Secondary weapon: weapon_elite, 10.
L 11/28/2021 - 17:59:42: [zp50_buy_menus.amxx] 


Class: 3, Glowman.
L 11/28/2021 - 17:59:42: [zp50_buy_menus.amxx] Primary weapon: weapon_galil, 14.
L 11/28/2021 - 17:59:42: [zp50_buy_menus.amxx] Primary weapon: weapon_famas, 15.
L 11/28/2021 - 17:59:42: [zp50_buy_menus.amxx] Primary weapon: weapon_m4a1, 22.
L 11/28/2021 - 17:59:42: [zp50_buy_menus.amxx] Primary weapon: weapon_ak47, 28.
L 11/28/2021 - 17:59:42: [zp50_buy_menus.amxx] Primary weapon: weapon_sg552, 27.
L 11/28/2021 - 17:59:42: [zp50_buy_menus.amxx] Primary weapon: weapon_aug, 8.
L 11/28/2021 - 17:59:42: [zp50_buy_menus.amxx] Secondary weapon: weapon_glock18, 17.
L 11/28/2021 - 17:59:42: [zp50_buy_menus.amxx] Secondary weapon: weapon_usp, 16.
L 11/28/2021 - 17:59:42: [zp50_buy_menus.amxx] Secondary weapon: weapon_p228, 1.
L 11/28/2021 - 17:59:42: [zp50_buy_menus.amxx] Secondary weapon: weapon_deagle, 26.
L 11/28/2021 - 17:59:42: [zp50_buy_menus.amxx] Secondary weapon: weapon_fiveseven, 11.
L 11/28/2021 - 17:59:42: [zp50_buy_menus.amxx] Secondary weapon: weapon_elite, 10.
L 11/28/2021 - 17:59:42: [zp50_buy_menus.amxx] 


Class: 4, Runner.
L 11/28/2021 - 17:59:42: [zp50_buy_menus.amxx] Secondary weapon: weapon_glock18, 17.
L 11/28/2021 - 17:59:42: [zp50_buy_menus.amxx] Secondary weapon: weapon_usp, 16.
L 11/28/2021 - 17:59:42: [zp50_buy_menus.amxx] Secondary weapon: weapon_p228, 1.
L 11/28/2021 - 17:59:42: [zp50_buy_menus.amxx] Secondary weapon: weapon_deagle, 26.
L 11/28/2021 - 17:59:42: [zp50_buy_menus.amxx] Secondary weapon: weapon_fiveseven, 11.
L 11/28/2021 - 17:59:42: [zp50_buy_menus.amxx] Secondary weapon: weapon_elite, 10.
L 11/28/2021 - 17:59:42: [zp50_buy_menus.amxx] 


Class: 5, Grenadier.
L 11/28/2021 - 17:59:42: [zp50_buy_menus.amxx] Primary weapon: weapon_m3, 21.
L 11/28/2021 - 17:59:42: [zp50_buy_menus.amxx] Primary weapon: weapon_xm1014, 5.
L 11/28/2021 - 17:59:42: [zp50_buy_menus.amxx] Secondary weapon: weapon_glock18, 17.
L 11/28/2021 - 17:59:42: [zp50_buy_menus.amxx] Secondary weapon: weapon_usp, 16.
L 11/28/2021 - 17:59:42: [zp50_buy_menus.amxx] Secondary weapon: weapon_p228, 1.
L 11/28/2021 - 17:59:42: [zp50_buy_menus.amxx] Secondary weapon: weapon_deagle, 26.
L 11/28/2021 - 17:59:42: [zp50_buy_menus.amxx] Secondary weapon: weapon_fiveseven, 11.
L 11/28/2021 - 17:59:42: [zp50_buy_menus.amxx] Secondary weapon: weapon_elite, 10.
L 11/28/2021 - 17:59:42: [zp50_buy_menus.amxx] 


Class: 6, Killer.
L 11/28/2021 - 17:59:42: [zp50_buy_menus.amxx] Primary weapon: weapon_scout, 3.
L 11/28/2021 - 17:59:45: [admin.amxx] Login: "DRON12261<1><STEAM_ID_LAN><>" became an admin (account "loopback") (access "abcdefghijklmnopqrstuv") (address "loopback")
L 11/28/2021 - 17:59:47: [admin.amxx] Login: "DRON12261<1><STEAM_ID_LAN><>" became an admin (account "loopback") (access "abcdefghijklmnopqrstuv") (address "loopback")
L 11/28/2021 - 17:59:47: [zp50_buy_menus.amxx] weaponCountPrimary Classid 0 is 14. weapon_galil
L 11/28/2021 - 17:59:50: [zp50_buy_menus.amxx] weaponCountPrimary Classid 6 is 1. weapon_scout
L 11/28/2021 - 18:03:57: [zp50_buy_menus.amxx] weaponCountSecondary Classid 4 is 6. weapon_glock18
L 11/28/2021 - 18:08:34: [zp50_buy_menus.amxx] weaponCountSecondary Classid 4 is 6. weapon_glock18
L 11/28/2021 - 18:08:52: [zp50_buy_menus.amxx] weaponCountSecondary Classid 4 is 6. weapon_glock18
L 11/28/2021 - 18:09:47: [zp50_buy_menus.amxx] weaponCountSecondary Classid 4 is 6. weapon_glock18
L 11/28/2021 - 20:32:05: -------- Mapchange to de_dust2_extended_cz --------
L 11/28/2021 - 20:32:09: [zp50_buy_menus.amxx] 


Class: 0, Classic Human.
L 11/28/2021 - 20:32:09: [zp50_buy_menus.amxx] Primary weapon: weapon_galil, 14.
L 11/28/2021 - 20:32:09: [zp50_buy_menus.amxx] Primary weapon: weapon_famas, 15.
L 11/28/2021 - 20:32:09: [zp50_buy_menus.amxx] Primary weapon: weapon_m4a1, 22.
L 11/28/2021 - 20:32:09: [zp50_buy_menus.amxx] Primary weapon: weapon_ak47, 28.
L 11/28/2021 - 20:32:09: [zp50_buy_menus.amxx] Primary weapon: weapon_sg552, 27.
L 11/28/2021 - 20:32:09: [zp50_buy_menus.amxx] Primary weapon: weapon_aug, 8.
L 11/28/2021 - 20:32:09: [zp50_buy_menus.amxx] Primary weapon: weapon_scout, 3.
L 11/28/2021 - 20:32:09: [zp50_buy_menus.amxx] Primary weapon: weapon_m3, 21.
L 11/28/2021 - 20:32:09: [zp50_buy_menus.amxx] Primary weapon: weapon_xm1014, 5.
L 11/28/2021 - 20:32:09: [zp50_buy_menus.amxx] Primary weapon: weapon_tmp, 23.
L 11/28/2021 - 20:32:09: [zp50_buy_menus.amxx] Primary weapon: weapon_mac10, 7.
L 11/28/2021 - 20:32:09: [zp50_buy_menus.amxx] Primary weapon: weapon_ump45, 12.
L 11/28/2021 - 20:32:09: [zp50_buy_menus.amxx] Primary weapon: weapon_mp5navy, 19.
L 11/28/2021 - 20:32:09: [zp50_buy_menus.amxx] Primary weapon: weapon_p90, 30.
L 11/28/2021 - 20:32:09: [zp50_buy_menus.amxx] Secondary weapon: weapon_glock18, 17.
L 11/28/2021 - 20:32:09: [zp50_buy_menus.amxx] Secondary weapon: weapon_usp, 16.
L 11/28/2021 - 20:32:09: [zp50_buy_menus.amxx] Secondary weapon: weapon_p228, 1.
L 11/28/2021 - 20:32:09: [zp50_buy_menus.amxx] Secondary weapon: weapon_deagle, 26.
L 11/28/2021 - 20:32:09: [zp50_buy_menus.amxx] Secondary weapon: weapon_fiveseven, 11.
L 11/28/2021 - 20:32:09: [zp50_buy_menus.amxx] Secondary weapon: weapon_elite, 10.
L 11/28/2021 - 20:32:10: [zp50_buy_menus.amxx] 


Class: 1, Raptor Human.
L 11/28/2021 - 20:32:10: [zp50_buy_menus.amxx] Primary weapon: weapon_scout, 3.
L 11/28/2021 - 20:32:10: [zp50_buy_menus.amxx] Primary weapon: weapon_tmp, 23.
L 11/28/2021 - 20:32:10: [zp50_buy_menus.amxx] Primary weapon: weapon_mac10, 7.
L 11/28/2021 - 20:32:10: [zp50_buy_menus.amxx] Primary weapon: weapon_ump45, 12.
L 11/28/2021 - 20:32:10: [zp50_buy_menus.amxx] Primary weapon: weapon_mp5navy, 19.
L 11/28/2021 - 20:32:10: [zp50_buy_menus.amxx] Primary weapon: weapon_p90, 30.
L 11/28/2021 - 20:32:10: [zp50_buy_menus.amxx] Secondary weapon: weapon_glock18, 17.
L 11/28/2021 - 20:32:10: [zp50_buy_menus.amxx] Secondary weapon: weapon_usp, 16.
L 11/28/2021 - 20:32:10: [zp50_buy_menus.amxx] Secondary weapon: weapon_p228, 1.
L 11/28/2021 - 20:32:10: [zp50_buy_menus.amxx] Secondary weapon: weapon_deagle, 26.
L 11/28/2021 - 20:32:10: [zp50_buy_menus.amxx] Secondary weapon: weapon_fiveseven, 11.
L 11/28/2021 - 20:32:10: [zp50_buy_menus.amxx] Secondary weapon: weapon_elite, 10.
L 11/28/2021 - 20:32:10: [zp50_buy_menus.amxx] 


Class: 2, Ironclad.
L 11/28/2021 - 20:32:10: [zp50_buy_menus.amxx] Primary weapon: weapon_galil, 14.
L 11/28/2021 - 20:32:10: [zp50_buy_menus.amxx] Primary weapon: weapon_famas, 15.
L 11/28/2021 - 20:32:10: [zp50_buy_menus.amxx] Primary weapon: weapon_m4a1, 22.
L 11/28/2021 - 20:32:10: [zp50_buy_menus.amxx] Primary weapon: weapon_ak47, 28.
L 11/28/2021 - 20:32:10: [zp50_buy_menus.amxx] Primary weapon: weapon_sg552, 27.
L 11/28/2021 - 20:32:10: [zp50_buy_menus.amxx] Primary weapon: weapon_aug, 8.
L 11/28/2021 - 20:32:10: [zp50_buy_menus.amxx] Primary weapon: weapon_scout, 3.
L 11/28/2021 - 20:32:10: [zp50_buy_menus.amxx] Primary weapon: weapon_m3, 21.
L 11/28/2021 - 20:32:10: [zp50_buy_menus.amxx] Primary weapon: weapon_xm1014, 5.
L 11/28/2021 - 20:32:10: [zp50_buy_menus.amxx] Primary weapon: weapon_tmp, 23.
L 11/28/2021 - 20:32:10: [zp50_buy_menus.amxx] Primary weapon: weapon_mac10, 7.
L 11/28/2021 - 20:32:10: [zp50_buy_menus.amxx] Primary weapon: weapon_ump45, 12.
L 11/28/2021 - 20:32:10: [zp50_buy_menus.amxx] Primary weapon: weapon_mp5navy, 19.
L 11/28/2021 - 20:32:10: [zp50_buy_menus.amxx] Primary weapon: weapon_p90, 30.
L 11/28/2021 - 20:32:10: [zp50_buy_menus.amxx] Secondary weapon: weapon_glock18, 17.
L 11/28/2021 - 20:32:10: [zp50_buy_menus.amxx] Secondary weapon: weapon_usp, 16.
L 11/28/2021 - 20:32:10: [zp50_buy_menus.amxx] Secondary weapon: weapon_p228, 1.
L 11/28/2021 - 20:32:10: [zp50_buy_menus.amxx] Secondary weapon: weapon_deagle, 26.
L 11/28/2021 - 20:32:10: [zp50_buy_menus.amxx] Secondary weapon: weapon_fiveseven, 11.
L 11/28/2021 - 20:32:10: [zp50_buy_menus.amxx] Secondary weapon: weapon_elite, 10.
L 11/28/2021 - 20:32:10: [zp50_buy_menus.amxx] 


Class: 3, Glowman.
L 11/28/2021 - 20:32:10: [zp50_buy_menus.amxx] Primary weapon: weapon_galil, 14.
L 11/28/2021 - 20:32:10: [zp50_buy_menus.amxx] Primary weapon: weapon_famas, 15.
L 11/28/2021 - 20:32:10: [zp50_buy_menus.amxx] Primary weapon: weapon_m4a1, 22.
L 11/28/2021 - 20:32:10: [zp50_buy_menus.amxx] Primary weapon: weapon_ak47, 28.
L 11/28/2021 - 20:32:10: [zp50_buy_menus.amxx] Primary weapon: weapon_sg552, 27.
L 11/28/2021 - 20:32:10: [zp50_buy_menus.amxx] Primary weapon: weapon_aug, 8.
L 11/28/2021 - 20:32:10: [zp50_buy_menus.amxx] Secondary weapon: weapon_glock18, 17.
L 11/28/2021 - 20:32:10: [zp50_buy_menus.amxx] Secondary weapon: weapon_usp, 16.
L 11/28/2021 - 20:32:10: [zp50_buy_menus.amxx] Secondary weapon: weapon_p228, 1.
L 11/28/2021 - 20:32:10: [zp50_buy_menus.amxx] Secondary weapon: weapon_deagle, 26.
L 11/28/2021 - 20:32:10: [zp50_buy_menus.amxx] Secondary weapon: weapon_fiveseven, 11.
L 11/28/2021 - 20:32:10: [zp50_buy_menus.amxx] Secondary weapon: weapon_elite, 10.
L 11/28/2021 - 20:32:10: [zp50_buy_menus.amxx] 


Class: 4, Runner.
L 11/28/2021 - 20:32:10: [zp50_buy_menus.amxx] Secondary weapon: weapon_glock18, 17.
L 11/28/2021 - 20:32:10: [zp50_buy_menus.amxx] Secondary weapon: weapon_usp, 16.
L 11/28/2021 - 20:32:10: [zp50_buy_menus.amxx] Secondary weapon: weapon_p228, 1.
L 11/28/2021 - 20:32:10: [zp50_buy_menus.amxx] Secondary weapon: weapon_deagle, 26.
L 11/28/2021 - 20:32:10: [zp50_buy_menus.amxx] Secondary weapon: weapon_fiveseven, 11.
L 11/28/2021 - 20:32:10: [zp50_buy_menus.amxx] Secondary weapon: weapon_elite, 10.
L 11/28/2021 - 20:32:10: [zp50_buy_menus.amxx] 


Class: 5, Grenadier.
L 11/28/2021 - 20:32:10: [zp50_buy_menus.amxx] Primary weapon: weapon_m3, 21.
L 11/28/2021 - 20:32:10: [zp50_buy_menus.amxx] Primary weapon: weapon_xm1014, 5.
L 11/28/2021 - 20:32:10: [zp50_buy_menus.amxx] Secondary weapon: weapon_glock18, 17.
L 11/28/2021 - 20:32:10: [zp50_buy_menus.amxx] Secondary weapon: weapon_usp, 16.
L 11/28/2021 - 20:32:10: [zp50_buy_menus.amxx] Secondary weapon: weapon_p228, 1.
L 11/28/2021 - 20:32:10: [zp50_buy_menus.amxx] Secondary weapon: weapon_deagle, 26.
L 11/28/2021 - 20:32:10: [zp50_buy_menus.amxx] Secondary weapon: weapon_fiveseven, 11.
L 11/28/2021 - 20:32:10: [zp50_buy_menus.amxx] Secondary weapon: weapon_elite, 10.
L 11/28/2021 - 20:32:10: [zp50_buy_menus.amxx] 


Class: 6, Killer.
L 11/28/2021 - 20:32:10: [zp50_buy_menus.amxx] Primary weapon: weapon_scout, 3.
L 11/28/2021 - 20:32:16: [admin.amxx] Login: "DRON12261<1><STEAM_ID_LAN><>" became an admin (account "loopback") (access "abcdefghijklmnopqrstuv") (address "loopback")
L 11/28/2021 - 20:32:22: [admin.amxx] Login: "DRON12261<1><STEAM_ID_LAN><>" became an admin (account "loopback") (access "abcdefghijklmnopqrstuv") (address "loopback")
L 11/28/2021 - 20:32:22: [zp50_buy_menus.amxx] weaponCountPrimary Classid 0 is 14. weapon_galil
L 11/28/2021 - 20:32:25: [zp50_buy_menus.amxx] weaponCountPrimary Classid 0 is 14. weapon_galil
L 11/28/2021 - 20:34:06: [zp50_buy_menus.amxx] weaponCountPrimary Classid 0 is 14. weapon_galil
L 11/28/2021 - 20:34:08: [zp50_buy_menus.amxx] weaponCountSecondary Classid 0 is 6. weapon_glock18
L 11/28/2021 - 20:35:06: [zp50_buy_menus.amxx] weaponCountPrimary Classid 5 is 2. weapon_m3
L 11/28/2021 - 20:35:09: [zp50_buy_menus.amxx] weaponCountSecondary Classid 5 is 6. weapon_glock18
L 11/28/2021 - 20:40:17: [zp50_buy_menus.amxx] weaponCountPrimary Classid 5 is 2. weapon_m3
L 11/28/2021 - 20:40:18: [zp50_buy_menus.amxx] weaponCountSecondary Classid 5 is 6. weapon_glock18
L 11/28/2021 - 20:45:28: [zp50_buy_menus.amxx] weaponCountPrimary Classid 5 is 2. weapon_m3
L 11/28/2021 - 20:45:29: [zp50_buy_menus.amxx] weaponCountSecondary Classid 5 is 6. weapon_glock18
L 11/28/2021 - 20:45:51: [zp50_buy_menus.amxx] weaponCountPrimary Classid 5 is 2. weapon_m3
L 11/28/2021 - 20:45:52: [zp50_buy_menus.amxx] weaponCountSecondary Classid 5 is 6. weapon_glock18
L 11/28/2021 - 20:46:26: [zp50_buy_menus.amxx] weaponCountPrimary Classid 5 is 2. weapon_m3
L 11/28/2021 - 20:46:27: [zp50_buy_menus.amxx] weaponCountSecondary Classid 5 is 6. weapon_glock18
L 11/28/2021 - 20:47:22: [zp50_buy_menus.amxx] weaponCountPrimary Classid 5 is 2. weapon_m3
L 11/28/2021 - 20:47:23: [zp50_buy_menus.amxx] weaponCountSecondary Classid 5 is 6. weapon_glock18
L 11/28/2021 - 20:48:56: [zp50_buy_menus.amxx] weaponCountPrimary Classid 5 is 2. weapon_m3
L 11/28/2021 - 20:48:57: [zp50_buy_menus.amxx] weaponCountSecondary Classid 5 is 6. weapon_glock18
L 11/28/2021 - 20:49:37: [zp50_buy_menus.amxx] weaponCountPrimary Classid 5 is 2. weapon_m3
L 11/28/2021 - 20:49:38: [zp50_buy_menus.amxx] weaponCountSecondary Classid 5 is 6. weapon_glock18
L 11/28/2021 - 20:50:56: [zp50_buy_menus.amxx] weaponCountPrimary Classid 5 is 2. weapon_m3
L 11/28/2021 - 20:50:57: [zp50_buy_menus.amxx] weaponCountSecondary Classid 5 is 6. weapon_glock18
