L 11/20/2021 - 00:06:44: -------- Mapchange to de_dust2_cz --------
L 11/20/2021 - 00:06:48: [admin.amxx] Login: "DRON12261<1><STEAM_ID_LAN><>" became an admin (account "loopback") (access "abcdefghijklmnopqrstuv") (address "loopback")
L 11/20/2021 - 00:06:50: [admin.amxx] Login: "DRON12261<1><STEAM_ID_LAN><>" became an admin (account "loopback") (access "abcdefghijklmnopqrstuv") (address "loopback")
L 11/20/2021 - 00:14:02: -------- Mapchange to de_dust2_cz --------
L 11/20/2021 - 00:14:06: [admin.amxx] Login: "DRON12261<1><STEAM_ID_LAN><>" became an admin (account "loopback") (access "abcdefghijklmnopqrstuv") (address "loopback")
L 11/20/2021 - 00:14:08: [admin.amxx] Login: "DRON12261<1><STEAM_ID_LAN><>" became an admin (account "loopback") (access "abcdefghijklmnopqrstuv") (address "loopback")
L 11/20/2021 - 00:15:40: -------- Mapchange to de_dust2_cz --------
L 11/20/2021 - 00:15:44: [admin.amxx] Login: "DRON12261<1><STEAM_ID_LAN><>" became an admin (account "loopback") (access "abcdefghijklmnopqrstuv") (address "loopback")
L 11/20/2021 - 00:15:46: [admin.amxx] Login: "DRON12261<1><STEAM_ID_LAN><>" became an admin (account "loopback") (access "abcdefghijklmnopqrstuv") (address "loopback")
L 11/20/2021 - 00:19:53: -------- Mapchange to de_dust2_cz --------
L 11/20/2021 - 00:19:57: [admin.amxx] Login: "DRON12261<1><STEAM_ID_LAN><>" became an admin (account "loopback") (access "abcdefghijklmnopqrstuv") (address "loopback")
L 11/20/2021 - 00:19:59: [admin.amxx] Login: "DRON12261<1><STEAM_ID_LAN><>" became an admin (account "loopback") (access "abcdefghijklmnopqrstuv") (address "loopback")
L 11/20/2021 - 00:23:12: -------- Mapchange to de_dust2_cz --------
L 11/20/2021 - 00:23:16: [admin.amxx] Login: "DRON12261<1><STEAM_ID_LAN><>" became an admin (account "loopback") (access "abcdefghijklmnopqrstuv") (address "loopback")
L 11/20/2021 - 00:23:18: [admin.amxx] Login: "DRON12261<1><STEAM_ID_LAN><>" became an admin (account "loopback") (access "abcdefghijklmnopqrstuv") (address "loopback")
L 11/20/2021 - 00:24:55: -------- Mapchange to de_dust2_cz --------
L 11/20/2021 - 00:24:58: [admin.amxx] Login: "DRON12261<1><STEAM_ID_LAN><>" became an admin (account "loopback") (access "abcdefghijklmnopqrstuv") (address "loopback")
L 11/20/2021 - 00:25:00: [admin.amxx] Login: "DRON12261<1><STEAM_ID_LAN><>" became an admin (account "loopback") (access "abcdefghijklmnopqrstuv") (address "loopback")
L 11/20/2021 - 00:43:09: -------- Mapchange to de_dust2_cz --------
L 11/20/2021 - 00:43:13: [admin.amxx] Login: "DRON12261<1><STEAM_ID_LAN><>" became an admin (account "loopback") (access "abcdefghijklmnopqrstuv") (address "loopback")
L 11/20/2021 - 00:43:16: [admin.amxx] Login: "DRON12261<1><STEAM_ID_LAN><>" became an admin (account "loopback") (access "abcdefghijklmnopqrstuv") (address "loopback")
L 11/20/2021 - 00:59:53: -------- Mapchange to de_dust2_cz --------
L 11/20/2021 - 00:59:57: [admin.amxx] Login: "DRON12261<1><STEAM_ID_LAN><>" became an admin (account "loopback") (access "abcdefghijklmnopqrstuv") (address "loopback")
L 11/20/2021 - 00:59:59: [admin.amxx] Login: "DRON12261<1><STEAM_ID_LAN><>" became an admin (account "loopback") (access "abcdefghijklmnopqrstuv") (address "loopback")
L 11/20/2021 - 01:04:03: -------- Mapchange to de_dust2_cz --------
L 11/20/2021 - 01:04:07: [admin.amxx] Login: "DRON12261<1><STEAM_ID_LAN><>" became an admin (account "loopback") (access "abcdefghijklmnopqrstuv") (address "loopback")
L 11/20/2021 - 01:04:09: [admin.amxx] Login: "DRON12261<1><STEAM_ID_LAN><>" became an admin (account "loopback") (access "abcdefghijklmnopqrstuv") (address "loopback")
L 11/20/2021 - 02:15:05: -------- Mapchange to de_dust2_cz --------
L 11/20/2021 - 02:15:05: [CSX] Could not load csstats file: czero\
L 11/20/2021 - 02:15:09: [admin.amxx] Login: "DRON12261<1><STEAM_ID_LAN><>" became an admin (account "loopback") (access "abcdefghijklmnopqrstuv") (address "loopback")
L 11/20/2021 - 02:15:11: [admin.amxx] Login: "DRON12261<1><STEAM_ID_LAN><>" became an admin (account "loopback") (access "abcdefghijklmnopqrstuv") (address "loopback")
L 11/20/2021 - 02:18:22: -------- Mapchange to de_dust2_cz --------
L 11/20/2021 - 02:18:23: [CSX] Could not load csstats file: czero\
L 11/20/2021 - 02:18:26: [admin.amxx] Login: "DRON12261<1><STEAM_ID_LAN><>" became an admin (account "loopback") (access "abcdefghijklmnopqrstuv") (address "loopback")
L 11/20/2021 - 02:18:28: [admin.amxx] Login: "DRON12261<1><STEAM_ID_LAN><>" became an admin (account "loopback") (access "abcdefghijklmnopqrstuv") (address "loopback")
L 11/20/2021 - 02:19:28: -------- Mapchange to de_dust2_cz --------
L 11/20/2021 - 02:19:29: [CSX] Could not load csstats file: czero\
L 11/20/2021 - 02:19:32: [admin.amxx] Login: "DRON12261<1><STEAM_ID_LAN><>" became an admin (account "loopback") (access "abcdefghijklmnopqrstuv") (address "loopback")
L 11/20/2021 - 02:19:34: [admin.amxx] Login: "DRON12261<1><STEAM_ID_LAN><>" became an admin (account "loopback") (access "abcdefghijklmnopqrstuv") (address "loopback")
L 11/20/2021 - 02:24:55: -------- Mapchange to de_dust2_cz --------
L 11/20/2021 - 02:24:55: [CSX] Could not load csstats file: czero\
L 11/20/2021 - 02:24:59: [admin.amxx] Login: "DRON12261<1><STEAM_ID_LAN><>" became an admin (account "loopback") (access "abcdefghijklmnopqrstuv") (address "loopback")
L 11/20/2021 - 02:25:01: [admin.amxx] Login: "DRON12261<1><STEAM_ID_LAN><>" became an admin (account "loopback") (access "abcdefghijklmnopqrstuv") (address "loopback")
L 11/20/2021 - 02:49:09: -------- Mapchange to de_dust2_cz --------
L 11/20/2021 - 02:49:09: [CSX] Could not load csstats file: czero\
L 11/20/2021 - 02:49:12: [admin.amxx] Login: "DRON12261<1><STEAM_ID_LAN><>" became an admin (account "loopback") (access "abcdefghijklmnopqrstuv") (address "loopback")
L 11/20/2021 - 02:49:14: [admin.amxx] Login: "DRON12261<1><STEAM_ID_LAN><>" became an admin (account "loopback") (access "abcdefghijklmnopqrstuv") (address "loopback")
L 11/20/2021 - 02:57:02: -------- Mapchange to de_dust2_cz --------
L 11/20/2021 - 02:57:02: [CSX] Could not load csstats file: czero\
L 11/20/2021 - 02:57:06: [admin.amxx] Login: "DRON12261<1><STEAM_ID_LAN><>" became an admin (account "loopback") (access "abcdefghijklmnopqrstuv") (address "loopback")
L 11/20/2021 - 02:57:08: [admin.amxx] Login: "DRON12261<1><STEAM_ID_LAN><>" became an admin (account "loopback") (access "abcdefghijklmnopqrstuv") (address "loopback")
L 11/20/2021 - 03:06:23: -------- Mapchange to de_dust2_cz --------
L 11/20/2021 - 03:06:23: [CSX] Could not load csstats file: czero\
L 11/20/2021 - 03:06:27: [admin.amxx] Login: "DRON12261<1><STEAM_ID_LAN><>" became an admin (account "loopback") (access "abcdefghijklmnopqrstuv") (address "loopback")
L 11/20/2021 - 03:06:29: [admin.amxx] Login: "DRON12261<1><STEAM_ID_LAN><>" became an admin (account "loopback") (access "abcdefghijklmnopqrstuv") (address "loopback")
L 11/20/2021 - 03:09:43: -------- Mapchange to de_dust2_cz --------
L 11/20/2021 - 03:09:43: [CSX] Could not load csstats file: czero\
L 11/20/2021 - 03:09:47: [admin.amxx] Login: "DRON12261<1><STEAM_ID_LAN><>" became an admin (account "loopback") (access "abcdefghijklmnopqrstuv") (address "loopback")
L 11/20/2021 - 03:09:49: [admin.amxx] Login: "DRON12261<1><STEAM_ID_LAN><>" became an admin (account "loopback") (access "abcdefghijklmnopqrstuv") (address "loopback")
L 11/20/2021 - 03:13:13: -------- Mapchange to de_dust2_cz --------
L 11/20/2021 - 03:13:13: [CSX] Could not load csstats file: czero\
L 11/20/2021 - 03:13:17: [admin.amxx] Login: "DRON12261<1><STEAM_ID_LAN><>" became an admin (account "loopback") (access "abcdefghijklmnopqrstuv") (address "loopback")
L 11/20/2021 - 03:13:19: [admin.amxx] Login: "DRON12261<1><STEAM_ID_LAN><>" became an admin (account "loopback") (access "abcdefghijklmnopqrstuv") (address "loopback")
L 11/20/2021 - 03:16:25: -------- Mapchange to de_dust2_cz --------
L 11/20/2021 - 03:16:25: [CSX] Could not load csstats file: czero\
L 11/20/2021 - 03:16:29: [admin.amxx] Login: "DRON12261<1><STEAM_ID_LAN><>" became an admin (account "loopback") (access "abcdefghijklmnopqrstuv") (address "loopback")
L 11/20/2021 - 03:16:31: [admin.amxx] Login: "DRON12261<1><STEAM_ID_LAN><>" became an admin (account "loopback") (access "abcdefghijklmnopqrstuv") (address "loopback")
L 11/20/2021 - 03:21:17: -------- Mapchange to de_dust2_cz --------
L 11/20/2021 - 03:21:17: [CSX] Could not load csstats file: czero\
L 11/20/2021 - 03:21:21: [admin.amxx] Login: "DRON12261<1><STEAM_ID_LAN><>" became an admin (account "loopback") (access "abcdefghijklmnopqrstuv") (address "loopback")
L 11/20/2021 - 03:21:23: [admin.amxx] Login: "DRON12261<1><STEAM_ID_LAN><>" became an admin (account "loopback") (access "abcdefghijklmnopqrstuv") (address "loopback")
L 11/20/2021 - 04:57:33: -------- Mapchange to de_dust2_cz --------
L 11/20/2021 - 04:57:33: [CSX] Could not load csstats file: czero\
L 11/20/2021 - 04:57:43: [admin.amxx] Login: "DRON12261<1><STEAM_ID_LAN><>" became an admin (account "loopback") (access "abcdefghijklmnopqrstuv") (address "loopback")
L 11/20/2021 - 04:57:49: [admin.amxx] Login: "DRON12261<1><STEAM_ID_LAN><>" became an admin (account "loopback") (access "abcdefghijklmnopqrstuv") (address "loopback")
L 11/20/2021 - 05:00:15: -------- Mapchange to de_dust2_cz --------
L 11/20/2021 - 05:00:15: [CSX] Could not load csstats file: czero\
L 11/20/2021 - 05:00:18: [admin.amxx] Login: "DRON12261<1><STEAM_ID_LAN><>" became an admin (account "loopback") (access "abcdefghijklmnopqrstuv") (address "loopback")
L 11/20/2021 - 05:00:21: [admin.amxx] Login: "DRON12261<1><STEAM_ID_LAN><>" became an admin (account "loopback") (access "abcdefghijklmnopqrstuv") (address "loopback")
L 11/20/2021 - 05:01:51: -------- Mapchange to de_dust2_cz --------
L 11/20/2021 - 05:01:51: [CSX] Could not load csstats file: czero\
L 11/20/2021 - 05:01:55: [admin.amxx] Login: "DRON12261<1><STEAM_ID_LAN><>" became an admin (account "loopback") (access "abcdefghijklmnopqrstuv") (address "loopback")
L 11/20/2021 - 05:01:57: [admin.amxx] Login: "DRON12261<1><STEAM_ID_LAN><>" became an admin (account "loopback") (access "abcdefghijklmnopqrstuv") (address "loopback")
L 11/20/2021 - 05:16:26: -------- Mapchange to de_dust2_cz --------
L 11/20/2021 - 05:16:26: [CSX] Could not load csstats file: czero\
L 11/20/2021 - 05:16:29: [admin.amxx] Login: "DRON12261<1><STEAM_ID_LAN><>" became an admin (account "loopback") (access "abcdefghijklmnopqrstuv") (address "loopback")
L 11/20/2021 - 05:16:32: [admin.amxx] Login: "DRON12261<1><STEAM_ID_LAN><>" became an admin (account "loopback") (access "abcdefghijklmnopqrstuv") (address "loopback")
L 11/20/2021 - 05:25:36: -------- Mapchange to de_dust2_cz --------
L 11/20/2021 - 05:25:36: [CSX] Could not load csstats file: czero\
L 11/20/2021 - 05:25:40: [admin.amxx] Login: "DRON12261<1><STEAM_ID_LAN><>" became an admin (account "loopback") (access "abcdefghijklmnopqrstuv") (address "loopback")
L 11/20/2021 - 05:25:42: [admin.amxx] Login: "DRON12261<1><STEAM_ID_LAN><>" became an admin (account "loopback") (access "abcdefghijklmnopqrstuv") (address "loopback")
L 11/20/2021 - 05:28:40: -------- Mapchange to de_dust2_cz --------
L 11/20/2021 - 05:28:40: [CSX] Could not load csstats file: czero\
L 11/20/2021 - 05:28:43: [admin.amxx] Login: "DRON12261<1><STEAM_ID_LAN><>" became an admin (account "loopback") (access "abcdefghijklmnopqrstuv") (address "loopback")
L 11/20/2021 - 05:28:45: [admin.amxx] Login: "DRON12261<1><STEAM_ID_LAN><>" became an admin (account "loopback") (access "abcdefghijklmnopqrstuv") (address "loopback")
L 11/20/2021 - 05:46:10: -------- Mapchange to de_dust2_cz --------
L 11/20/2021 - 05:46:10: [CSX] Could not load csstats file: czero\
L 11/20/2021 - 05:46:14: [admin.amxx] Login: "DRON12261<1><STEAM_ID_LAN><>" became an admin (account "loopback") (access "abcdefghijklmnopqrstuv") (address "loopback")
L 11/20/2021 - 05:46:16: [admin.amxx] Login: "DRON12261<1><STEAM_ID_LAN><>" became an admin (account "loopback") (access "abcdefghijklmnopqrstuv") (address "loopback")
L 11/20/2021 - 05:58:59: -------- Mapchange to de_dust2_cz --------
L 11/20/2021 - 05:58:59: [CSX] Could not load csstats file: czero\
L 11/20/2021 - 05:59:03: [admin.amxx] Login: "DRON12261<1><STEAM_ID_LAN><>" became an admin (account "loopback") (access "abcdefghijklmnopqrstuv") (address "loopback")
L 11/20/2021 - 05:59:05: [admin.amxx] Login: "DRON12261<1><STEAM_ID_LAN><>" became an admin (account "loopback") (access "abcdefghijklmnopqrstuv") (address "loopback")
L 11/20/2021 - 06:04:55: -------- Mapchange to de_dust2_cz --------
L 11/20/2021 - 06:04:55: [CSX] Could not load csstats file: czero\
L 11/20/2021 - 06:04:59: [admin.amxx] Login: "DRON12261<1><STEAM_ID_LAN><>" became an admin (account "loopback") (access "abcdefghijklmnopqrstuv") (address "loopback")
L 11/20/2021 - 06:05:01: [admin.amxx] Login: "DRON12261<1><STEAM_ID_LAN><>" became an admin (account "loopback") (access "abcdefghijklmnopqrstuv") (address "loopback")
L 11/20/2021 - 14:45:43: -------- Mapchange to de_dust2_cz --------
L 11/20/2021 - 14:45:47: [CSX] Could not load csstats file: czero\
L 11/20/2021 - 14:46:06: [admin.amxx] Login: "DRON12261<1><STEAM_ID_LAN><>" became an admin (account "loopback") (access "abcdefghijklmnopqrstuv") (address "loopback")
L 11/20/2021 - 14:46:16: [admin.amxx] Login: "DRON12261<1><STEAM_ID_LAN><>" became an admin (account "loopback") (access "abcdefghijklmnopqrstuv") (address "loopback")
L 11/20/2021 - 14:58:14: -------- Mapchange to de_dust2_cz --------
L 11/20/2021 - 14:58:14: [CSX] Could not load csstats file: czero\
L 11/20/2021 - 14:58:18: [admin.amxx] Login: "DRON12261<1><STEAM_ID_LAN><>" became an admin (account "loopback") (access "abcdefghijklmnopqrstuv") (address "loopback")
L 11/20/2021 - 14:58:20: [admin.amxx] Login: "DRON12261<1><STEAM_ID_LAN><>" became an admin (account "loopback") (access "abcdefghijklmnopqrstuv") (address "loopback")
L 11/20/2021 - 14:59:25: -------- Mapchange to de_dust2_cz --------
L 11/20/2021 - 14:59:25: [CSX] Could not load csstats file: czero\
L 11/20/2021 - 14:59:29: [admin.amxx] Login: "DRON12261<1><STEAM_ID_LAN><>" became an admin (account "loopback") (access "abcdefghijklmnopqrstuv") (address "loopback")
L 11/20/2021 - 14:59:31: [admin.amxx] Login: "DRON12261<1><STEAM_ID_LAN><>" became an admin (account "loopback") (access "abcdefghijklmnopqrstuv") (address "loopback")
L 11/20/2021 - 15:29:36: -------- Mapchange to de_dust2_cz --------
L 11/20/2021 - 15:29:37: [CSX] Could not load csstats file: czero\
L 11/20/2021 - 15:29:40: [admin.amxx] Login: "DRON12261<1><STEAM_ID_LAN><>" became an admin (account "loopback") (access "abcdefghijklmnopqrstuv") (address "loopback")
L 11/20/2021 - 15:29:42: [admin.amxx] Login: "DRON12261<1><STEAM_ID_LAN><>" became an admin (account "loopback") (access "abcdefghijklmnopqrstuv") (address "loopback")
L 11/20/2021 - 15:56:09: -------- Mapchange to de_dust2_cz --------
L 11/20/2021 - 15:56:09: [CSX] Could not load csstats file: czero\
L 11/20/2021 - 15:56:12: [admin.amxx] Login: "DRON12261<1><STEAM_ID_LAN><>" became an admin (account "loopback") (access "abcdefghijklmnopqrstuv") (address "loopback")
L 11/20/2021 - 15:56:15: [admin.amxx] Login: "DRON12261<1><STEAM_ID_LAN><>" became an admin (account "loopback") (access "abcdefghijklmnopqrstuv") (address "loopback")
L 11/20/2021 - 16:55:40: -------- Mapchange to de_dust2_cz --------
L 11/20/2021 - 16:55:40: [CSX] Could not load csstats file: czero\
L 11/20/2021 - 16:55:43: [admin.amxx] Login: "DRON12261<1><STEAM_ID_LAN><>" became an admin (account "loopback") (access "abcdefghijklmnopqrstuv") (address "loopback")
L 11/20/2021 - 16:55:45: [admin.amxx] Login: "DRON12261<1><STEAM_ID_LAN><>" became an admin (account "loopback") (access "abcdefghijklmnopqrstuv") (address "loopback")
L 11/20/2021 - 17:15:13: -------- Mapchange to de_dust2_cz --------
L 11/20/2021 - 17:15:14: [CSX] Could not load csstats file: czero\
L 11/20/2021 - 17:15:17: [admin.amxx] Login: "DRON12261<1><STEAM_ID_LAN><>" became an admin (account "loopback") (access "abcdefghijklmnopqrstuv") (address "loopback")
L 11/20/2021 - 17:15:19: [admin.amxx] Login: "DRON12261<1><STEAM_ID_LAN><>" became an admin (account "loopback") (access "abcdefghijklmnopqrstuv") (address "loopback")
L 11/20/2021 - 17:47:16: -------- Mapchange to de_dust2_cz --------
L 11/20/2021 - 17:47:16: [CSX] Could not load csstats file: czero\
L 11/20/2021 - 17:47:20: [admin.amxx] Login: "DRON12261<1><STEAM_ID_LAN><>" became an admin (account "loopback") (access "abcdefghijklmnopqrstuv") (address "loopback")
L 11/20/2021 - 17:47:22: [admin.amxx] Login: "DRON12261<1><STEAM_ID_LAN><>" became an admin (account "loopback") (access "abcdefghijklmnopqrstuv") (address "loopback")
L 11/20/2021 - 17:48:31: -------- Mapchange to de_dust2_cz --------
L 11/20/2021 - 17:48:31: [CSX] Could not load csstats file: czero\
L 11/20/2021 - 17:48:35: [admin.amxx] Login: "DRON12261<1><STEAM_ID_LAN><>" became an admin (account "loopback") (access "abcdefghijklmnopqrstuv") (address "loopback")
L 11/20/2021 - 17:48:37: [admin.amxx] Login: "DRON12261<1><STEAM_ID_LAN><>" became an admin (account "loopback") (access "abcdefghijklmnopqrstuv") (address "loopback")
L 11/20/2021 - 17:54:42: -------- Mapchange to de_dust2_cz --------
L 11/20/2021 - 17:54:42: [CSX] Could not load csstats file: czero\
L 11/20/2021 - 17:54:46: [admin.amxx] Login: "DRON12261<1><STEAM_ID_LAN><>" became an admin (account "loopback") (access "abcdefghijklmnopqrstuv") (address "loopback")
L 11/20/2021 - 17:54:48: [admin.amxx] Login: "DRON12261<1><STEAM_ID_LAN><>" became an admin (account "loopback") (access "abcdefghijklmnopqrstuv") (address "loopback")
L 11/20/2021 - 18:06:22: -------- Mapchange to de_dust2_cz --------
L 11/20/2021 - 18:06:22: [CSX] Could not load csstats file: czero\
L 11/20/2021 - 18:06:26: [admin.amxx] Login: "DRON12261<1><STEAM_ID_LAN><>" became an admin (account "loopback") (access "abcdefghijklmnopqrstuv") (address "loopback")
L 11/20/2021 - 18:06:28: [admin.amxx] Login: "DRON12261<1><STEAM_ID_LAN><>" became an admin (account "loopback") (access "abcdefghijklmnopqrstuv") (address "loopback")
L 11/20/2021 - 21:14:36: -------- Mapchange to de_dust2_cz --------
L 11/20/2021 - 21:14:37: [CSX] Could not load csstats file: czero\
L 11/20/2021 - 21:14:49: [admin.amxx] Login: "DRON12261<1><STEAM_ID_LAN><>" became an admin (account "loopback") (access "abcdefghijklmnopqrstuv") (address "loopback")
L 11/20/2021 - 21:14:55: [admin.amxx] Login: "DRON12261<1><STEAM_ID_LAN><>" became an admin (account "loopback") (access "abcdefghijklmnopqrstuv") (address "loopback")
L 11/20/2021 - 21:20:19: -------- Mapchange to de_dust2_cz --------
L 11/20/2021 - 21:20:19: [CSX] Could not load csstats file: czero\
L 11/20/2021 - 21:20:23: [admin.amxx] Login: "DRON12261<1><STEAM_ID_LAN><>" became an admin (account "loopback") (access "abcdefghijklmnopqrstuv") (address "loopback")
L 11/20/2021 - 21:20:25: [admin.amxx] Login: "DRON12261<1><STEAM_ID_LAN><>" became an admin (account "loopback") (access "abcdefghijklmnopqrstuv") (address "loopback")
L 11/20/2021 - 21:40:59: -------- Mapchange to de_dust2_cz --------
L 11/20/2021 - 21:40:59: [CSX] Could not load csstats file: czero\
L 11/20/2021 - 21:41:03: [admin.amxx] Login: "DRON12261<1><STEAM_ID_LAN><>" became an admin (account "loopback") (access "abcdefghijklmnopqrstuv") (address "loopback")
L 11/20/2021 - 21:41:05: [admin.amxx] Login: "DRON12261<1><STEAM_ID_LAN><>" became an admin (account "loopback") (access "abcdefghijklmnopqrstuv") (address "loopback")
L 11/20/2021 - 21:50:54: -------- Mapchange to de_dust2_cz --------
L 11/20/2021 - 21:50:55: [CSX] Could not load csstats file: czero\
L 11/20/2021 - 21:50:58: [admin.amxx] Login: "DRON12261<1><STEAM_ID_LAN><>" became an admin (account "loopback") (access "abcdefghijklmnopqrstuv") (address "loopback")
L 11/20/2021 - 21:51:00: [admin.amxx] Login: "DRON12261<1><STEAM_ID_LAN><>" became an admin (account "loopback") (access "abcdefghijklmnopqrstuv") (address "loopback")
L 11/20/2021 - 22:05:38: -------- Mapchange to de_dust_cz --------
L 11/20/2021 - 22:05:38: [CSX] Could not load csstats file: czero\
L 11/20/2021 - 22:05:43: [admin.amxx] Login: "DRON12261<1><STEAM_ID_LAN><>" became an admin (account "loopback") (access "abcdefghijklmnopqrstuv") (address "loopback")
L 11/20/2021 - 22:05:45: [admin.amxx] Login: "DRON12261<1><STEAM_ID_LAN><>" became an admin (account "loopback") (access "abcdefghijklmnopqrstuv") (address "loopback")
L 11/20/2021 - 23:05:48: -------- Mapchange to zp_pollution --------
L 11/20/2021 - 23:05:49: [CSX] Could not load csstats file: czero\
L 11/20/2021 - 23:06:00: [admin.amxx] Login: "DRON12261<1><STEAM_ID_LAN><>" became an admin (account "loopback") (access "abcdefghijklmnopqrstuv") (address "loopback")
L 11/20/2021 - 23:06:06: [admin.amxx] Login: "DRON12261<1><STEAM_ID_LAN><>" became an admin (account "loopback") (access "abcdefghijklmnopqrstuv") (address "loopback")
L 11/20/2021 - 23:26:21: -------- Mapchange to de_dust_cz --------
L 11/20/2021 - 23:26:24: [admin.amxx] Login: "DRON12261<1><STEAM_ID_LAN><>" became an admin (account "loopback") (access "abcdefghijklmnopqrstuv") (address "loopback")
L 11/20/2021 - 23:26:25: [admin.amxx] Login: "DRON12261<1><STEAM_ID_LAN><>" became an admin (account "loopback") (access "abcdefghijklmnopqrstuv") (address "loopback")
L 11/20/2021 - 23:37:50: -------- Mapchange to zp_pollution --------
L 11/20/2021 - 23:37:50: [CSX] Could not load csstats file: czero\
L 11/20/2021 - 23:37:54: [admin.amxx] Login: "DRON12261<1><STEAM_ID_LAN><>" became an admin (account "loopback") (access "abcdefghijklmnopqrstuv") (address "loopback")
L 11/20/2021 - 23:37:56: [admin.amxx] Login: "DRON12261<1><STEAM_ID_LAN><>" became an admin (account "loopback") (access "abcdefghijklmnopqrstuv") (address "loopback")
