L 11/17/2021 - 00:03:42: [plmenu.amxx] Cmd: "Player<1><STEAM_ID_LAN><>" slay "Blazkowicz<19><BOT><>"
L 11/17/2021 - 00:04:09: -------- Mapchange to de_airstrip_cz --------
L 11/17/2021 - 00:04:11: [admin.amxx] Login: "Player<31><STEAM_ID_LAN><>" became an admin (account "loopback") (access "abcdefghijklmnopqrstu") (address "loopback")
L 11/17/2021 - 00:04:13: [admin.amxx] Login: "Player<31><STEAM_ID_LAN><>" became an admin (account "loopback") (access "abcdefghijklmnopqrstu") (address "loopback")
L 11/17/2021 - 00:22:11: [mapchooser.amxx] Vote: Voting for the nextmap started
L 11/17/2021 - 00:22:50: -------- Mapchange to cs_italy_cz --------
L 11/17/2021 - 00:22:52: [admin.amxx] Login: "Player<52><STEAM_ID_LAN><>" became an admin (account "loopback") (access "abcdefghijklmnopqrstu") (address "loopback")
L 11/17/2021 - 00:22:54: [admin.amxx] Login: "Player<52><STEAM_ID_LAN><>" became an admin (account "loopback") (access "abcdefghijklmnopqrstu") (address "loopback")
L 11/17/2021 - 00:23:57: [admin.amxx] Login: "DRON12261<52><STEAM_ID_LAN><>" became an admin (account "loopback") (access "abcdefghijklmnopqrstu") (address "loopback")
L 11/17/2021 - 00:58:44: -------- Mapchange to de_dust_cz --------
L 11/17/2021 - 00:58:48: Invalid multi-lingual line (file "czero\addons\amxmodx\data\lang\zombie_plague50.txt" line 1)
L 11/17/2021 - 00:58:49: [admin.amxx] Login: "DRON12261<1><STEAM_ID_LAN><>" became an admin (account "loopback") (access "abcdefghijklmnopqrstu") (address "loopback")
L 11/17/2021 - 00:58:51: [admin.amxx] Login: "DRON12261<1><STEAM_ID_LAN><>" became an admin (account "loopback") (access "abcdefghijklmnopqrstu") (address "loopback")
L 11/17/2021 - 01:04:28: -------- Mapchange to cs_italy_cz --------
L 11/17/2021 - 01:04:31: Invalid multi-lingual line (file "czero\addons\amxmodx\data\lang\zombie_plague50.txt" line 1)
L 11/17/2021 - 01:04:32: [admin.amxx] Login: "Player<1><STEAM_ID_LAN><>" became an admin (account "loopback") (access "abcdefghijklmnopqrstu") (address "loopback")
L 11/17/2021 - 01:04:34: [admin.amxx] Login: "Player<1><STEAM_ID_LAN><>" became an admin (account "loopback") (access "abcdefghijklmnopqrstu") (address "loopback")
L 11/17/2021 - 04:05:55: -------- Mapchange to cs_italy_cz --------
L 11/17/2021 - 04:05:58: Invalid multi-lingual line (file "czero\addons\amxmodx\data\lang\zombie_plague50.txt" line 1)
L 11/17/2021 - 04:05:59: [admin.amxx] Login: "Player<1><STEAM_ID_LAN><>" became an admin (account "loopback") (access "abcdefghijklmnopqrstu") (address "loopback")
L 11/17/2021 - 04:06:01: [admin.amxx] Login: "Player<1><STEAM_ID_LAN><>" became an admin (account "loopback") (access "abcdefghijklmnopqrstu") (address "loopback")
L 11/17/2021 - 04:11:34: -------- Mapchange to cs_italy_cz --------
L 11/17/2021 - 04:11:36: Invalid multi-lingual line (file "czero\addons\amxmodx\data\lang\zombie_plague50.txt" line 1)
L 11/17/2021 - 04:11:37: [admin.amxx] Login: "Player<1><STEAM_ID_LAN><>" became an admin (account "loopback") (access "abcdefghijklmnopqrstu") (address "loopback")
L 11/17/2021 - 04:11:39: [admin.amxx] Login: "Player<1><STEAM_ID_LAN><>" became an admin (account "loopback") (access "abcdefghijklmnopqrstu") (address "loopback")
L 11/17/2021 - 04:19:34: -------- Mapchange to cs_havana_cz --------
L 11/17/2021 - 04:19:36: Invalid multi-lingual line (file "czero\addons\amxmodx\data\lang\zombie_plague50.txt" line 1)
L 11/17/2021 - 04:19:37: [admin.amxx] Login: "Player<1><STEAM_ID_LAN><>" became an admin (account "loopback") (access "abcdefghijklmnopqrstu") (address "loopback")
L 11/17/2021 - 04:19:39: [admin.amxx] Login: "Player<1><STEAM_ID_LAN><>" became an admin (account "loopback") (access "abcdefghijklmnopqrstu") (address "loopback")
L 11/17/2021 - 04:25:15: -------- Mapchange to cs_havana_cz --------
L 11/17/2021 - 04:25:18: Invalid multi-lingual line (file "czero\addons\amxmodx\data\lang\zombie_plague50.txt" line 1)
L 11/17/2021 - 04:25:19: [admin.amxx] Login: "Player<1><STEAM_ID_LAN><>" became an admin (account "loopback") (access "abcdefghijklmnopqrstu") (address "loopback")
L 11/17/2021 - 04:25:21: [admin.amxx] Login: "Player<1><STEAM_ID_LAN><>" became an admin (account "loopback") (access "abcdefghijklmnopqrstu") (address "loopback")
L 11/17/2021 - 04:32:45: -------- Mapchange to cs_havana_cz --------
L 11/17/2021 - 04:32:48: Invalid multi-lingual line (file "czero\addons\amxmodx\data\lang\zombie_plague50.txt" line 1)
L 11/17/2021 - 04:32:49: [admin.amxx] Login: "DRON12261<1><STEAM_ID_LAN><>" became an admin (account "loopback") (access "abcdefghijklmnopqrstu") (address "loopback")
L 11/17/2021 - 04:32:51: [admin.amxx] Login: "DRON12261<1><STEAM_ID_LAN><>" became an admin (account "loopback") (access "abcdefghijklmnopqrstu") (address "loopback")
L 11/17/2021 - 05:21:53: -------- Mapchange to cs_havana_cz --------
L 11/17/2021 - 05:21:55: Invalid multi-lingual line (file "czero\addons\amxmodx\data\lang\zombie_plague50.txt" line 1)
L 11/17/2021 - 05:21:56: [admin.amxx] Login: "DRON12261<1><STEAM_ID_LAN><>" became an admin (account "loopback") (access "abcdefghijklmnopqrstu") (address "loopback")
L 11/17/2021 - 05:21:58: [admin.amxx] Login: "DRON12261<1><STEAM_ID_LAN><>" became an admin (account "loopback") (access "abcdefghijklmnopqrstu") (address "loopback")
L 11/17/2021 - 05:26:33: -------- Mapchange to cs_havana_cz --------
L 11/17/2021 - 05:26:35: Invalid multi-lingual line (file "czero\addons\amxmodx\data\lang\zombie_plague50.txt" line 1)
L 11/17/2021 - 05:26:36: [admin.amxx] Login: "DRON12261<1><STEAM_ID_LAN><>" became an admin (account "loopback") (access "abcdefghijklmnopqrstu") (address "loopback")
L 11/17/2021 - 05:26:38: [admin.amxx] Login: "DRON12261<1><STEAM_ID_LAN><>" became an admin (account "loopback") (access "abcdefghijklmnopqrstu") (address "loopback")
L 11/17/2021 - 05:28:54: -------- Mapchange to cs_havana_cz --------
L 11/17/2021 - 05:28:56: Invalid multi-lingual line (file "czero\addons\amxmodx\data\lang\zombie_plague50.txt" line 1)
L 11/17/2021 - 05:28:57: [admin.amxx] Login: "DRON12261<1><STEAM_ID_LAN><>" became an admin (account "loopback") (access "abcdefghijklmnopqrstu") (address "loopback")
L 11/17/2021 - 05:28:59: [admin.amxx] Login: "DRON12261<1><STEAM_ID_LAN><>" became an admin (account "loopback") (access "abcdefghijklmnopqrstu") (address "loopback")
L 11/17/2021 - 05:32:39: -------- Mapchange to cs_havana_cz --------
L 11/17/2021 - 05:32:41: Invalid multi-lingual line (file "czero\addons\amxmodx\data\lang\zombie_plague50.txt" line 1)
L 11/17/2021 - 05:32:42: [admin.amxx] Login: "DRON12261<1><STEAM_ID_LAN><>" became an admin (account "loopback") (access "abcdefghijklmnopqrstu") (address "loopback")
L 11/17/2021 - 05:32:44: [admin.amxx] Login: "DRON12261<1><STEAM_ID_LAN><>" became an admin (account "loopback") (access "abcdefghijklmnopqrstu") (address "loopback")
L 11/17/2021 - 05:38:32: -------- Mapchange to cs_havana_cz --------
L 11/17/2021 - 05:38:35: Invalid multi-lingual line (file "czero\addons\amxmodx\data\lang\zombie_plague50.txt" line 1)
L 11/17/2021 - 05:38:36: [admin.amxx] Login: "DRON12261<1><STEAM_ID_LAN><>" became an admin (account "loopback") (access "abcdefghijklmnopqrstu") (address "loopback")
L 11/17/2021 - 05:38:38: [admin.amxx] Login: "DRON12261<1><STEAM_ID_LAN><>" became an admin (account "loopback") (access "abcdefghijklmnopqrstu") (address "loopback")
L 11/17/2021 - 05:42:03: -------- Mapchange to cs_havana_cz --------
L 11/17/2021 - 05:42:06: Invalid multi-lingual line (file "czero\addons\amxmodx\data\lang\zombie_plague50.txt" line 1)
L 11/17/2021 - 05:42:07: [admin.amxx] Login: "DRON12261<1><STEAM_ID_LAN><>" became an admin (account "loopback") (access "abcdefghijklmnopqrstu") (address "loopback")
L 11/17/2021 - 05:42:09: [admin.amxx] Login: "DRON12261<1><STEAM_ID_LAN><>" became an admin (account "loopback") (access "abcdefghijklmnopqrstu") (address "loopback")
L 11/17/2021 - 05:59:19: -------- Mapchange to cs_havana_cz --------
L 11/17/2021 - 05:59:22: Invalid multi-lingual line (file "czero\addons\amxmodx\data\lang\zombie_plague50.txt" line 1)
L 11/17/2021 - 05:59:23: [admin.amxx] Login: "DRON12261<1><STEAM_ID_LAN><>" became an admin (account "loopback") (access "abcdefghijklmnopqrstu") (address "loopback")
L 11/17/2021 - 05:59:25: [admin.amxx] Login: "DRON12261<1><STEAM_ID_LAN><>" became an admin (account "loopback") (access "abcdefghijklmnopqrstu") (address "loopback")
L 11/17/2021 - 06:03:12: -------- Mapchange to cs_havana_cz --------
L 11/17/2021 - 06:03:15: Invalid multi-lingual line (file "czero\addons\amxmodx\data\lang\zombie_plague50.txt" line 1)
L 11/17/2021 - 06:03:16: [admin.amxx] Login: "DRON12261<1><STEAM_ID_LAN><>" became an admin (account "loopback") (access "abcdefghijklmnopqrstu") (address "loopback")
L 11/17/2021 - 06:03:18: [admin.amxx] Login: "DRON12261<1><STEAM_ID_LAN><>" became an admin (account "loopback") (access "abcdefghijklmnopqrstu") (address "loopback")
L 11/17/2021 - 06:04:04: -------- Mapchange to cs_havana_cz --------
L 11/17/2021 - 06:04:06: Invalid multi-lingual line (file "czero\addons\amxmodx\data\lang\zombie_plague50.txt" line 1)
L 11/17/2021 - 06:04:07: [admin.amxx] Login: "DRON12261<1><STEAM_ID_LAN><>" became an admin (account "loopback") (access "abcdefghijklmnopqrstu") (address "loopback")
L 11/17/2021 - 06:04:09: [admin.amxx] Login: "DRON12261<1><STEAM_ID_LAN><>" became an admin (account "loopback") (access "abcdefghijklmnopqrstu") (address "loopback")
L 11/17/2021 - 06:05:09: -------- Mapchange to cs_havana_cz --------
L 11/17/2021 - 06:05:11: Invalid multi-lingual line (file "czero\addons\amxmodx\data\lang\zombie_plague50.txt" line 1)
L 11/17/2021 - 06:05:12: [admin.amxx] Login: "DRON12261<1><STEAM_ID_LAN><>" became an admin (account "loopback") (access "abcdefghijklmnopqrstu") (address "loopback")
L 11/17/2021 - 06:05:14: [admin.amxx] Login: "DRON12261<1><STEAM_ID_LAN><>" became an admin (account "loopback") (access "abcdefghijklmnopqrstu") (address "loopback")
L 11/17/2021 - 06:07:51: -------- Mapchange to cs_havana_cz --------
L 11/17/2021 - 06:07:54: Invalid multi-lingual line (file "czero\addons\amxmodx\data\lang\zombie_plague50.txt" line 1)
L 11/17/2021 - 06:07:55: [admin.amxx] Login: "DRON12261<1><STEAM_ID_LAN><>" became an admin (account "loopback") (access "abcdefghijklmnopqrstu") (address "loopback")
L 11/17/2021 - 06:07:57: [admin.amxx] Login: "DRON12261<1><STEAM_ID_LAN><>" became an admin (account "loopback") (access "abcdefghijklmnopqrstu") (address "loopback")
L 11/17/2021 - 06:13:49: -------- Mapchange to cs_downed_cz --------
L 11/17/2021 - 06:13:52: Invalid multi-lingual line (file "czero\addons\amxmodx\data\lang\zombie_plague50.txt" line 1)
L 11/17/2021 - 06:13:53: [admin.amxx] Login: "DRON12261<1><STEAM_ID_LAN><>" became an admin (account "loopback") (access "abcdefghijklmnopqrstu") (address "loopback")
L 11/17/2021 - 06:13:56: [admin.amxx] Login: "DRON12261<1><STEAM_ID_LAN><>" became an admin (account "loopback") (access "abcdefghijklmnopqrstu") (address "loopback")
L 11/17/2021 - 16:17:35: -------- Mapchange to cs_downed_cz --------
L 11/17/2021 - 16:17:55: Invalid multi-lingual line (file "czero\addons\amxmodx\data\lang\zombie_plague50.txt" line 1)
L 11/17/2021 - 16:17:57: [admin.amxx] Login: "DRON12261<1><STEAM_ID_LAN><>" became an admin (account "loopback") (access "abcdefghijklmnopqrstu") (address "loopback")
L 11/17/2021 - 16:18:07: [admin.amxx] Login: "DRON12261<1><STEAM_ID_LAN><>" became an admin (account "loopback") (access "abcdefghijklmnopqrstu") (address "loopback")
L 11/17/2021 - 16:24:12: -------- Mapchange to de_dust2_cz --------
L 11/17/2021 - 16:24:15: Invalid multi-lingual line (file "czero\addons\amxmodx\data\lang\zombie_plague50.txt" line 1)
L 11/17/2021 - 16:24:16: [admin.amxx] Login: "DRON12261<1><STEAM_ID_LAN><>" became an admin (account "loopback") (access "abcdefghijklmnopqrstu") (address "loopback")
L 11/17/2021 - 16:24:18: [admin.amxx] Login: "DRON12261<1><STEAM_ID_LAN><>" became an admin (account "loopback") (access "abcdefghijklmnopqrstu") (address "loopback")
L 11/17/2021 - 16:28:49: -------- Mapchange to de_dust2_cz --------
L 11/17/2021 - 16:28:51: [admin.amxx] Login: "DRON12261<18><STEAM_ID_LAN><>" became an admin (account "loopback") (access "abcdefghijklmnopqrstu") (address "loopback")
L 11/17/2021 - 16:28:53: [admin.amxx] Login: "DRON12261<18><STEAM_ID_LAN><>" became an admin (account "loopback") (access "abcdefghijklmnopqrstu") (address "loopback")
L 11/17/2021 - 16:54:05: -------- Mapchange to de_dust2_cz --------
L 11/17/2021 - 16:54:08: Invalid multi-lingual line (file "czero\addons\amxmodx\data\lang\zombie_plague50.txt" line 1)
L 11/17/2021 - 16:54:08: [admin.amxx] Login: "DRON12261<1><STEAM_ID_LAN><>" became an admin (account "loopback") (access "abcdefghijklmnopqrstu") (address "loopback")
L 11/17/2021 - 16:54:10: [admin.amxx] Login: "DRON12261<1><STEAM_ID_LAN><>" became an admin (account "loopback") (access "abcdefghijklmnopqrstu") (address "loopback")
L 11/17/2021 - 16:56:36: -------- Mapchange to de_dust2_cz --------
L 11/17/2021 - 16:56:39: Invalid multi-lingual line (file "czero\addons\amxmodx\data\lang\zombie_plague50.txt" line 1)
L 11/17/2021 - 16:56:39: [admin.amxx] Login: "DRON12261<1><STEAM_ID_LAN><>" became an admin (account "loopback") (access "abcdefghijklmnopqrstu") (address "loopback")
L 11/17/2021 - 16:56:41: [admin.amxx] Login: "DRON12261<1><STEAM_ID_LAN><>" became an admin (account "loopback") (access "abcdefghijklmnopqrstu") (address "loopback")
L 11/17/2021 - 17:19:19: -------- Mapchange to de_dust2_cz --------
L 11/17/2021 - 17:19:21: Invalid multi-lingual line (file "czero\addons\amxmodx\data\lang\zombie_plague50.txt" line 1)
L 11/17/2021 - 17:19:22: [admin.amxx] Login: "DRON12261<1><STEAM_ID_LAN><>" became an admin (account "loopback") (access "abcdefghijklmnopqrstu") (address "loopback")
L 11/17/2021 - 17:19:24: [admin.amxx] Login: "DRON12261<1><STEAM_ID_LAN><>" became an admin (account "loopback") (access "abcdefghijklmnopqrstu") (address "loopback")
L 11/17/2021 - 17:20:17: -------- Mapchange to de_dust2_cz --------
L 11/17/2021 - 17:20:19: [admin.amxx] Login: "DRON12261<7><STEAM_ID_LAN><>" became an admin (account "loopback") (access "abcdefghijklmnopqrstu") (address "loopback")
L 11/17/2021 - 17:20:21: [admin.amxx] Login: "DRON12261<7><STEAM_ID_LAN><>" became an admin (account "loopback") (access "abcdefghijklmnopqrstu") (address "loopback")
L 11/17/2021 - 17:35:51: -------- Mapchange to de_dust2_cz --------
L 11/17/2021 - 17:35:54: Invalid multi-lingual line (file "czero\addons\amxmodx\data\lang\zombie_plague50.txt" line 1)
L 11/17/2021 - 17:35:55: [admin.amxx] Login: "DRON12261<1><STEAM_ID_LAN><>" became an admin (account "loopback") (access "abcdefghijklmnopqrstu") (address "loopback")
L 11/17/2021 - 17:35:58: [admin.amxx] Login: "DRON12261<1><STEAM_ID_LAN><>" became an admin (account "loopback") (access "abcdefghijklmnopqrstu") (address "loopback")
L 11/17/2021 - 17:40:58: -------- Mapchange to de_dust2_cz --------
L 11/17/2021 - 17:41:11: Invalid multi-lingual line (file "czero\addons\amxmodx\data\lang\zombie_plague50.txt" line 1)
L 11/17/2021 - 17:41:12: [admin.amxx] Login: "DRON12261<1><STEAM_ID_LAN><>" became an admin (account "loopback") (access "abcdefghijklmnopqrstu") (address "loopback")
L 11/17/2021 - 17:41:18: [admin.amxx] Login: "DRON12261<1><STEAM_ID_LAN><>" became an admin (account "loopback") (access "abcdefghijklmnopqrstu") (address "loopback")
L 11/17/2021 - 17:49:01: -------- Mapchange to de_dust2_cz --------
L 11/17/2021 - 17:49:04: Invalid multi-lingual line (file "czero\addons\amxmodx\data\lang\zombie_plague50.txt" line 1)
L 11/17/2021 - 17:49:05: [admin.amxx] Login: "DRON12261<1><STEAM_ID_LAN><>" became an admin (account "loopback") (access "abcdefghijklmnopqrstu") (address "loopback")
L 11/17/2021 - 17:49:07: [admin.amxx] Login: "DRON12261<1><STEAM_ID_LAN><>" became an admin (account "loopback") (access "abcdefghijklmnopqrstu") (address "loopback")
L 11/17/2021 - 18:01:55: -------- Mapchange to de_dust2_cz --------
L 11/17/2021 - 18:01:57: Invalid multi-lingual line (file "czero\addons\amxmodx\data\lang\zombie_plague50.txt" line 1)
L 11/17/2021 - 18:01:58: [admin.amxx] Login: "DRON12261<1><STEAM_ID_LAN><>" became an admin (account "loopback") (access "abcdefghijklmnopqrstu") (address "loopback")
L 11/17/2021 - 18:02:00: [admin.amxx] Login: "DRON12261<1><STEAM_ID_LAN><>" became an admin (account "loopback") (access "abcdefghijklmnopqrstu") (address "loopback")
L 11/17/2021 - 18:07:15: -------- Mapchange to de_dust2_cz --------
L 11/17/2021 - 18:07:18: Invalid multi-lingual line (file "czero\addons\amxmodx\data\lang\zombie_plague50.txt" line 1)
L 11/17/2021 - 18:07:19: [admin.amxx] Login: "DRON12261<1><STEAM_ID_LAN><>" became an admin (account "loopback") (access "abcdefghijklmnopqrstu") (address "loopback")
L 11/17/2021 - 18:07:21: [admin.amxx] Login: "DRON12261<1><STEAM_ID_LAN><>" became an admin (account "loopback") (access "abcdefghijklmnopqrstu") (address "loopback")
L 11/17/2021 - 18:08:36: -------- Mapchange to de_dust2_cz --------
L 11/17/2021 - 18:08:39: Invalid multi-lingual line (file "czero\addons\amxmodx\data\lang\zombie_plague50.txt" line 1)
L 11/17/2021 - 18:08:40: [admin.amxx] Login: "DRON12261<1><STEAM_ID_LAN><>" became an admin (account "loopback") (access "abcdefghijklmnopqrstu") (address "loopback")
L 11/17/2021 - 18:08:42: [admin.amxx] Login: "DRON12261<1><STEAM_ID_LAN><>" became an admin (account "loopback") (access "abcdefghijklmnopqrstu") (address "loopback")
L 11/17/2021 - 18:15:45: -------- Mapchange to de_dust2_cz --------
L 11/17/2021 - 18:15:48: Invalid multi-lingual line (file "czero\addons\amxmodx\data\lang\zombie_plague50.txt" line 1)
L 11/17/2021 - 18:15:49: [admin.amxx] Login: "DRON12261<1><STEAM_ID_LAN><>" became an admin (account "loopback") (access "abcdefghijklmnopqrstu") (address "loopback")
L 11/17/2021 - 18:15:51: [admin.amxx] Login: "DRON12261<1><STEAM_ID_LAN><>" became an admin (account "loopback") (access "abcdefghijklmnopqrstu") (address "loopback")
L 11/17/2021 - 18:33:50: [mapchooser.amxx] Vote: Voting for the nextmap started
L 11/17/2021 - 18:34:05: [mapchooser.amxx] Vote: Voting for the nextmap finished. The nextmap will be de_survivor
L 11/17/2021 - 18:36:07: -------- Mapchange to de_survivor --------
L 11/17/2021 - 18:36:10: [admin.amxx] Login: "DRON12261<1><STEAM_ID_LAN><>" became an admin (account "loopback") (access "abcdefghijklmnopqrstu") (address "loopback")
L 11/17/2021 - 18:36:12: [admin.amxx] Login: "DRON12261<1><STEAM_ID_LAN><>" became an admin (account "loopback") (access "abcdefghijklmnopqrstu") (address "loopback")
L 11/17/2021 - 18:54:53: -------- Mapchange to de_dust2_cz --------
L 11/17/2021 - 18:54:56: Invalid multi-lingual line (file "czero\addons\amxmodx\data\lang\zombie_plague50.txt" line 1)
L 11/17/2021 - 18:54:56: [admin.amxx] Login: "DRON12261<1><STEAM_ID_LAN><>" became an admin (account "loopback") (access "abcdefghijklmnopqrstu") (address "loopback")
L 11/17/2021 - 18:54:59: [admin.amxx] Login: "DRON12261<1><STEAM_ID_LAN><>" became an admin (account "loopback") (access "abcdefghijklmnopqrstu") (address "loopback")
L 11/17/2021 - 18:58:32: -------- Mapchange to de_dust2_cz --------
L 11/17/2021 - 18:58:35: Invalid multi-lingual line (file "czero\addons\amxmodx\data\lang\zombie_plague50.txt" line 1)
L 11/17/2021 - 18:58:35: [admin.amxx] Login: "DRON12261<1><STEAM_ID_LAN><>" became an admin (account "loopback") (access "abcdefghijklmnopqrstu") (address "loopback")
L 11/17/2021 - 18:58:38: [admin.amxx] Login: "DRON12261<1><STEAM_ID_LAN><>" became an admin (account "loopback") (access "abcdefghijklmnopqrstu") (address "loopback")
L 11/17/2021 - 19:11:58: -------- Mapchange to de_dust2_cz --------
L 11/17/2021 - 19:12:00: Invalid multi-lingual line (file "czero\addons\amxmodx\data\lang\zombie_plague50.txt" line 1)
L 11/17/2021 - 19:12:01: [admin.amxx] Login: "DRON12261<1><STEAM_ID_LAN><>" became an admin (account "loopback") (access "abcdefghijklmnopqrstu") (address "loopback")
L 11/17/2021 - 19:12:03: [admin.amxx] Login: "DRON12261<1><STEAM_ID_LAN><>" became an admin (account "loopback") (access "abcdefghijklmnopqrstu") (address "loopback")
L 11/17/2021 - 19:14:29: -------- Mapchange to de_dust2_cz --------
L 11/17/2021 - 19:14:31: Invalid multi-lingual line (file "czero\addons\amxmodx\data\lang\zombie_plague50.txt" line 1)
L 11/17/2021 - 19:14:32: [admin.amxx] Login: "DRON12261<1><STEAM_ID_LAN><>" became an admin (account "loopback") (access "abcdefghijklmnopqrstu") (address "loopback")
L 11/17/2021 - 19:14:34: [admin.amxx] Login: "DRON12261<1><STEAM_ID_LAN><>" became an admin (account "loopback") (access "abcdefghijklmnopqrstu") (address "loopback")
L 11/17/2021 - 20:25:06: -------- Mapchange to de_dust2_cz --------
L 11/17/2021 - 20:25:14: Invalid multi-lingual line (file "czero\addons\amxmodx\data\lang\zombie_plague50.txt" line 1)
L 11/17/2021 - 20:25:15: [admin.amxx] Login: "DRON12261<1><STEAM_ID_LAN><>" became an admin (account "loopback") (access "abcdefghijklmnopqrstu") (address "loopback")
L 11/17/2021 - 20:25:23: [admin.amxx] Login: "DRON12261<1><STEAM_ID_LAN><>" became an admin (account "loopback") (access "abcdefghijklmnopqrstu") (address "loopback")
L 11/17/2021 - 20:43:36: [mapchooser.amxx] Vote: Voting for the nextmap started
L 11/17/2021 - 20:43:51: [mapchooser.amxx] Vote: Voting for the nextmap finished. The nextmap will be cs_havana
L 11/17/2021 - 20:45:43: -------- Mapchange to cs_havana --------
L 11/17/2021 - 20:45:45: [admin.amxx] Login: "DRON12261<1><STEAM_ID_LAN><>" became an admin (account "loopback") (access "abcdefghijklmnopqrstu") (address "loopback")
L 11/17/2021 - 20:45:47: [admin.amxx] Login: "DRON12261<1><STEAM_ID_LAN><>" became an admin (account "loopback") (access "abcdefghijklmnopqrstu") (address "loopback")
L 11/17/2021 - 21:25:52: -------- Mapchange to de_dust2_cz --------
L 11/17/2021 - 21:26:01: Invalid multi-lingual line (file "czero\addons\amxmodx\data\lang\zombie_plague50.txt" line 1)
L 11/17/2021 - 21:26:02: [admin.amxx] Login: "DRON12261<1><STEAM_ID_LAN><>" became an admin (account "loopback") (access "abcdefghijklmnopqrstu") (address "loopback")
L 11/17/2021 - 21:26:09: [admin.amxx] Login: "DRON12261<1><STEAM_ID_LAN><>" became an admin (account "loopback") (access "abcdefghijklmnopqrstu") (address "loopback")
L 11/17/2021 - 23:14:56: -------- Mapchange to de_dust2_cz --------
L 11/17/2021 - 23:15:05: Invalid multi-lingual line (file "czero\addons\amxmodx\data\lang\zombie_plague50.txt" line 1)
L 11/17/2021 - 23:15:06: [admin.amxx] Login: "DRON12261<1><STEAM_ID_LAN><>" became an admin (account "loopback") (access "abcdefghijklmnopqrstu") (address "loopback")
L 11/17/2021 - 23:15:12: [admin.amxx] Login: "DRON12261<1><STEAM_ID_LAN><>" became an admin (account "loopback") (access "abcdefghijklmnopqrstu") (address "loopback")
L 11/17/2021 - 23:15:59: -------- Mapchange to de_dust2_cz --------
L 11/17/2021 - 23:16:03: Invalid multi-lingual line (file "czero\addons\amxmodx\data\lang\zombie_plague50.txt" line 1)
L 11/17/2021 - 23:16:03: [admin.amxx] Login: "DRON12261<1><STEAM_ID_LAN><>" became an admin (account "loopback") (access "abcdefghijklmnopqrstu") (address "loopback")
L 11/17/2021 - 23:16:05: [admin.amxx] Login: "DRON12261<1><STEAM_ID_LAN><>" became an admin (account "loopback") (access "abcdefghijklmnopqrstu") (address "loopback")
L 11/17/2021 - 23:24:47: -------- Mapchange to de_dust2_cz --------
L 11/17/2021 - 23:24:47: [AMXX] Plugin "statsx.amxx" failed to load: Module/Library Class "xstats" required for plugin.  Check modules.ini.
L 11/17/2021 - 23:24:47: [AMXX] Plugin "zp50_core.amxx" failed to load: Module/Library "cstrike" required for plugin.  Check modules.ini.
L 11/17/2021 - 23:24:47: [AMXX] Plugin "cs_player_models_api.amxx" failed to load: Module/Library "cstrike" required for plugin.  Check modules.ini.
L 11/17/2021 - 23:24:47: [AMXX] Plugin "cs_teams_api.amxx" failed to load: Module/Library "cstrike" required for plugin.  Check modules.ini.
L 11/17/2021 - 23:24:47: [AMXX] Plugin "cs_weap_models_api.amxx" failed to load: Module/Library "cstrike" required for plugin.  Check modules.ini.
L 11/17/2021 - 23:24:47: [AMXX] Plugin "cs_weap_restrict_api.amxx" failed to load: Module/Library "cstrike" required for plugin.  Check modules.ini.
L 11/17/2021 - 23:24:47: [AMXX] Plugin "zp50_class_survivor.amxx" failed to load: Module/Library "cstrike" required for plugin.  Check modules.ini.
L 11/17/2021 - 23:24:47: [AMXX] Plugin "zp50_class_sniper.amxx" failed to load: Module/Library "cstrike" required for plugin.  Check modules.ini.
L 11/17/2021 - 23:24:47: [AMXX] Plugin "zp50_human_armor.amxx" failed to load: Module/Library "cstrike" required for plugin.  Check modules.ini.
L 11/17/2021 - 23:24:47: [AMXX] Plugin "zp50_gamemodes.amxx" failed to load: Module/Library "cstrike" required for plugin.  Check modules.ini.
L 11/17/2021 - 23:24:47: [AMXX] Plugin "zp50_gamemode_infection.amxx" failed to load: Module/Library "cstrike" required for plugin.  Check modules.ini.
L 11/17/2021 - 23:24:47: [AMXX] Plugin "zp50_gamemode_multi.amxx" failed to load: Module/Library "cstrike" required for plugin.  Check modules.ini.
L 11/17/2021 - 23:24:47: [AMXX] Plugin "zp50_gamemode_swarm.amxx" failed to load: Module/Library "cstrike" required for plugin.  Check modules.ini.
L 11/17/2021 - 23:24:47: [AMXX] Plugin "zp50_gamemode_nemesis.amxx" failed to load: Module/Library "cstrike" required for plugin.  Check modules.ini.
L 11/17/2021 - 23:24:47: [AMXX] Plugin "zp50_gamemode_plague.amxx" failed to load: Module/Library "cstrike" required for plugin.  Check modules.ini.
L 11/17/2021 - 23:24:47: [AMXX] Plugin "zp50_gamemode_armageddon.amxx" failed to load: Module/Library "cstrike" required for plugin.  Check modules.ini.
L 11/17/2021 - 23:24:47: [AMXX] Plugin "zp50_gamemode_assassin.amxx" failed to load: Module/Library "cstrike" required for plugin.  Check modules.ini.
L 11/17/2021 - 23:24:47: [AMXX] Plugin "zp50_items_money.amxx" failed to load: Module/Library "cstrike" required for plugin.  Check modules.ini.
L 11/17/2021 - 23:24:47: [AMXX] Plugin "zp50_item_weapons.amxx" failed to load: Module/Library "cstrike" required for plugin.  Check modules.ini.
L 11/17/2021 - 23:24:47: [AMXX] Plugin "zp50_item_nightvision.amxx" failed to load: Module/Library "cstrike" required for plugin.  Check modules.ini.
L 11/17/2021 - 23:24:47: [AMXX] Plugin "zp50_item_zombie_madness.amxx" failed to load: Module/Library "cstrike" required for plugin.  Check modules.ini.
L 11/17/2021 - 23:24:47: [AMXX] Plugin "zp50_admin_commands.amxx" failed to load: Module/Library "cstrike" required for plugin.  Check modules.ini.
L 11/17/2021 - 23:24:47: [AMXX] Plugin "zp50_admin_menu.amxx" failed to load: Module/Library "cstrike" required for plugin.  Check modules.ini.
L 11/17/2021 - 23:24:47: [AMXX] Plugin "zp50_buy_menus.amxx" failed to load: Module/Library "cstrike" required for plugin.  Check modules.ini.
L 11/17/2021 - 23:24:47: [AMXX] Plugin "zp50_buy_zones.amxx" failed to load: Module/Library "cstrike" required for plugin.  Check modules.ini.
L 11/17/2021 - 23:24:47: [AMXX] Plugin "zp50_rewards_money.amxx" failed to load: Module/Library "cstrike" required for plugin.  Check modules.ini.
L 11/17/2021 - 23:24:47: [AMXX] Plugin "zp50_rewards_frags_hp.amxx" failed to load: Module/Library "cstrike" required for plugin.  Check modules.ini.
L 11/17/2021 - 23:24:47: [AMXX] Plugin "zp50_deathmatch.amxx" failed to load: Module/Library "cstrike" required for plugin.  Check modules.ini.
L 11/17/2021 - 23:24:47: [AMXX] Plugin "zp50_random_spawn.amxx" failed to load: Module/Library "cstrike" required for plugin.  Check modules.ini.
L 11/17/2021 - 23:24:47: [AMXX] Plugin "zp50_spawn_protection.amxx" failed to load: Module/Library "cstrike" required for plugin.  Check modules.ini.
L 11/17/2021 - 23:24:47: [AMXX] Plugin "zp50_human_ammo.amxx" failed to load: Module/Library "cstrike" required for plugin.  Check modules.ini.
L 11/17/2021 - 23:24:47: [AMXX] Plugin "zp50_nightvision.amxx" failed to load: Module/Library "cstrike" required for plugin.  Check modules.ini.
L 11/17/2021 - 23:24:47: [AMXX] Plugin "zp50_weapon_drop_strip.amxx" failed to load: Module/Library "cstrike" required for plugin.  Check modules.ini.
L 11/17/2021 - 23:24:47: [AMXX] Plugin "zp50_gameplay_fixes.amxx" failed to load: Module/Library "cstrike" required for plugin.  Check modules.ini.
L 11/17/2021 - 23:24:47: [AMXX] Plugin "zp50_hud_info.amxx" failed to load: Module/Library "cstrike" required for plugin.  Check modules.ini.
L 11/17/2021 - 23:24:47: [AMXX] Plugin "zp50_zp43_compat.amxx" failed to load: Module/Library "cstrike" required for plugin.  Check modules.ini.
L 11/17/2021 - 23:24:51: [admin.amxx] Login: "DRON12261<1><STEAM_ID_LAN><>" became an admin (account "loopback") (access "abcdefghijklmnopqrstu") (address "loopback")
L 11/17/2021 - 23:24:53: [admin.amxx] Login: "DRON12261<1><STEAM_ID_LAN><>" became an admin (account "loopback") (access "abcdefghijklmnopqrstu") (address "loopback")
L 11/17/2021 - 23:30:02: -------- Mapchange to de_dust2_cz --------
L 11/17/2021 - 23:30:12: [admin.amxx] Login: "DRON12261<1><STEAM_ID_LAN><>" became an admin (account "loopback") (access "abcdefghijklmnopqrstu") (address "loopback")
L 11/17/2021 - 23:30:33: [admin.amxx] Login: "DRON12261<1><STEAM_ID_LAN><>" became an admin (account "loopback") (access "abcdefghijklmnopqrstu") (address "loopback")
L 11/17/2021 - 23:47:50: -------- Mapchange to de_dust2_cz --------
L 11/17/2021 - 23:47:53: [admin.amxx] Login: "DRON12261<1><STEAM_ID_LAN><>" became an admin (account "loopback") (access "abcdefghijklmnopqrstuv") (address "loopback")
L 11/17/2021 - 23:47:55: [admin.amxx] Login: "DRON12261<1><STEAM_ID_LAN><>" became an admin (account "loopback") (access "abcdefghijklmnopqrstuv") (address "loopback")
