L 11/16/2021 - 00:17:21: -------- Mapchange to cs_office_cz --------
L 11/16/2021 - 00:17:28: [admin.amxx] Login: "Player<1><STEAM_ID_LAN><>" became an admin (account "loopback") (access "abcdefghijklmnopqrstu") (address "loopback")
L 11/16/2021 - 00:17:33: [admin.amxx] Login: "Player<1><STEAM_ID_LAN><>" became an admin (account "loopback") (access "abcdefghijklmnopqrstu") (address "loopback")
L 11/16/2021 - 00:24:27: -------- Mapchange to de_vostok_cz --------
L 11/16/2021 - 00:24:50: -------- Mapchange to de_vostok_cz --------
L 11/16/2021 - 00:24:54: [admin.amxx] Login: "Player<1><STEAM_ID_LAN><>" became an admin (account "loopback") (access "abcdefghijklmnopqrstu") (address "loopback")
L 11/16/2021 - 00:24:57: [admin.amxx] Login: "Player<1><STEAM_ID_LAN><>" became an admin (account "loopback") (access "abcdefghijklmnopqrstu") (address "loopback")
L 11/16/2021 - 00:32:47: -------- Mapchange to de_survivor --------
L 11/16/2021 - 00:32:52: [admin.amxx] Login: "Player<1><STEAM_ID_LAN><>" became an admin (account "loopback") (access "abcdefghijklmnopqrstu") (address "loopback")
L 11/16/2021 - 00:32:54: [admin.amxx] Login: "Player<1><STEAM_ID_LAN><>" became an admin (account "loopback") (access "abcdefghijklmnopqrstu") (address "loopback")
L 11/16/2021 - 00:35:06: -------- Mapchange to de_survivor --------
L 11/16/2021 - 00:35:10: [admin.amxx] Login: "Player<1><STEAM_ID_LAN><>" became an admin (account "loopback") (access "abcdefghijklmnopqrstu") (address "loopback")
L 11/16/2021 - 00:35:12: [admin.amxx] Login: "Player<1><STEAM_ID_LAN><>" became an admin (account "loopback") (access "abcdefghijklmnopqrstu") (address "loopback")
L 11/16/2021 - 00:36:57: -------- Mapchange to de_survivor --------
L 11/16/2021 - 00:37:00: [admin.amxx] Login: "Player<1><STEAM_ID_LAN><>" became an admin (account "loopback") (access "abcdefghijklmnopqrstu") (address "loopback")
L 11/16/2021 - 00:37:02: [admin.amxx] Login: "Player<1><STEAM_ID_LAN><>" became an admin (account "loopback") (access "abcdefghijklmnopqrstu") (address "loopback")
L 11/16/2021 - 00:37:41: -------- Mapchange to de_survivor --------
L 11/16/2021 - 00:37:43: [admin.amxx] Login: "Player<2><STEAM_ID_LAN><>" became an admin (account "loopback") (access "abcdefghijklmnopqrstu") (address "loopback")
L 11/16/2021 - 00:37:45: [admin.amxx] Login: "Player<2><STEAM_ID_LAN><>" became an admin (account "loopback") (access "abcdefghijklmnopqrstu") (address "loopback")
L 11/16/2021 - 02:37:23: -------- Mapchange to de_sienna_cz --------
L 11/16/2021 - 02:37:29: [admin.amxx] Login: "Player<1><STEAM_ID_LAN><>" became an admin (account "loopback") (access "abcdefghijklmnopqrstu") (address "loopback")
L 11/16/2021 - 02:37:33: [admin.amxx] Login: "Player<1><STEAM_ID_LAN><>" became an admin (account "loopback") (access "abcdefghijklmnopqrstu") (address "loopback")
L 11/16/2021 - 02:43:20: -------- Mapchange to de_sienna_cz --------
L 11/16/2021 - 02:43:23: [admin.amxx] Login: "Player<1><STEAM_ID_LAN><>" became an admin (account "loopback") (access "abcdefghijklmnopqrstu") (address "loopback")
L 11/16/2021 - 02:43:25: [admin.amxx] Login: "Player<1><STEAM_ID_LAN><>" became an admin (account "loopback") (access "abcdefghijklmnopqrstu") (address "loopback")
L 11/16/2021 - 03:01:24: [mapchooser.amxx] Vote: Voting for the nextmap started
L 11/16/2021 - 03:01:39: [mapchooser.amxx] Vote: Voting for the nextmap finished. The nextmap will be de_dust2
L 11/16/2021 - 03:03:42: -------- Mapchange to de_dust2 --------
L 11/16/2021 - 03:03:45: [admin.amxx] Login: "Player<1><STEAM_ID_LAN><>" became an admin (account "loopback") (access "abcdefghijklmnopqrstu") (address "loopback")
L 11/16/2021 - 03:03:46: [admin.amxx] Login: "Player<1><STEAM_ID_LAN><>" became an admin (account "loopback") (access "abcdefghijklmnopqrstu") (address "loopback")
L 11/16/2021 - 15:37:43: -------- Mapchange to de_sienna_cz --------
L 11/16/2021 - 15:38:07: [admin.amxx] Login: "Player<1><STEAM_ID_LAN><>" became an admin (account "loopback") (access "abcdefghijklmnopqrstu") (address "loopback")
L 11/16/2021 - 15:42:37: -------- Mapchange to de_sienna_cz --------
L 11/16/2021 - 15:42:46: [admin.amxx] Login: "Player<1><STEAM_ID_LAN><>" became an admin (account "loopback") (access "abcdefghijklmnopqrstu") (address "loopback")
L 11/16/2021 - 15:45:05: -------- Mapchange to de_sienna_cz --------
L 11/16/2021 - 15:45:21: [admin.amxx] Login: "Player<1><STEAM_ID_LAN><>" became an admin (account "loopback") (access "abcdefghijklmnopqrstu") (address "loopback")
L 11/16/2021 - 15:45:24: [admin.amxx] Login: "Player<1><STEAM_ID_LAN><>" became an admin (account "loopback") (access "abcdefghijklmnopqrstu") (address "loopback")
L 11/16/2021 - 15:50:24: [admincmd.amxx] Kick: "Player<1><STEAM_ID_LAN><>" kick "Player<1><STEAM_ID_LAN><>" (reason "")
L 11/16/2021 - 17:38:04: -------- Mapchange to de_prodigy_cz --------
L 11/16/2021 - 17:38:08: [admin.amxx] Login: "Player<1><STEAM_ID_LAN><>" became an admin (account "loopback") (access "abcdefghijklmnopqrstu") (address "loopback")
L 11/16/2021 - 17:38:10: [admin.amxx] Login: "Player<1><STEAM_ID_LAN><>" became an admin (account "loopback") (access "abcdefghijklmnopqrstu") (address "loopback")
L 11/16/2021 - 17:44:46: -------- Mapchange to de_corruption_cz --------
L 11/16/2021 - 17:44:52: [admin.amxx] Login: "Player<1><STEAM_ID_LAN><>" became an admin (account "loopback") (access "abcdefghijklmnopqrstu") (address "loopback")
L 11/16/2021 - 17:44:54: [admin.amxx] Login: "Player<1><STEAM_ID_LAN><>" became an admin (account "loopback") (access "abcdefghijklmnopqrstu") (address "loopback")
L 11/16/2021 - 19:30:29: -------- Mapchange to de_corruption_cz --------
L 11/16/2021 - 19:30:33: [admin.amxx] Login: "Player<1><STEAM_ID_LAN><>" became an admin (account "loopback") (access "abcdefghijklmnopqrstu") (address "loopback")
L 11/16/2021 - 19:30:35: [admin.amxx] Login: "Player<1><STEAM_ID_LAN><>" became an admin (account "loopback") (access "abcdefghijklmnopqrstu") (address "loopback")
L 11/16/2021 - 19:51:59: -------- Mapchange to de_corruption_cz --------
L 11/16/2021 - 19:52:02: [admin.amxx] Login: "Player<1><STEAM_ID_LAN><>" became an admin (account "loopback") (access "abcdefghijklmnopqrstu") (address "loopback")
L 11/16/2021 - 19:52:04: [admin.amxx] Login: "Player<1><STEAM_ID_LAN><>" became an admin (account "loopback") (access "abcdefghijklmnopqrstu") (address "loopback")
L 11/16/2021 - 19:54:32: -------- Mapchange to de_fastline_cz --------
L 11/16/2021 - 19:54:36: [admin.amxx] Login: "Player<1><STEAM_ID_LAN><>" became an admin (account "loopback") (access "abcdefghijklmnopqrstu") (address "loopback")
L 11/16/2021 - 19:54:38: [admin.amxx] Login: "Player<1><STEAM_ID_LAN><>" became an admin (account "loopback") (access "abcdefghijklmnopqrstu") (address "loopback")
L 11/16/2021 - 19:59:06: -------- Mapchange to de_fastline_cz --------
L 11/16/2021 - 19:59:09: [admin.amxx] Login: "Player<1><STEAM_ID_LAN><>" became an admin (account "loopback") (access "abcdefghijklmnopqrstu") (address "loopback")
L 11/16/2021 - 19:59:11: [admin.amxx] Login: "Player<1><STEAM_ID_LAN><>" became an admin (account "loopback") (access "abcdefghijklmnopqrstu") (address "loopback")
L 11/16/2021 - 20:02:58: -------- Mapchange to de_fastline_cz --------
L 11/16/2021 - 20:03:02: [admin.amxx] Login: "Player<1><STEAM_ID_LAN><>" became an admin (account "loopback") (access "abcdefghijklmnopqrstu") (address "loopback")
L 11/16/2021 - 20:03:04: [admin.amxx] Login: "Player<1><STEAM_ID_LAN><>" became an admin (account "loopback") (access "abcdefghijklmnopqrstu") (address "loopback")
L 11/16/2021 - 21:21:43: -------- Mapchange to de_fastline_cz --------
L 11/16/2021 - 21:21:47: [admin.amxx] Login: "Player<1><STEAM_ID_LAN><>" became an admin (account "loopback") (access "abcdefghijklmnopqrstu") (address "loopback")
L 11/16/2021 - 21:21:49: [admin.amxx] Login: "Player<1><STEAM_ID_LAN><>" became an admin (account "loopback") (access "abcdefghijklmnopqrstu") (address "loopback")
L 11/16/2021 - 21:29:15: -------- Mapchange to de_fastline_cz --------
L 11/16/2021 - 21:29:18: Invalid multi-lingual line (file "czero\addons\amxmodx\data\lang\zombie_plague50.txt" line 1)
L 11/16/2021 - 21:29:19: [admin.amxx] Login: "Player<1><STEAM_ID_LAN><>" became an admin (account "loopback") (access "abcdefghijklmnopqrstu") (address "loopback")
L 11/16/2021 - 21:29:21: [admin.amxx] Login: "Player<1><STEAM_ID_LAN><>" became an admin (account "loopback") (access "abcdefghijklmnopqrstu") (address "loopback")
L 11/16/2021 - 23:57:32: -------- Mapchange to cs_militia_cz --------
L 11/16/2021 - 23:57:41: Invalid multi-lingual line (file "czero\addons\amxmodx\data\lang\zombie_plague50.txt" line 1)
L 11/16/2021 - 23:57:42: [admin.amxx] Login: "Player<1><STEAM_ID_LAN><>" became an admin (account "loopback") (access "abcdefghijklmnopqrstu") (address "loopback")
L 11/16/2021 - 23:57:49: [admin.amxx] Login: "Player<1><STEAM_ID_LAN><>" became an admin (account "loopback") (access "abcdefghijklmnopqrstu") (address "loopback")
