L 11/19/2021 - 12:15:46: Log file started (file "czero\addons\amxmodx\logs\ZombiePlague_20211119.log") (game "czero") (amx "1.9.0.5263")
L 11/19/2021 - 12:15:46: ADMIN DRON12261 <STEAM_ID_LAN><loopback> - start Game Mode: Nemesis Mode (Players: 12)
L 11/19/2021 - 12:16:17: ADMIN DRON12261 <STEAM_ID_LAN><loopback> - start Game Mode: Survivor Mode (Players: 12)
L 11/19/2021 - 12:17:26: ADMIN DRON12261 <STEAM_ID_LAN><loopback> - start Game Mode: Survivor Mode (Players: 12)
L 11/19/2021 - 12:18:22: ADMIN DRON12261 <STEAM_ID_LAN><loopback> - start Game Mode: Plague Mode (Players: 12)
L 11/19/2021 - 12:18:43: ADMIN DRON12261 <STEAM_ID_LAN><loopback> - start Game Mode: Sniper Mode (Players: 12)
L 11/19/2021 - 12:25:34: ADMIN DRON12261 <STEAM_ID_LAN><loopback> - start Game Mode: Sniper Mode (Players: 12)
L 11/19/2021 - 12:26:55: ADMIN DRON12261 <STEAM_ID_LAN><loopback> - start Game Mode: Survivor Mode (Players: 12)
L 11/19/2021 - 12:28:11: ADMIN DRON12261 <STEAM_ID_LAN><loopback> - start Game Mode: Sniper Mode (Players: 12)
L 11/19/2021 - 12:31:35: ADMIN DRON12261 <STEAM_ID_LAN><loopback> - start Game Mode: Sniper Mode (Players: 12)
L 11/19/2021 - 12:32:15: ADMIN DRON12261 <STEAM_ID_LAN><loopback> - start Game Mode: Sniper Mode (Players: 12)
L 11/19/2021 - 12:41:47: ADMIN DRON12261 <STEAM_ID_LAN><loopback> - start Game Mode: Sniper Mode (Players: 12)
L 11/19/2021 - 12:42:11: ADMIN DRON12261 <STEAM_ID_LAN><loopback> - start Game Mode: Sniper Mode (Players: 12)
L 11/19/2021 - 12:42:23: ADMIN DRON12261 <STEAM_ID_LAN><loopback> - start Game Mode: Sniper Mode (Players: 12)
L 11/19/2021 - 12:43:02: ADMIN DRON12261 <STEAM_ID_LAN><loopback> - start Game Mode: Armageddon Mode (Players: 12)
L 11/19/2021 - 15:05:05: ADMIN DRON12261 <STEAM_ID_LAN><loopback> - start Game Mode: Plague Mode (Players: 12)
L 11/19/2021 - 15:06:49: ADMIN DRON12261 <STEAM_ID_LAN><loopback> - start Game Mode: Armageddon Mode (Players: 12)
L 11/19/2021 - 15:58:49: ADMIN DRON12261 <STEAM_ID_LAN><loopback> - start Game Mode: Armageddon Mode (Players: 12)
L 11/19/2021 - 16:02:37: ADMIN DRON12261 <STEAM_ID_LAN><loopback> - start Game Mode: Plague Mode (Players: 12)
L 11/19/2021 - 16:04:27: ADMIN DRON12261 <STEAM_ID_LAN><loopback> - DRON12261 turned into a Sniper (Players: 12)
L 11/19/2021 - 16:08:03: ADMIN DRON12261 <STEAM_ID_LAN><loopback> - Zero turned into a Sniper (Players: 12)
L 11/19/2021 - 16:24:33: ADMIN DRON12261 <STEAM_ID_LAN><loopback> - start Game Mode: Sniper Mode (Players: 12)
L 11/19/2021 - 16:27:41: ADMIN DRON12261 <STEAM_ID_LAN><loopback> - DRON12261 turned into a Sniper (Players: 12)
L 11/19/2021 - 16:31:52: ADMIN DRON12261 <STEAM_ID_LAN><loopback> - DRON12261 turned into a Assassin (Players: 12)
L 11/19/2021 - 16:35:59: ADMIN DRON12261 <STEAM_ID_LAN><loopback> - DRON12261 turned into a Assassin (Players: 12)
L 11/19/2021 - 16:38:48: ADMIN DRON12261 <STEAM_ID_LAN><loopback> - DRON12261 turned into a Sniper (Players: 12)
L 11/19/2021 - 16:39:17: ADMIN DRON12261 <STEAM_ID_LAN><loopback> - start Game Mode: Assassin Mode (Players: 12)
L 11/19/2021 - 16:42:09: ADMIN DRON12261 <STEAM_ID_LAN><loopback> - DRON12261 turned into a Assassin (Players: 12)
L 11/19/2021 - 16:44:10: ADMIN DRON12261 <STEAM_ID_LAN><loopback> - FB turned into a Sniper (Players: 12)
L 11/19/2021 - 18:40:46: ADMIN DRON12261 <STEAM_ID_LAN><loopback> - start Game Mode: Armageddon Mode (Players: 12)
L 11/19/2021 - 18:45:52: ADMIN DRON12261 <STEAM_ID_LAN><loopback> - start Game Mode: Plague Mode (Players: 12)
L 11/19/2021 - 18:48:30: ADMIN DRON12261 <STEAM_ID_LAN><loopback> - start Game Mode: Plague Mode (Players: 12)
L 11/19/2021 - 18:50:17: ADMIN DRON12261 <STEAM_ID_LAN><loopback> - start Game Mode: Plague Mode (Players: 12)
L 11/19/2021 - 18:53:17: ADMIN DRON12261 <STEAM_ID_LAN><loopback> - DRON12261 turned into a Assassin (Players: 12)
L 11/19/2021 - 18:55:59: ADMIN DRON12261 <STEAM_ID_LAN><loopback> - DRON12261 turned into a Assassin (Players: 12)
L 11/19/2021 - 18:57:29: ADMIN DRON12261 <STEAM_ID_LAN><loopback> - DRON12261 turned into a Sniper (Players: 12)
L 11/19/2021 - 19:02:40: ADMIN DRON12261 <STEAM_ID_LAN><loopback> - start Game Mode: Armageddon Mode (Players: 12)
L 11/19/2021 - 19:03:49: ADMIN DRON12261 <STEAM_ID_LAN><loopback> - start Game Mode: Armageddon Mode (Players: 12)
L 11/19/2021 - 21:49:51: ADMIN DRON12261 <STEAM_ID_LAN><loopback> - DRON12261 turned into a Assassin (Players: 12)
L 11/19/2021 - 21:51:43: ADMIN DRON12261 <STEAM_ID_LAN><loopback> - DRON12261 turned into a Assassin (Players: 12)
L 11/19/2021 - 21:52:58: ADMIN DRON12261 <STEAM_ID_LAN><loopback> - start Game Mode: Armageddon Mode (Players: 12)
