L 11/18/2021 - 00:40:02: Log file started (file "czero\addons\amxmodx\logs\ZombiePlague_20211118.log") (game "czero") (amx "1.8.3-dev+5151")
L 11/18/2021 - 00:40:02: ADMIN DRON12261 <STEAM_ID_LAN><loopback> - start Game Mode: Nemesis Mode (Players: 12)
L 11/18/2021 - 01:18:12: ADMIN DRON12261 <STEAM_ID_LAN><loopback> - start Game Mode: Armageddon Mode (Players: 12)
L 11/18/2021 - 01:19:10: ADMIN DRON12261 <STEAM_ID_LAN><loopback> - start Game Mode: Assassin Mode (Players: 12)
L 11/18/2021 - 01:21:14: ADMIN DRON12261 <STEAM_ID_LAN><loopback> - DRON12261 turned into a Assassin (Players: 12)
L 11/18/2021 - 01:26:22: ADMIN DRON12261 <STEAM_ID_LAN><loopback> - DRON12261 turned into a Sniper (Players: 12)
L 11/18/2021 - 01:30:34: ADMIN DRON12261 <STEAM_ID_LAN><loopback> - start Game Mode: Assassin Mode (Players: 12)
L 11/18/2021 - 01:30:49: ADMIN DRON12261 <STEAM_ID_LAN><loopback> - start Game Mode: Multiple Infection Mode (Players: 12)
L 11/18/2021 - 01:30:59: ADMIN DRON12261 <STEAM_ID_LAN><loopback> - start Game Mode: Swarm Mode (Players: 12)
L 11/18/2021 - 01:31:10: ADMIN DRON12261 <STEAM_ID_LAN><loopback> - start Game Mode: Nemesis Mode (Players: 12)
L 11/18/2021 - 01:31:22: ADMIN DRON12261 <STEAM_ID_LAN><loopback> - start Game Mode: Survivor Mode (Players: 12)
L 11/18/2021 - 01:31:33: ADMIN DRON12261 <STEAM_ID_LAN><loopback> - start Game Mode: Plague Mode (Players: 12)
L 11/18/2021 - 01:32:25: ADMIN DRON12261 <STEAM_ID_LAN><loopback> - start Game Mode: Armageddon Mode (Players: 12)
L 11/18/2021 - 05:21:04: ADMIN DRON12261 <STEAM_ID_LAN><loopback> - start Game Mode: Infection Mode (Players: 12)
L 11/18/2021 - 10:03:03: ADMIN DRON12261 <STEAM_ID_LAN><loopback> - start Game Mode: Assassin Mode (Players: 12)
L 11/18/2021 - 10:03:52: ADMIN DRON12261 <STEAM_ID_LAN><loopback> - start Game Mode: Sniper Mode (Players: 12)
L 11/18/2021 - 10:17:11: ADMIN DRON12261 <STEAM_ID_LAN><loopback> - start Game Mode: Nemesis Mode (Players: 12)
L 11/18/2021 - 10:42:17: ADMIN DRON12261 <STEAM_ID_LAN><loopback> - start Game Mode: Nemesis Mode (Players: 12)
L 11/18/2021 - 10:50:19: ADMIN DRON12261 <STEAM_ID_LAN><loopback> - start Game Mode: Nemesis Mode (Players: 12)
L 11/18/2021 - 10:57:26: ADMIN DRON12261 <STEAM_ID_LAN><loopback> - start Game Mode: Nemesis Mode (Players: 12)
L 11/18/2021 - 11:07:03: ADMIN DRON12261 <STEAM_ID_LAN><loopback> - start Game Mode: Nemesis Mode (Players: 12)
L 11/18/2021 - 11:09:44: ADMIN DRON12261 <STEAM_ID_LAN><loopback> - start Game Mode: Nemesis Mode (Players: 12)
L 11/18/2021 - 11:14:54: ADMIN DRON12261 <STEAM_ID_LAN><loopback> - start Game Mode: Nemesis Mode (Players: 12)
L 11/18/2021 - 11:17:13: ADMIN DRON12261 <STEAM_ID_LAN><loopback> - start Game Mode: Assassin Mode (Players: 12)
L 11/18/2021 - 11:22:11: ADMIN DRON12261 <STEAM_ID_LAN><loopback> - start Game Mode: Assassin Mode (Players: 12)
L 11/18/2021 - 11:27:44: ADMIN DRON12261 <STEAM_ID_LAN><loopback> - start Game Mode: Infection Mode (Players: 12)
L 11/18/2021 - 11:53:24: ADMIN DRON12261 <STEAM_ID_LAN><loopback> - start Game Mode: Swarm Mode (Players: 12)
L 11/18/2021 - 11:54:00: ADMIN DRON12261 <STEAM_ID_LAN><loopback> - start Game Mode: Nemesis Mode (Players: 12)
L 11/18/2021 - 11:54:34: ADMIN DRON12261 <STEAM_ID_LAN><loopback> - start Game Mode: Multiple Infection Mode (Players: 12)
L 11/18/2021 - 11:55:19: ADMIN DRON12261 <STEAM_ID_LAN><loopback> - start Game Mode: Infection Mode (Players: 12)
L 11/18/2021 - 11:57:31: ADMIN DRON12261 <STEAM_ID_LAN><loopback> - start Game Mode: Sniper Mode (Players: 12)
L 11/18/2021 - 12:00:41: ADMIN DRON12261 <STEAM_ID_LAN><loopback> - start Game Mode: Sniper Mode (Players: 12)
L 11/18/2021 - 12:00:58: ADMIN DRON12261 <STEAM_ID_LAN><loopback> - start Game Mode: Infection Mode (Players: 12)
